Change Component Designator: OldDesignator=C47 NewDesignator=C51
Change Component Designator: OldDesignator=C48 NewDesignator=C52
Change Component Designator: OldDesignator=C49 NewDesignator=C53
Change Component Designator: OldDesignator=C50 NewDesignator=C54
Change Component Designator: OldDesignator=C51 NewDesignator=C47
Change Component Designator: OldDesignator=C52 NewDesignator=C48
Change Component Designator: OldDesignator=C53 NewDesignator=C49
Change Component Designator: OldDesignator=C54 NewDesignator=C50
Change Component Designator: OldDesignator=L15 NewDesignator=L19
Change Component Designator: OldDesignator=L16 NewDesignator=L15
Added Component: Designator=L16(L 0603_L)
Add component (AddParameter): Name = "BOM名称"; Value = "小功率贴片电感"; VariantName = "[No Variations]"
Add component (AddParameter): Name = "学习资源"; Value = "www.ooocke.com"; VariantName = "[No Variations]"
Add component (AddParameter): Name = "版权归属"; Value = "源创客"; VariantName = "[No Variations]"
Added Component: Designator=L17(L 0603_L)
Add component (AddParameter): Name = "BOM名称"; Value = "小功率贴片电感"; VariantName = "[No Variations]"
Add component (AddParameter): Name = "学习资源"; Value = "www.ooocke.com"; VariantName = "[No Variations]"
Add component (AddParameter): Name = "版权归属"; Value = "源创客"; VariantName = "[No Variations]"
Added Component: Designator=L18(L 0603_L)
Add component (AddParameter): Name = "BOM名称"; Value = "小功率贴片电感"; VariantName = "[No Variations]"
Add component (AddParameter): Name = "学习资源"; Value = "www.ooocke.com"; VariantName = "[No Variations]"
Add component (AddParameter): Name = "版权归属"; Value = "源创客"; VariantName = "[No Variations]"
Added Component: Designator=L20(L 0603_L)
Add component (AddParameter): Name = "BOM名称"; Value = "小功率贴片电感"; VariantName = "[No Variations]"
Add component (AddParameter): Name = "学习资源"; Value = "www.ooocke.com"; VariantName = "[No Variations]"
Add component (AddParameter): Name = "版权归属"; Value = "源创客"; VariantName = "[No Variations]"
Added Component: Designator=L21(L 0603_L)
Add component (AddParameter): Name = "BOM名称"; Value = "小功率贴片电感"; VariantName = "[No Variations]"
Add component (AddParameter): Name = "学习资源"; Value = "www.ooocke.com"; VariantName = "[No Variations]"
Add component (AddParameter): Name = "版权归属"; Value = "源创客"; VariantName = "[No Variations]"
Added Component: Designator=L22(L 0603_L)
Add component (AddParameter): Name = "BOM名称"; Value = "小功率贴片电感"; VariantName = "[No Variations]"
Add component (AddParameter): Name = "学习资源"; Value = "www.ooocke.com"; VariantName = "[No Variations]"
Add component (AddParameter): Name = "版权归属"; Value = "源创客"; VariantName = "[No Variations]"
Added Pin To Net: NetName=+3 Pin=L16-1
Added Pin To Net: NetName=NetC51_2 Pin=L16-2
Added Pin To Net: NetName=+3 Pin=L17-1
Added Pin To Net: NetName=NetC51_2 Pin=L17-2
Added Pin To Net: NetName=+3 Pin=L18-1
Added Pin To Net: NetName=NetC51_2 Pin=L18-2
Added Pin To Net: NetName=D3V Pin=L20-1
Added Pin To Net: NetName=NetC47_2 Pin=L20-2
Added Pin To Net: NetName=D3V Pin=L21-1
Added Pin To Net: NetName=NetC47_2 Pin=L21-2
Added Pin To Net: NetName=D3V Pin=L22-1
Added Pin To Net: NetName=NetC47_2 Pin=L22-2
Change Net Name : Old Net Name=NetC47_2 New Net Name=NetC51_2
Change Net Name : Old Net Name=NetC51_2 New Net Name=NetC47_2
Added Member To Class: ClassName=ANALOG_PART Member=Component C2 22NF
Added Member To Class: ClassName=ANALOG_PART Member=Component C4 22UF
Added Member To Class: ClassName=ANALOG_PART Member=Component C5 22UF
Added Member To Class: ClassName=ANALOG_PART Member=Component C27 22UF
Added Member To Class: ClassName=ANALOG_PART Member=Component C32 47uF
Added Member To Class: ClassName=ANALOG_PART Member=Component C40 22uF
Added Member To Class: ClassName=ANALOG_PART Member=Component C41 0.1uF
Added Member To Class: ClassName=ANALOG_PART Member=Component C42 22uF
Added Member To Class: ClassName=ANALOG_PART Member=Component C43 0.1uF
Added Member To Class: ClassName=ANALOG_PART Member=Component L10 10uH
Added Member To Class: ClassName=ANALOG_PART Member=Component L11 10uH
Added Member To Class: ClassName=ANALOG_PART Member=Component L12 10uH
Added Member To Class: ClassName=ANALOG_PART Member=Component L13 10uH
Added Member To Class: ClassName=AtoD_PART Member=Component L17 10uH
Added Member To Class: ClassName=AtoD_PART Member=Component L18 10uH
Added Member To Class: ClassName=AtoD_PART Member=Component L19 10uH
Added Member To Class: ClassName=AtoD_PART Member=Component L20 10uH
Added Member To Class: ClassName=AtoD_PART Member=Component L21 10uH
Added Member To Class: ClassName=AtoD_PART Member=Component L22 10uH
Added Member To Class: ClassName=ANALOG_PART Member=Component U13 MCP4725
Added Member To Class: ClassName=ANALOG_PART Member=Component U15 MCP4725
