Removed Pin From Net: NetName=+3 Pin=R30-1
Removed Pin From Net: NetName=Net1_23 Pin=R30-2
Removed Pin From Net: NetName=+3 Pin=R32-1
Removed Pin From Net: NetName=Net1_21 Pin=R32-2
Removed Pin From Net: NetName=DGND Pin=R33-1
Removed Pin From Net: NetName=Net1_22 Pin=R33-2
Removed Member From Class: ClassName=ANALOG_PART1 Member=L1
Removed Member From Class: ClassName=ANALOG_PART1 Member=L2
Removed Member From Class: ClassName=ANALOG_PART1 Member=L3
Removed Member From Class: ClassName=ANALOG_PART1 Member=L4
Removed Member From Class: ClassName=ANALOG_PART1 Member=L5
Removed Member From Class: ClassName=ANALOG_PART1 Member=L6
Removed Member From Class: ClassName=ANALOG_PART1 Member=L7
Removed Member From Class: ClassName=ANALOG_PART1 Member=L8
Removed Member From Class: ClassName=AtoD_PART Member=R30
Removed Member From Class: ClassName=AtoD_PART Member=R32
Added Component: Designator=JP1(SMA-KE-LI)
Add component (AddParameter): Name = "BOM名称"; Value = "SMA-2.4G射频天线接口"; VariantName = "[No Variations]"
Add component (AddParameter): Name = "学习资源"; Value = "www.ooocke.com"; VariantName = "[No Variations]"
Add component (AddParameter): Name = "版权归属"; Value = "源创客"; VariantName = "[No Variations]"
Added Component: Designator=JP2(SMA-KE-LI)
Add component (AddParameter): Name = "BOM名称"; Value = "SMA-2.4G射频天线接口"; VariantName = "[No Variations]"
Add component (AddParameter): Name = "学习资源"; Value = "www.ooocke.com"; VariantName = "[No Variations]"
Add component (AddParameter): Name = "版权归属"; Value = "源创客"; VariantName = "[No Variations]"
Added Component: Designator=SP2(M2)
Add component (AddParameter): Name = "BOM名称"; Value = "铜柱"; VariantName = "[No Variations]"
Add component (AddParameter): Name = "学习资源"; Value = "www.ooocke.com"; VariantName = "[No Variations]"
Add component (AddParameter): Name = "版权归属"; Value = "源创客"; VariantName = "[No Variations]"
Added Component: Designator=SP3(M2)
Add component (AddParameter): Name = "BOM名称"; Value = "铜柱"; VariantName = "[No Variations]"
Add component (AddParameter): Name = "学习资源"; Value = "www.ooocke.com"; VariantName = "[No Variations]"
Add component (AddParameter): Name = "版权归属"; Value = "源创客"; VariantName = "[No Variations]"
Added Component: Designator=SP4(M2)
Add component (AddParameter): Name = "BOM名称"; Value = "铜柱"; VariantName = "[No Variations]"
Add component (AddParameter): Name = "学习资源"; Value = "www.ooocke.com"; VariantName = "[No Variations]"
Add component (AddParameter): Name = "版权归属"; Value = "源创客"; VariantName = "[No Variations]"
Added Component: Designator=SP5(M2)
Add component (AddParameter): Name = "BOM名称"; Value = "铜柱"; VariantName = "[No Variations]"
Add component (AddParameter): Name = "学习资源"; Value = "www.ooocke.com"; VariantName = "[No Variations]"
Add component (AddParameter): Name = "版权归属"; Value = "源创客"; VariantName = "[No Variations]"
Added Pin To Net: NetName=NetC2_1 Pin=JP1-1
Added Pin To Net: NetName=DGND Pin=JP1-2
Added Pin To Net: NetName=DGND Pin=JP1-2
Added Pin To Net: NetName=DGND Pin=JP1-3
Added Pin To Net: NetName=DGND Pin=JP1-3
Added Pin To Net: NetName=NetC58_1 Pin=JP2-1
Added Pin To Net: NetName=DGND Pin=JP2-2
Added Pin To Net: NetName=DGND Pin=JP2-2
Added Pin To Net: NetName=DGND Pin=JP2-3
Added Pin To Net: NetName=DGND Pin=JP2-3
Added Pin To Net: NetName=DGND Pin=SP2-1
Added Pin To Net: NetName=DGND Pin=SP3-1
Added Pin To Net: NetName=DGND Pin=SP4-1
Added Pin To Net: NetName=DGND Pin=SP5-1
Added Member To Class: ClassName=ANALOG_PART1 Member=Component B1 1K
Added Member To Class: ClassName=ANALOG_PART1 Member=Component B2 1K
Added Member To Class: ClassName=ANALOG_PART1 Member=Component B3 1K
Added Member To Class: ClassName=ANALOG_PART1 Member=Component B4 1K
Added Member To Class: ClassName=ANALOG_PART1 Member=Component B5 1K
Added Member To Class: ClassName=ANALOG_PART1 Member=Component B6 1K
Added Member To Class: ClassName=ANALOG_PART1 Member=Component B7 1K
Added Member To Class: ClassName=ANALOG_PART1 Member=Component B8 1K
Added Member To Class: ClassName=ANALOG_PART1 Member=Component B9 1K
Added Member To Class: ClassName=ANALOG_PART1 Member=Component B10 1K
Added Member To Class: ClassName=ANALOG_PART1 Member=Component B11 1K
Added Member To Class: ClassName=ANALOG_PART1 Member=Component B12 1K
Added Member To Class: ClassName=ANALOG_PART1 Member=Component B13 1K
Added Member To Class: ClassName=ANALOG_PART1 Member=Component B14 1K
Added Member To Class: ClassName=ANALOG_PART2 Member=Component B15 1K
Added Member To Class: ClassName=ANALOG_PART2 Member=Component B16 1K
Added Member To Class: ClassName=ANALOG_PART2 Member=Component B17 1K
Added Member To Class: ClassName=ANALOG_PART2 Member=Component B18 1K
Added Member To Class: ClassName=ANALOG_PART2 Member=Component B19 1K
Added Member To Class: ClassName=ANALOG_PART2 Member=Component B20 1K
Added Member To Class: ClassName=ANALOG_PART2 Member=Component B21 1K
Added Member To Class: ClassName=ANALOG_PART2 Member=Component B22 1K
Added Member To Class: ClassName=ANALOG_PART2 Member=Component B23 1K
Added Member To Class: ClassName=ANALOG_PART2 Member=Component B24 1K
Added Member To Class: ClassName=ANALOG_PART2 Member=Component B25 1K
Added Member To Class: ClassName=ANALOG_PART2 Member=Component B26 1K
Added Member To Class: ClassName=ANALOG_PART2 Member=Component B27 1K
Added Member To Class: ClassName=ANALOG_PART2 Member=Component B28 1K
Added Member To Class: ClassName=AtoD_PART Member=Component C47 104
Added Member To Class: ClassName=AtoD_PART Member=Component C52 104
Added Member To Class: ClassName=AtoD_PART Member=Component C53 104
Added Member To Class: ClassName=AtoD_PART Member=Component C55 10uF/6.3V
Added Member To Class: ClassName=ANALOG_PART2 Member=Component C61 100nF
Added Member To Class: ClassName=ANALOG_PART2 Member=Component C87 100nF
Added Member To Class: ClassName=ANALOG_PART2 Member=Component C89 100nF
Added Member To Class: ClassName=ANALOG_PART2 Member=Component C91 100nF
Added Member To Class: ClassName=ANALOG_PART1 Member=Component JP1 SMA
Added Member To Class: ClassName=ANALOG_PART2 Member=Component JP2 SMA
Added Member To Class: ClassName=AtoD_PART Member=Component R31 1K
Added Member To Class: ClassName=ANALOG_PART2 Member=Component R36 1K
Added Member To Class: ClassName=ANALOG_PART2 Member=Component R38 976K
Added Member To Class: ClassName=ANALOG_PART2 Member=Component R40 1K 精密
Added Member To Class: ClassName=ANALOG_PART2 Member=Component R42 499
Added Member To Class: ClassName=ANALOG_PART2 Member=Component R44 976K
Added Member To Class: ClassName=ANALOG_PART2 Member=Component R46 4.99K
Added Member To Class: ClassName=ANALOG_PART2 Member=Component R48 1K
Added Member To Class: ClassName=ANALOG_PART2 Member=Component R49 4.99K
Added Member To Class: ClassName=ANALOG_PART2 Member=Component R50 75
Added Member To Class: ClassName=ANALOG_PART2 Member=Component R52 1K
Added Member To Class: ClassName=ANALOG_PART2 Member=Component R54 1K
Added Member To Class: ClassName=ANALOG_PART2 Member=Component R56 4.99K 精密电阻
Added Member To Class: ClassName=ANALOG_PART2 Member=Component R57 1K
Added Member To Class: ClassName=AtoD_PART Member=Component SP2 M2铜柱
Added Member To Class: ClassName=AtoD_PART Member=Component SP3 M2铜柱
Added Member To Class: ClassName=AtoD_PART Member=Component SP4 M2铜柱
Added Member To Class: ClassName=AtoD_PART Member=Component SP5 M2铜柱
Added Member To Class: ClassName=ANALOG_PART2 Member=Component U29 MCP4725
