Removed Pin From Net: NetName=+3 Pin=C10-1
Removed Pin From Net: NetName=+3 Pin=C11-2
Removed Pin From Net: NetName=-2V5 Pin=C23-2
Removed Pin From Net: NetName=-2V5 Pin=C24-2
Removed Pin From Net: NetName=+3 Pin=U5-3
Removed Pin From Net: NetName=-2V5 Pin=U5-6
Change Component Designator: OldDesignator=C7 NewDesignator=C8
Change Component Designator: OldDesignator=C8 NewDesignator=C7
Change Component Designator: OldDesignator=C17 NewDesignator=C18
Change Component Designator: OldDesignator=C18 NewDesignator=C17
Change Component Designator: OldDesignator=L4 NewDesignator=L5
Change Component Designator: OldDesignator=L5 NewDesignator=L6
Change Component Designator: OldDesignator=L6 NewDesignator=L7
Change Component Designator: OldDesignator=L7 NewDesignator=L9
Change Component Designator: OldDesignator=R11 NewDesignator=R13
Change Component Designator: OldDesignator=R12 NewDesignator=R11
Change Component Designator: OldDesignator=R13 NewDesignator=R12
Added Component: Designator=L4(L 0603_L)
Add component (AddParameter): Name = "BOM名称"; Value = "小功率贴片电感"; VariantName = "[No Variations]"
Add component (AddParameter): Name = "学习资源"; Value = "www.ooocke.com"; VariantName = "[No Variations]"
Add component (AddParameter): Name = "版权归属"; Value = "源创客"; VariantName = "[No Variations]"
Added Component: Designator=L8(L 0603_L)
Add component (AddParameter): Name = "BOM名称"; Value = "小功率贴片电感"; VariantName = "[No Variations]"
Add component (AddParameter): Name = "学习资源"; Value = "www.ooocke.com"; VariantName = "[No Variations]"
Add component (AddParameter): Name = "版权归属"; Value = "源创客"; VariantName = "[No Variations]"
Added Pin To Net: NetName=+3 Pin=L4-2
Added Pin To Net: NetName=-2V5 Pin=L8-1
Change Net Name : Old Net Name=NetC7_1 New Net Name=NetC8_1
Change Net Name : Old Net Name=NetC17_1 New Net Name=NetC17_2
Change Net Name : Old Net Name=NetR13_2 New Net Name=NetR12_2
Added Pin To Net: NetName=NetC10_1 Pin=C10-1
Added Pin To Net: NetName=NetC10_1 Pin=C11-2
Added Pin To Net: NetName=NetC10_1 Pin=L4-1
Added Pin To Net: NetName=NetC10_1 Pin=U5-3
Added Net: Name=NetC10_1
Added Pin To Net: NetName=NetC23_2 Pin=C23-2
Added Pin To Net: NetName=NetC23_2 Pin=C24-2
Added Pin To Net: NetName=NetC23_2 Pin=L8-2
Added Pin To Net: NetName=NetC23_2 Pin=U5-6
Added Net: Name=NetC23_2
Added Member To Class: ClassName=ANALOG_PART Member=Component L8 10uH
Added Member To Class: ClassName=ANALOG_PART Member=Component L9 10uH
