Removed Pin From Net: NetName=Net1_37 Pin=IC1-1
Removed Pin From Net: NetName=Net1_38 Pin=IC1-2
Removed Pin From Net: NetName=Net1_33 Pin=R7-1
Removed Pin From Net: NetName=Net1_34 Pin=R12-2
Removed Pin From Net: NetName=Net1_32 Pin=R15-2
Removed Pin From Net: NetName=DGND Pin=R35-1
Removed Pin From Net: NetName=Net1_20 Pin=R42-1
Removed Pin From Net: NetName=Net1_19 Pin=R47-2
Removed Pin From Net: NetName=Net1_29 Pin=R50-2
Removed Pin From Net: NetName=Net1_27 Pin=U11-6
Removed Pin From Net: NetName=Net1_23 Pin=U16-4
Removed Pin From Net: NetName=Net1_21 Pin=U16-8
Removed Pin From Net: NetName=Net1_22 Pin=U16-9
Removed Pin From Net: NetName=Net1_35 Pin=U16-14
Removed Pin From Net: NetName=Net1_10 Pin=U16-18
Removed Pin From Net: NetName=Net1_11 Pin=U16-19
Removed Pin From Net: NetName=Net1_12 Pin=U16-20
Removed Pin From Net: NetName=Net1_13 Pin=U16-21
Removed Pin From Net: NetName=Net1_14 Pin=U16-22
Removed Pin From Net: NetName=Net1_31 Pin=U16-37
Removed Pin From Net: NetName=Net1_30 Pin=U16-38
Removed Pin From Net: NetName=Net1_26 Pin=U16-39
Removed Pin From Net: NetName=Net1_25 Pin=U16-40
Removed Pin From Net: NetName=Net1_24 Pin=U16-41
Removed Pin From Net: NetName=Net1_9 Pin=U16-42
Removed Pin From Net: NetName=Net1_8 Pin=U16-43
Removed Pin From Net: NetName=Net1_7 Pin=U16-44
Removed Pin From Net: NetName=Net1_36 Pin=U16-47
Removed Pin From Net: NetName=Net1_28 Pin=U25-6
Removed Member From Class: ClassName=AtoD_PART Member=R35
Added Component: Designator=1(FPC0.5 2H-WS-40P)
Add component (AddParameter): Name = "BOM名称"; Value = "FPC连接器"; VariantName = "[No Variations]"
Add component (AddParameter): Name = "学习资源"; Value = "www.ooocke.com"; VariantName = "[No Variations]"
Add component (AddParameter): Name = "版权归属"; Value = "源创客"; VariantName = "[No Variations]"
Added Component: Designator=R?(R 0603_L)
Add component (AddParameter): Name = "BOM名称"; Value = "贴片电阻"; VariantName = "[No Variations]"
Add component (AddParameter): Name = "学习资源"; Value = "www.ooocke.com"; VariantName = "[No Variations]"
Add component (AddParameter): Name = "版权归属"; Value = "源创客"; VariantName = "[No Variations]"
Added Pin To Net: NetName=5V Pin=1-3
Added Pin To Net: NetName=5V Pin=1-4
Added Pin To Net: NetName=Net1_7 Pin=1-7
Added Pin To Net: NetName=Net1_8 Pin=1-8
Added Pin To Net: NetName=Net1_9 Pin=1-9
Added Pin To Net: NetName=Net1_10 Pin=1-10
Added Pin To Net: NetName=Net1_11 Pin=1-11
Added Pin To Net: NetName=Net1_12 Pin=1-12
Added Pin To Net: NetName=Net1_13 Pin=1-13
Added Pin To Net: NetName=Net1_14 Pin=1-14
Added Pin To Net: NetName=Net1_17 Pin=1-15
Added Pin To Net: NetName=Net1_18 Pin=1-16
Added Pin To Net: NetName=Net1_19 Pin=1-19
Added Pin To Net: NetName=Net1_20 Pin=1-20
Added Pin To Net: NetName=Net1_21 Pin=1-21
Added Pin To Net: NetName=Net1_22 Pin=1-22
Added Pin To Net: NetName=Net1_23 Pin=1-23
Added Pin To Net: NetName=Net1_24 Pin=1-24
Added Pin To Net: NetName=Net1_25 Pin=1-25
Added Pin To Net: NetName=Net1_26 Pin=1-26
Added Pin To Net: NetName=Net1_27 Pin=1-27
Added Pin To Net: NetName=Net1_28 Pin=1-28
Added Pin To Net: NetName=Net1_29 Pin=1-29
Added Pin To Net: NetName=Net1_30 Pin=1-30
Added Pin To Net: NetName=Net1_31 Pin=1-31
Added Pin To Net: NetName=Net1_32 Pin=1-32
Added Pin To Net: NetName=Net1_33 Pin=1-33
Added Pin To Net: NetName=Net1_34 Pin=1-34
Added Pin To Net: NetName=Net1_35 Pin=1-35
Added Pin To Net: NetName=Net1_36 Pin=1-36
Added Pin To Net: NetName=Net1_37 Pin=1-37
Added Pin To Net: NetName=Net1_38 Pin=1-38
Added Pin To Net: NetName=Net1_35 Pin=IC1-1
Added Pin To Net: NetName=Net1_36 Pin=IC1-2
Added Pin To Net: NetName=Net1_37 Pin=IC1-3
Added Pin To Net: NetName=Net1_31 Pin=R7-1
Added Pin To Net: NetName=Net1_32 Pin=R12-2
Added Pin To Net: NetName=Net1_30 Pin=R15-2
Added Pin To Net: NetName=Net1_27 Pin=R50-2
Added Pin To Net: NetName=DGND Pin=R?-1
Added Pin To Net: NetName=Net1_25 Pin=U11-6
Added Pin To Net: NetName=Net1_21 Pin=U16-4
Added Pin To Net: NetName=Net1_19 Pin=U16-8
Added Pin To Net: NetName=Net1_20 Pin=U16-9
Added Pin To Net: NetName=Net1_33 Pin=U16-14
Added Pin To Net: NetName=Net1_38 Pin=U16-17
Added Pin To Net: NetName=Net1_8 Pin=U16-18
Added Pin To Net: NetName=Net1_9 Pin=U16-19
Added Pin To Net: NetName=Net1_10 Pin=U16-20
Added Pin To Net: NetName=Net1_11 Pin=U16-21
Added Pin To Net: NetName=Net1_12 Pin=U16-22
Added Pin To Net: NetName=Net1_13 Pin=U16-23
Added Pin To Net: NetName=Net1_14 Pin=U16-24
Added Pin To Net: NetName=Net1_29 Pin=U16-37
Added Pin To Net: NetName=Net1_28 Pin=U16-38
Added Pin To Net: NetName=Net1_24 Pin=U16-39
Added Pin To Net: NetName=Net1_23 Pin=U16-40
Added Pin To Net: NetName=Net1_22 Pin=U16-41
Added Pin To Net: NetName=Net1_7 Pin=U16-42
Added Pin To Net: NetName=Net1_34 Pin=U16-47
Added Pin To Net: NetName=Net1_26 Pin=U25-6
Change Net Name : Old Net Name=Net1_17 New Net Name=Net1_15
Change Net Name : Old Net Name=Net1_18 New Net Name=Net1_16
Added Pin To Net: NetName=Net1_1 Pin=1-1
Added Pin To Net: NetName=Net1_1 Pin=1-2
Added Pin To Net: NetName=Net1_1 Pin=R?-2
Added Net: Name=Net1_1
Added Pin To Net: NetName=Net1_5 Pin=1-5
Added Pin To Net: NetName=Net1_5 Pin=U16-44
Added Net: Name=Net1_5
Added Pin To Net: NetName=Net1_6 Pin=1-6
Added Pin To Net: NetName=Net1_6 Pin=U16-43
Added Net: Name=Net1_6
Added Pin To Net: NetName=Net1_17 Pin=1-17
Added Pin To Net: NetName=Net1_17 Pin=R47-2
Added Net: Name=Net1_17
Added Pin To Net: NetName=Net1_18 Pin=1-18
Added Pin To Net: NetName=Net1_18 Pin=R42-1
Added Net: Name=Net1_18
Added Member To Class: ClassName=AtoD_PART Member=Component 1 FPC1.0-40P
Added Member To Class: ClassName=AtoD_PART Member=Component R? 0R
