Removed Pin From Net: NetName=2CHA_N Pin=C45-1
Removed Pin From Net: NetName=2CHA_P Pin=C45-2
Removed Pin From Net: NetName=GND Pin=D4-1
Removed Pin From Net: NetName=GND Pin=D4-2
Removed Pin From Net: NetName=2CHA_N Pin=D4-3
Removed Pin From Net: NetName=GND Pin=D5-1
Removed Pin From Net: NetName=GND Pin=D5-2
Removed Pin From Net: NetName=2CHA_P Pin=D5-3
Removed Pin From Net: NetName=CHA_N Pin=R28-1
Removed Pin From Net: NetName=2CHA_N Pin=R28-2
Removed Pin From Net: NetName=CHA_P Pin=R29-1
Removed Pin From Net: NetName=2CHA_P Pin=R29-2
Removed Member From Class: ClassName=AtoD_PART Member=C45
Removed Member From Class: ClassName=AtoD_PART Member=D4
Removed Member From Class: ClassName=AtoD_PART Member=D5
Removed Member From Class: ClassName=AtoD_PART Member=R28
Removed Member From Class: ClassName=AtoD_PART Member=R29
Added Component: Designator=C?(C 0603_L)
Add component (AddParameter): Name = "BOM名称"; Value = "无极性贴片电容"; VariantName = "[No Variations]"
Add component (AddParameter): Name = "学习资源"; Value = "www.ooocke.com"; VariantName = "[No Variations]"
Add component (AddParameter): Name = "版权归属"; Value = "源创客"; VariantName = "[No Variations]"
Added Component: Designator=C?(C 0603_L)
Add component (AddParameter): Name = "BOM名称"; Value = "无极性贴片电容"; VariantName = "[No Variations]"
Add component (AddParameter): Name = "学习资源"; Value = "www.ooocke.com"; VariantName = "[No Variations]"
Add component (AddParameter): Name = "版权归属"; Value = "源创客"; VariantName = "[No Variations]"
Added Component: Designator=D?(SOT23-3L)
Add component (AddParameter): Name = "BOM名称"; Value = "肖特基二极管"; VariantName = "[No Variations]"
Add component (AddParameter): Name = "学习资源"; Value = "www.ooocke.com"; VariantName = "[No Variations]"
Add component (AddParameter): Name = "属性"; Value = "40V/2A"; VariantName = "[No Variations]"
Add component (AddParameter): Name = "版权归属"; Value = "源创客"; VariantName = "[No Variations]"
Added Component: Designator=D?(SOT23-3L)
Add component (AddParameter): Name = "BOM名称"; Value = "肖特基二极管"; VariantName = "[No Variations]"
Add component (AddParameter): Name = "学习资源"; Value = "www.ooocke.com"; VariantName = "[No Variations]"
Add component (AddParameter): Name = "属性"; Value = "40V/2A"; VariantName = "[No Variations]"
Add component (AddParameter): Name = "版权归属"; Value = "源创客"; VariantName = "[No Variations]"
Added Component: Designator=D?(SOT23-3L)
Add component (AddParameter): Name = "BOM名称"; Value = "肖特基二极管"; VariantName = "[No Variations]"
Add component (AddParameter): Name = "学习资源"; Value = "www.ooocke.com"; VariantName = "[No Variations]"
Add component (AddParameter): Name = "属性"; Value = "40V/2A"; VariantName = "[No Variations]"
Add component (AddParameter): Name = "版权归属"; Value = "源创客"; VariantName = "[No Variations]"
Added Component: Designator=D?(SOT23-3L)
Add component (AddParameter): Name = "BOM名称"; Value = "肖特基二极管"; VariantName = "[No Variations]"
Add component (AddParameter): Name = "学习资源"; Value = "www.ooocke.com"; VariantName = "[No Variations]"
Add component (AddParameter): Name = "属性"; Value = "40V/2A"; VariantName = "[No Variations]"
Add component (AddParameter): Name = "版权归属"; Value = "源创客"; VariantName = "[No Variations]"
Added Component: Designator=R?(R 0603_L)
Add component (AddParameter): Name = "BOM名称"; Value = "贴片电阻"; VariantName = "[No Variations]"
Add component (AddParameter): Name = "学习资源"; Value = "www.ooocke.com"; VariantName = "[No Variations]"
Add component (AddParameter): Name = "版权归属"; Value = "源创客"; VariantName = "[No Variations]"
Added Component: Designator=R?(R 0603_L)
Add component (AddParameter): Name = "BOM名称"; Value = "贴片电阻"; VariantName = "[No Variations]"
Add component (AddParameter): Name = "学习资源"; Value = "www.ooocke.com"; VariantName = "[No Variations]"
Add component (AddParameter): Name = "版权归属"; Value = "源创客"; VariantName = "[No Variations]"
Added Component: Designator=R?(R 0603_L)
Add component (AddParameter): Name = "BOM名称"; Value = "贴片电阻"; VariantName = "[No Variations]"
Add component (AddParameter): Name = "学习资源"; Value = "www.ooocke.com"; VariantName = "[No Variations]"
Add component (AddParameter): Name = "版权归属"; Value = "源创客"; VariantName = "[No Variations]"
Added Component: Designator=R?(R 0603_L)
Add component (AddParameter): Name = "BOM名称"; Value = "贴片电阻"; VariantName = "[No Variations]"
Add component (AddParameter): Name = "学习资源"; Value = "www.ooocke.com"; VariantName = "[No Variations]"
Add component (AddParameter): Name = "版权归属"; Value = "源创客"; VariantName = "[No Variations]"
Added Pin To Net: NetName=2CHA_N Pin=C?-1
Added Pin To Net: NetName=2CHA_P Pin=C?-1
Added Pin To Net: NetName=2CHA_N Pin=C?-2
Added Pin To Net: NetName=2CHA_P Pin=C?-2
Added Pin To Net: NetName=GND Pin=D?-1
Added Pin To Net: NetName=GND Pin=D?-1
Added Pin To Net: NetName=GND Pin=D?-1
Added Pin To Net: NetName=GND Pin=D?-1
Added Pin To Net: NetName=GND Pin=D?-2
Added Pin To Net: NetName=GND Pin=D?-2
Added Pin To Net: NetName=GND Pin=D?-2
Added Pin To Net: NetName=GND Pin=D?-2
Added Pin To Net: NetName=2CHA_N Pin=D?-3
Added Pin To Net: NetName=2CHA_N Pin=D?-3
Added Pin To Net: NetName=2CHA_P Pin=D?-3
Added Pin To Net: NetName=2CHA_P Pin=D?-3
Added Pin To Net: NetName=CHA_N Pin=R?-1
Added Pin To Net: NetName=CHA_N Pin=R?-1
Added Pin To Net: NetName=CHA_P Pin=R?-1
Added Pin To Net: NetName=CHA_P Pin=R?-1
Added Pin To Net: NetName=2CHA_N Pin=R?-2
Added Pin To Net: NetName=2CHA_N Pin=R?-2
Added Pin To Net: NetName=2CHA_P Pin=R?-2
Added Pin To Net: NetName=2CHA_P Pin=R?-2
Added Member To Class: ClassName=AtoD_PART Member=Component C? 104
Added Member To Class: ClassName=AtoD_PART Member=Component C? 104
Added Member To Class: ClassName=AtoD_PART Member=Component D? BAV199
Added Member To Class: ClassName=AtoD_PART Member=Component D? BAV199
Added Member To Class: ClassName=AtoD_PART Member=Component D? BAV199
Added Member To Class: ClassName=AtoD_PART Member=Component D? BAV199
Added Member To Class: ClassName=AtoD_PART Member=Component R? 1K
Added Member To Class: ClassName=AtoD_PART Member=Component R? 1K
Added Member To Class: ClassName=AtoD_PART Member=Component R? 1K
Added Member To Class: ClassName=AtoD_PART Member=Component R? 1K
Added Member To Class: ClassName=AtoD_PART Member=Component SP? M2铜柱
Added Member To Class: ClassName=AtoD_PART Member=Component SP? M2铜柱
Added Member To Class: ClassName=AtoD_PART Member=Component SP? M2铜柱
