Removed Member From Class: ClassName=ANALOG_PART1 Member=TP?
Change Component Designator: OldDesignator=R50 NewDesignator=R51
Change Component Designator: OldDesignator=R51 NewDesignator=R50
Change Component Designator: OldDesignator=TP? NewDesignator=TP1
Change Component Designator: OldDesignator=TP? NewDesignator=TP2
Change Component Designator: OldDesignator=TP? NewDesignator=TP3
Change Component Designator: OldDesignator=TP? NewDesignator=TP4
Change Component Designator: OldDesignator=TP? NewDesignator=TP5
Change Component Designator: OldDesignator=TP? NewDesignator=TP6
Change Component Designator: OldDesignator=TP? NewDesignator=TP7
Change Component Designator: OldDesignator=TP? NewDesignator=TP8
Change Component Designator: OldDesignator=TP? NewDesignator=TP9
Change Component Designator: OldDesignator=TP? NewDesignator=TP10
Change Component Designator: OldDesignator=TP? NewDesignator=TP11
Change Component Designator: OldDesignator=TP? NewDesignator=TP12
Change Component Designator: OldDesignator=TP? NewDesignator=TP13
Change Component Designator: OldDesignator=TP? NewDesignator=TP14
Change Component Designator: OldDesignator=TP? NewDesignator=TP15
Change Component Designator: OldDesignator=TP? NewDesignator=TP16
Change Component Designator: OldDesignator=TP? NewDesignator=TP17
Change Component Designator: OldDesignator=TP? NewDesignator=TP18
Change Component Designator: OldDesignator=TP? NewDesignator=TP19
Change Component Designator: OldDesignator=TP? NewDesignator=TP20
Change Component Designator: OldDesignator=TP? NewDesignator=TP21
Change Component Designator: OldDesignator=TP? NewDesignator=TP22
Change Component Designator: OldDesignator=TP? NewDesignator=TP23
Change Component Designator: OldDesignator=U? NewDesignator=U25
Added Component: Designator=SP2(M2)
Add component (AddParameter): Name = "BOM名称"; Value = "铜柱"; VariantName = "[No Variations]"
Add component (AddParameter): Name = "学习资源"; Value = "www.ooocke.com"; VariantName = "[No Variations]"
Add component (AddParameter): Name = "版权归属"; Value = "源创客"; VariantName = "[No Variations]"
Added Pin To Net: NetName=DGND Pin=SP2-1
Change Net Name : Old Net Name=NetR50_1 New Net Name=NetR51_1
Added Member To Class: ClassName=AtoD_PART Member=Component SP2 M2铜柱
Added Member To Class: ClassName=ANALOG_PART1 Member=Component TP1 TEST TP
Added Member To Class: ClassName=ANALOG_PART1 Member=Component TP2 TEST TP
Added Member To Class: ClassName=AtoD_PART Member=Component TP3 TEST TP
Added Member To Class: ClassName=AtoD_PART Member=Component TP4 TEST TP
Added Member To Class: ClassName=AtoD_PART Member=Component TP5 TEST TP
Added Member To Class: ClassName=AtoD_PART Member=Component TP6 TEST TP
Added Member To Class: ClassName=AtoD_PART Member=Component TP7 TEST TP
Added Member To Class: ClassName=AtoD_PART Member=Component TP8 TEST TP
Added Member To Class: ClassName=AtoD_PART Member=Component TP9 TEST TP
Added Member To Class: ClassName=AtoD_PART Member=Component TP10 TEST TP
Added Member To Class: ClassName=AtoD_PART Member=Component TP11 TEST TP
Added Member To Class: ClassName=AtoD_PART Member=Component TP12 TEST TP
Added Member To Class: ClassName=AtoD_PART Member=Component TP13 TEST TP
Added Member To Class: ClassName=AtoD_PART Member=Component TP14 TEST TP
Added Member To Class: ClassName=AtoD_PART Member=Component TP15 TEST TP
Added Member To Class: ClassName=AtoD_PART Member=Component TP16 TEST TP
Added Member To Class: ClassName=AtoD_PART Member=Component TP17 TEST TP
Added Member To Class: ClassName=AtoD_PART Member=Component TP19 TEST TP
Added Member To Class: ClassName=AtoD_PART Member=Component TP20 TEST TP
Added Member To Class: ClassName=AtoD_PART Member=Component TP21 TEST TP
Added Member To Class: ClassName=AtoD_PART Member=Component TP22 TEST TP
Added Member To Class: ClassName=AtoD_PART Member=Component TP23 TEST TP
