Added Component: Designator=?(FPC0.5 2H-WS-36P)
Add component (AddParameter): Name = "BOM名称"; Value = "FPC连接器"; VariantName = "[No Variations]"
Add component (AddParameter): Name = "学习资源"; Value = "www.ooocke.com"; VariantName = "[No Variations]"
Add component (AddParameter): Name = "版权归属"; Value = "源创客"; VariantName = "[No Variations]"
Added Pin To Net: NetName=NetTP1_1 Pin=?-21
Added Pin To Net: NetName=NetTP2_1 Pin=?-22
Added Pin To Net: NetName=5V Pin=?-33
Added Pin To Net: NetName=5V Pin=?-34
Added Pin To Net: NetName=DGND Pin=?-35
Added Pin To Net: NetName=DGND Pin=?-36
Change Net Name : Old Net Name=NetTP1_1 New Net Name=Net?_21
Change Net Name : Old Net Name=NetTP2_1 New Net Name=Net?_22
Added Pin To Net: NetName=Net?_1 Pin=?-1
Added Pin To Net: NetName=Net?_1 Pin=U16-17
Added Net: Name=Net?_1
Added Pin To Net: NetName=Net?_2 Pin=?-2
Added Pin To Net: NetName=Net?_2 Pin=TP5-1
Added Pin To Net: NetName=Net?_2 Pin=U16-47
Added Net: Name=Net?_2
Added Pin To Net: NetName=Net?_3 Pin=?-3
Added Pin To Net: NetName=Net?_3 Pin=TP4-1
Added Pin To Net: NetName=Net?_3 Pin=U16-14
Added Net: Name=Net?_3
Added Pin To Net: NetName=Net?_4 Pin=?-4
Added Pin To Net: NetName=Net?_4 Pin=R12-2
Added Net: Name=Net?_4
Added Pin To Net: NetName=Net?_5 Pin=?-5
Added Pin To Net: NetName=Net?_5 Pin=R7-1
Added Net: Name=Net?_5
Added Pin To Net: NetName=Net?_6 Pin=?-6
Added Net: Name=Net?_6
Added Pin To Net: NetName=Net?_7 Pin=?-7
Added Net: Name=Net?_7
Added Pin To Net: NetName=Net?_8 Pin=?-8
Added Pin To Net: NetName=Net?_8 Pin=U16-37
Added Net: Name=Net?_8
Added Pin To Net: NetName=Net?_9 Pin=?-9
Added Pin To Net: NetName=Net?_9 Pin=U16-38
Added Net: Name=Net?_9
Added Pin To Net: NetName=Net?_10 Pin=?-10
Added Net: Name=Net?_10
Added Pin To Net: NetName=Net?_11 Pin=?-11
Added Pin To Net: NetName=Net?_11 Pin=U11-6
Added Net: Name=Net?_11
Added Pin To Net: NetName=Net?_12 Pin=?-12
Added Pin To Net: NetName=Net?_12 Pin=U16-39
Added Net: Name=Net?_12
Added Pin To Net: NetName=Net?_13 Pin=?-13
Added Pin To Net: NetName=Net?_13 Pin=U16-40
Added Net: Name=Net?_13
Added Pin To Net: NetName=Net?_14 Pin=?-14
Added Pin To Net: NetName=Net?_14 Pin=U16-41
Added Net: Name=Net?_14
Added Pin To Net: NetName=Net?_15 Pin=?-15
Added Pin To Net: NetName=Net?_15 Pin=R30-2
Added Pin To Net: NetName=Net?_15 Pin=U16-4
Added Net: Name=Net?_15
Added Pin To Net: NetName=Net?_16 Pin=?-16
Added Pin To Net: NetName=Net?_16 Pin=R32-2
Added Pin To Net: NetName=Net?_16 Pin=U16-9
Added Net: Name=Net?_16
Added Pin To Net: NetName=Net?_17 Pin=?-17
Added Pin To Net: NetName=Net?_17 Pin=R31-2
Added Pin To Net: NetName=Net?_17 Pin=U16-8
Added Net: Name=Net?_17
Added Pin To Net: NetName=Net?_18 Pin=?-18
Added Pin To Net: NetName=Net?_18 Pin=U14-6
Added Net: Name=Net?_18
Added Pin To Net: NetName=Net?_19 Pin=?-19
Added Pin To Net: NetName=Net?_19 Pin=U13-6
Added Net: Name=Net?_19
Added Pin To Net: NetName=Net?_20 Pin=?-20
Added Pin To Net: NetName=Net?_20 Pin=U15-6
Added Net: Name=Net?_20
Added Pin To Net: NetName=Net?_23 Pin=?-23
Added Net: Name=Net?_23
Added Pin To Net: NetName=Net?_24 Pin=?-24
Added Net: Name=Net?_24
Added Pin To Net: NetName=Net?_25 Pin=?-25
Added Pin To Net: NetName=Net?_25 Pin=U16-22
Added Net: Name=Net?_25
Added Pin To Net: NetName=Net?_26 Pin=?-26
Added Pin To Net: NetName=Net?_26 Pin=U16-21
Added Net: Name=Net?_26
Added Pin To Net: NetName=Net?_27 Pin=?-27
Added Pin To Net: NetName=Net?_27 Pin=U16-20
Added Net: Name=Net?_27
Added Pin To Net: NetName=Net?_28 Pin=?-28
Added Pin To Net: NetName=Net?_28 Pin=U16-19
Added Net: Name=Net?_28
Added Pin To Net: NetName=Net?_29 Pin=?-29
Added Pin To Net: NetName=Net?_29 Pin=U16-18
Added Net: Name=Net?_29
Added Pin To Net: NetName=Net?_30 Pin=?-30
Added Pin To Net: NetName=Net?_30 Pin=U16-42
Added Net: Name=Net?_30
Added Pin To Net: NetName=Net?_31 Pin=?-31
Added Pin To Net: NetName=Net?_31 Pin=U16-43
Added Net: Name=Net?_31
Added Pin To Net: NetName=Net?_32 Pin=?-32
Added Pin To Net: NetName=Net?_32 Pin=U16-44
Added Net: Name=Net?_32
Added Member To Class: ClassName=AtoD_PART Member=Component ? FPC1.0-36P
