Change Component Designator: Old Designator=C16 New Designator=C1
Change Component Designator: Old Designator=C17 New Designator=C2
Change Component Designator: Old Designator=C18 New Designator=C3
Change Component Designator: Old Designator=C19 New Designator=C4
Change Component Designator: Old Designator=C20 New Designator=C5
Change Component Designator: Old Designator=C21 New Designator=C6
Change Component Designator: Old Designator=C22 New Designator=C7
Change Component Designator: Old Designator=C23 New Designator=C8
Change Component Designator: Old Designator=C24 New Designator=C9
Change Component Designator: Old Designator=C25 New Designator=C10
Change Component Designator: Old Designator=C26 New Designator=C11
Change Component Designator: Old Designator=C27 New Designator=C12
Change Component Designator: Old Designator=C28 New Designator=C13
Change Component Designator: Old Designator=C29 New Designator=C14
Change Component Designator: Old Designator=C30 New Designator=C15
Change Component Designator: Old Designator=C31 New Designator=C16
Change Component Designator: Old Designator=C32 New Designator=C17
Change Component Designator: Old Designator=C33 New Designator=C18
Change Component Designator: Old Designator=C34 New Designator=C19
Change Component Designator: Old Designator=C35 New Designator=C20
Change Component Designator: Old Designator=C36 New Designator=C21
Change Component Designator: Old Designator=C37 New Designator=C22
Change Component Designator: Old Designator=C38 New Designator=C23
Change Component Designator: Old Designator=C39 New Designator=C24
Change Component Designator: Old Designator=C40 New Designator=C25
Change Component Designator: Old Designator=C41 New Designator=C26
Change Component Designator: Old Designator=C42 New Designator=C27
Change Component Designator: Old Designator=C43 New Designator=C28
Change Component Designator: Old Designator=C44 New Designator=C29
Change Component Designator: Old Designator=C45 New Designator=C30
Change Component Designator: Old Designator=C46 New Designator=C31
Change Component Designator: Old Designator=C47 New Designator=C32
Change Component Designator: Old Designator=C48 New Designator=C33
Change Component Designator: Old Designator=C49 New Designator=C34
Change Component Designator: Old Designator=C50 New Designator=C35
Change Component Designator: Old Designator=C51 New Designator=C36
Change Component Designator: Old Designator=C52 New Designator=C37
Change Component Designator: Old Designator=C53 New Designator=C38
Change Component Designator: Old Designator=C54 New Designator=C39
Change Component Designator: Old Designator=C55 New Designator=C40
Change Component Designator: Old Designator=C56 New Designator=C41
Change Component Designator: Old Designator=C57 New Designator=C42
Change Component Designator: Old Designator=C58 New Designator=C43
Change Component Designator: Old Designator=D3 New Designator=D1
Change Component Designator: Old Designator=D4 New Designator=D2
Change Component Designator: Old Designator=D5 New Designator=D3
Change Component Designator: Old Designator=JP3 New Designator=JP1
Change Component Designator: Old Designator=JP4 New Designator=JP2
Change Component Designator: Old Designator=Q4 New Designator=Q1
Change Component Designator: Old Designator=Q5 New Designator=Q2
Change Component Designator: Old Designator=R16 New Designator=R1
Change Component Designator: Old Designator=R17 New Designator=R2
Change Component Designator: Old Designator=R18 New Designator=R3
Change Component Designator: Old Designator=R19 New Designator=R4
Change Component Designator: Old Designator=R20 New Designator=R5
Change Component Designator: Old Designator=R21 New Designator=R6
Change Component Designator: Old Designator=R22 New Designator=R7
Change Component Designator: Old Designator=R23 New Designator=R8
Change Component Designator: Old Designator=R24 New Designator=R9
Change Component Designator: Old Designator=R25 New Designator=R10
Change Component Designator: Old Designator=R26 New Designator=R11
Change Component Designator: Old Designator=R27 New Designator=R12
Change Component Designator: Old Designator=R28 New Designator=R13
Change Component Designator: Old Designator=R29 New Designator=R14
Change Component Designator: Old Designator=R30 New Designator=R15
Change Component Designator: Old Designator=R31 New Designator=R16
Change Component Designator: Old Designator=R32 New Designator=R17
Change Component Designator: Old Designator=R33 New Designator=R18
Change Component Designator: Old Designator=R34 New Designator=R19
Change Component Designator: Old Designator=R35 New Designator=R20
Change Component Designator: Old Designator=R36 New Designator=R21
Change Component Designator: Old Designator=R37 New Designator=R22
Change Component Designator: Old Designator=R38 New Designator=R23
Change Component Designator: Old Designator=R39 New Designator=R24
Change Component Designator: Old Designator=R40 New Designator=R25
Change Component Designator: Old Designator=R41 New Designator=R26
Change Component Designator: Old Designator=R42 New Designator=R27
Change Component Designator: Old Designator=TP? New Designator=TP1
Change Component Designator: Old Designator=TP? New Designator=TP2
Change Component Designator: Old Designator=U5 New Designator=U1
Change Component Designator: Old Designator=U7 New Designator=U3
Change Component Designator: Old Designator=U8 New Designator=U4
Change Component Designator: Old Designator=U9 New Designator=U5
Change Component Designator: Old Designator=U10 New Designator=U6
Change Component Designator: Old Designator=U11 New Designator=U7
Change Component Designator: Old Designator=U12 New Designator=U8
Change Component Designator: Old Designator=U13 New Designator=U9
Change Component Designator: Old Designator=U14 New Designator=U10
Change Component Designator: Old Designator=U15 New Designator=U11
Change Component Designator: Old Designator=U16 New Designator=U12
Change Component Designator: Old Designator=U17 New Designator=U13
Change Component Designator: Old Designator=U18 New Designator=U14
Change Component Designator: Old Designator=U19 New Designator=U15
Change Component Designator: Old Designator=U? New Designator=U2
