Change Component Designator: Old Designator=C56 New Designator=C57
Change Component Designator: Old Designator=C57 New Designator=C58
Change Component Designator: Old Designator=C58 New Designator=C59
Change Component Designator: Old Designator=C59 New Designator=C60
Change Component Designator: Old Designator=C60 New Designator=C61
Change Component Designator: Old Designator=C61 New Designator=C62
Change Component Designator: Old Designator=C62 New Designator=C63
Change Component Designator: Old Designator=C63 New Designator=C64
Change Component Designator: Old Designator=C64 New Designator=C65
Change Component Designator: Old Designator=C65 New Designator=C66
Change Component Designator: Old Designator=C66 New Designator=C67
Change Component Designator: Old Designator=C67 New Designator=C68
Change Component Designator: Old Designator=C68 New Designator=C69
Change Component Designator: Old Designator=C69 New Designator=C70
Change Component Designator: Old Designator=C70 New Designator=C71
Change Component Designator: Old Designator=C71 New Designator=C72
Change Component Designator: Old Designator=C72 New Designator=C73
Change Component Designator: Old Designator=C73 New Designator=C74
Change Component Designator: Old Designator=C74 New Designator=C75
Change Component Designator: Old Designator=C75 New Designator=C76
Change Component Designator: Old Designator=C76 New Designator=C77
Change Component Designator: Old Designator=C77 New Designator=C78
Change Component Designator: Old Designator=C78 New Designator=C79
Change Component Designator: Old Designator=C79 New Designator=C80
Change Component Designator: Old Designator=C80 New Designator=C81
Change Component Designator: Old Designator=C81 New Designator=C82
Change Component Designator: Old Designator=C82 New Designator=C83
Change Component Designator: Old Designator=C83 New Designator=C84
Change Component Designator: Old Designator=C84 New Designator=C85
Change Component Designator: Old Designator=C94 New Designator=C87
Change Component Designator: Old Designator=C95 New Designator=C88
Change Component Designator: Old Designator=C96 New Designator=C89
Change Component Designator: Old Designator=C97 New Designator=C90
Change Component Designator: Old Designator=C98 New Designator=C91
Change Component Designator: Old Designator=C99 New Designator=C92
Change Component Designator: Old Designator=D6 New Designator=D8
Change Component Designator: Old Designator=D7 New Designator=D9
Change Component Designator: Old Designator=D8 New Designator=D10
Change Component Designator: Old Designator=G? New Designator=G2
Change Component Designator: Old Designator=JP3 New Designator=JP2
Change Component Designator: Old Designator=R33 New Designator=R35
Change Component Designator: Old Designator=R34 New Designator=R36
Change Component Designator: Old Designator=R35 New Designator=R37
Change Component Designator: Old Designator=R36 New Designator=R38
Change Component Designator: Old Designator=R37 New Designator=R39
Change Component Designator: Old Designator=R38 New Designator=R40
Change Component Designator: Old Designator=R39 New Designator=R41
Change Component Designator: Old Designator=R40 New Designator=R42
Change Component Designator: Old Designator=R41 New Designator=R43
Change Component Designator: Old Designator=R42 New Designator=R44
Change Component Designator: Old Designator=R43 New Designator=R45
Change Component Designator: Old Designator=R44 New Designator=R46
Change Component Designator: Old Designator=R45 New Designator=R47
Change Component Designator: Old Designator=R46 New Designator=R48
Change Component Designator: Old Designator=R47 New Designator=R49
Change Component Designator: Old Designator=R48 New Designator=R50
Change Component Designator: Old Designator=R49 New Designator=R51
Change Component Designator: Old Designator=R50 New Designator=R52
Change Component Designator: Old Designator=R51 New Designator=R53
Change Component Designator: Old Designator=R52 New Designator=R54
Change Component Designator: Old Designator=R53 New Designator=R55
Change Component Designator: Old Designator=R54 New Designator=R56
Change Component Designator: Old Designator=R56 New Designator=R57
Change Component Designator: Old Designator=U26 New Designator=U25
Change Component Designator: Old Designator=U27 New Designator=U26
Change Component Designator: Old Designator=U29 New Designator=U27
Change Component Designator: Old Designator=U30 New Designator=U28
Change Component Designator: Old Designator=U31 New Designator=U29
