Removed Pin From Net: NetName=GND Pin=JP2-1
Removed Pin From Net: NetName=5V Pin=JP2-2
Removed Pin From Net: NetName=GND Pin=JP4-1
Removed Pin From Net: NetName=5V Pin=JP4-2
Removed Pin From Net: NetName=GND Pin=SP1-1
Removed Pin From Net: NetName=GND Pin=SP2-1
Removed Pin From Net: NetName=GND Pin=SP3-1
Removed Pin From Net: NetName=GND Pin=SP4-1
Removed Pin From Net: NetName=GND Pin=SP5-1
Removed Pin From Net: NetName=GND Pin=SP6-1
Removed Pin From Net: NetName=GND Pin=SP7-1
Removed Pin From Net: NetName=GND Pin=SP8-1
Removed Pin From Net: NetName=Net1_34 Pin=TP3-1
Removed Pin From Net: NetName=Net1_35 Pin=TP4-1
Removed Member From Class: ClassName=ANALOG_PART1 Member=JP2
Removed Member From Class: ClassName=ANALOG_PART2 Member=JP4
Removed Member From Class: ClassName=ANALOG_PART1 Member=SP1
Removed Member From Class: ClassName=ANALOG_PART1 Member=SP2
Removed Member From Class: ClassName=ANALOG_PART1 Member=SP3
Removed Member From Class: ClassName=ANALOG_PART1 Member=SP4
Removed Member From Class: ClassName=ANALOG_PART2 Member=SP5
Removed Member From Class: ClassName=ANALOG_PART2 Member=SP6
Removed Member From Class: ClassName=ANALOG_PART2 Member=SP7
Removed Member From Class: ClassName=ANALOG_PART2 Member=SP8
Removed Member From Class: ClassName=AtoD_PART Member=TP3
Removed Member From Class: ClassName=AtoD_PART Member=TP4
Added Component: Designator=SP?(M2)
Add component (AddParameter): Name = "BOM名称"; Value = "铜柱"; VariantName = "[No Variations]"
Add component (AddParameter): Name = "学习资源"; Value = "www.ooocke.com"; VariantName = "[No Variations]"
Add component (AddParameter): Name = "版权归属"; Value = "源创客"; VariantName = "[No Variations]"
Added Component: Designator=SP?(M2)
Add component (AddParameter): Name = "BOM名称"; Value = "铜柱"; VariantName = "[No Variations]"
Add component (AddParameter): Name = "学习资源"; Value = "www.ooocke.com"; VariantName = "[No Variations]"
Add component (AddParameter): Name = "版权归属"; Value = "源创客"; VariantName = "[No Variations]"
Added Component: Designator=SP?(M2)
Add component (AddParameter): Name = "BOM名称"; Value = "铜柱"; VariantName = "[No Variations]"
Add component (AddParameter): Name = "学习资源"; Value = "www.ooocke.com"; VariantName = "[No Variations]"
Add component (AddParameter): Name = "版权归属"; Value = "源创客"; VariantName = "[No Variations]"
Added Component: Designator=SP?(M2)
Add component (AddParameter): Name = "BOM名称"; Value = "铜柱"; VariantName = "[No Variations]"
Add component (AddParameter): Name = "学习资源"; Value = "www.ooocke.com"; VariantName = "[No Variations]"
Add component (AddParameter): Name = "版权归属"; Value = "源创客"; VariantName = "[No Variations]"
Added Pin To Net: NetName=GND Pin=SP?-1
Added Pin To Net: NetName=GND Pin=SP?-1
Added Pin To Net: NetName=GND Pin=SP?-1
Added Pin To Net: NetName=GND Pin=SP?-1
Added Member To Class: ClassName=AtoD_PART Member=Component SP? M2铜柱
Added Member To Class: ClassName=AtoD_PART Member=Component SP? M2铜柱
Added Member To Class: ClassName=AtoD_PART Member=Component SP? M2铜柱
Added Member To Class: ClassName=AtoD_PART Member=Component SP? M2铜柱
