Removed Pin From Net: NetName=5V Pin=D1-2
Removed Pin From Net: NetName=5V Pin=D3-2
Added Component: Designator=1(FPC0.5 2H-WS-36P)
Add component (AddParameter): Name = "BOM名称"; Value = "FPC连接器"; VariantName = "[No Variations]"
Add component (AddParameter): Name = "学习资源"; Value = "www.ooocke.com"; VariantName = "[No Variations]"
Add component (AddParameter): Name = "版权归属"; Value = "源创客"; VariantName = "[No Variations]"
Added Component: Designator=SP2(M2)
Add component (AddParameter): Name = "BOM名称"; Value = "铜柱"; VariantName = "[No Variations]"
Add component (AddParameter): Name = "学习资源"; Value = "www.ooocke.com"; VariantName = "[No Variations]"
Add component (AddParameter): Name = "版权归属"; Value = "源创客"; VariantName = "[No Variations]"
Added Component: Designator=SP3(M2)
Add component (AddParameter): Name = "BOM名称"; Value = "铜柱"; VariantName = "[No Variations]"
Add component (AddParameter): Name = "学习资源"; Value = "www.ooocke.com"; VariantName = "[No Variations]"
Add component (AddParameter): Name = "版权归属"; Value = "源创客"; VariantName = "[No Variations]"
Added Component: Designator=SP4(M2)
Add component (AddParameter): Name = "BOM名称"; Value = "铜柱"; VariantName = "[No Variations]"
Add component (AddParameter): Name = "学习资源"; Value = "www.ooocke.com"; VariantName = "[No Variations]"
Add component (AddParameter): Name = "版权归属"; Value = "源创客"; VariantName = "[No Variations]"
Added Component: Designator=TP4(TEST TP1.4_B)
Add component (AddParameter): Name = "BOM名称"; Value = "测试环"; VariantName = "[No Variations]"
Add component (AddParameter): Name = "学习资源"; Value = "www.ooocke.com"; VariantName = "[No Variations]"
Add component (AddParameter): Name = "版权归属"; Value = "源创客"; VariantName = "[No Variations]"
Added Component: Designator=TP5(TEST TP1.4_B)
Add component (AddParameter): Name = "BOM名称"; Value = "测试环"; VariantName = "[No Variations]"
Add component (AddParameter): Name = "学习资源"; Value = "www.ooocke.com"; VariantName = "[No Variations]"
Add component (AddParameter): Name = "版权归属"; Value = "源创客"; VariantName = "[No Variations]"
Added Pin To Net: NetName=DGND Pin=1-1
Added Pin To Net: NetName=DGND Pin=1-2
Added Pin To Net: NetName=5V Pin=1-3
Added Pin To Net: NetName=5V Pin=1-4
Added Pin To Net: NetName=Net1_5 Pin=1-5
Added Pin To Net: NetName=Net1_6 Pin=1-6
Added Pin To Net: NetName=Net1_7 Pin=1-7
Added Pin To Net: NetName=Net1_8 Pin=1-8
Added Pin To Net: NetName=Net1_9 Pin=1-9
Added Pin To Net: NetName=Net1_10 Pin=1-10
Added Pin To Net: NetName=Net1_11 Pin=1-11
Added Pin To Net: NetName=Net1_12 Pin=1-12
Added Pin To Net: NetName=Net1_13 Pin=1-13
Added Pin To Net: NetName=Net1_14 Pin=1-14
Added Pin To Net: NetName=Net1_15 Pin=1-15
Added Pin To Net: NetName=Net1_16 Pin=1-16
Added Pin To Net: NetName=Net1_17 Pin=1-17
Added Pin To Net: NetName=Net1_18 Pin=1-18
Added Pin To Net: NetName=Net1_19 Pin=1-19
Added Pin To Net: NetName=Net1_20 Pin=1-20
Added Pin To Net: NetName=Net1_21 Pin=1-21
Added Pin To Net: NetName=Net1_22 Pin=1-22
Added Pin To Net: NetName=Net1_23 Pin=1-23
Added Pin To Net: NetName=Net1_24 Pin=1-24
Added Pin To Net: NetName=Net1_25 Pin=1-25
Added Pin To Net: NetName=Net1_26 Pin=1-26
Added Pin To Net: NetName=Net1_27 Pin=1-27
Added Pin To Net: NetName=Net1_28 Pin=1-28
Added Pin To Net: NetName=Net1_29 Pin=1-29
Added Pin To Net: NetName=Net1_30 Pin=1-30
Added Pin To Net: NetName=Net1_31 Pin=1-31
Added Pin To Net: NetName=Net1_32 Pin=1-32
Added Pin To Net: NetName=Net1_33 Pin=1-33
Added Pin To Net: NetName=Net1_34 Pin=1-34
Added Pin To Net: NetName=Net1_35 Pin=1-35
Added Pin To Net: NetName=Net1_36 Pin=1-36
Added Pin To Net: NetName=+3 Pin=D1-2
Added Pin To Net: NetName=+3 Pin=D3-2
Added Pin To Net: NetName=GND Pin=SP2-1
Added Pin To Net: NetName=GND Pin=SP3-1
Added Pin To Net: NetName=GND Pin=SP4-1
Added Pin To Net: NetName=Net1_34 Pin=TP4-1
Added Pin To Net: NetName=Net1_35 Pin=TP5-1
Added Member To Class: ClassName=AtoD_PART Member=Component 1 FPC1.0-36P
Added Member To Class: ClassName=ANALOG_PART Member=Component SP2 M2铜柱
Added Member To Class: ClassName=ANALOG_PART Member=Component SP3 M2铜柱
Added Member To Class: ClassName=ANALOG_PART Member=Component SP4 M2铜柱
Added Member To Class: ClassName=AtoD_PART Member=Component TP4 TEST TP
Added Member To Class: ClassName=AtoD_PART Member=Component TP5 TEST TP
