Change Component Designator: Old Designator=C82 New Designator=C84
Change Component Designator: Old Designator=C83 New Designator=C85
Change Component Designator: Old Designator=C84 New Designator=C82
Change Component Designator: Old Designator=C85 New Designator=C83
Change Component Designator: Old Designator=L32 New Designator=L33
Change Component Designator: Old Designator=L33 New Designator=L32
Change Component Designator: Old Designator=L34 New Designator=L35
Change Component Designator: Old Designator=L35 New Designator=L36
Change Component Designator: Old Designator=L36 New Designator=L34
Change Component Designator: Old Designator=L? New Designator=L31
Change Component Designator: Old Designator=R48 New Designator=R50
Change Component Designator: Old Designator=R49 New Designator=R48
Change Component Designator: Old Designator=R50 New Designator=R49
Change Component Designator: Old Designator=R51 New Designator=R55
Change Component Designator: Old Designator=R52 New Designator=R57
Change Component Designator: Old Designator=R53 New Designator=R51
Change Component Designator: Old Designator=R54 New Designator=R52
Change Component Designator: Old Designator=R55 New Designator=R53
Change Component Designator: Old Designator=R56 New Designator=R54
Change Component Designator: Old Designator=R57 New Designator=R56
Change Component Designator: Old Designator=U25 New Designator=U26
Change Component Designator: Old Designator=U26 New Designator=U25
