Removed Pin From Net: NetName=+3 Pin=C4-1
Removed Pin From Net: NetName=+3 Pin=U3-1
Removed Pin From Net: NetName=+3 Pin=U3-4
Removed Pin From Net: NetName=+3 Pin=U3-12
Added Component: Designator=C?(C 0603_L)
Add component (AddParameter): Name = "BOM名称"; Value = "无极性贴片电容"; VariantName = "[No Variations]"
Add component (AddParameter): Name = "学习资源"; Value = "www.ooocke.com"; VariantName = "[No Variations]"
Add component (AddParameter): Name = "版权归属"; Value = "源创客"; VariantName = "[No Variations]"
Added Component: Designator=L?(L 0603_L)
Add component (AddParameter): Name = "BOM名称"; Value = "小功率贴片电感"; VariantName = "[No Variations]"
Add component (AddParameter): Name = "学习资源"; Value = "www.ooocke.com"; VariantName = "[No Variations]"
Add component (AddParameter): Name = "版权归属"; Value = "源创客"; VariantName = "[No Variations]"
Added Component: Designator=L?(L 0603_L)
Add component (AddParameter): Name = "BOM名称"; Value = "小功率贴片电感"; VariantName = "[No Variations]"
Add component (AddParameter): Name = "学习资源"; Value = "www.ooocke.com"; VariantName = "[No Variations]"
Add component (AddParameter): Name = "版权归属"; Value = "源创客"; VariantName = "[No Variations]"
Added Pin To Net: NetName=GND Pin=C?-1
Added Pin To Net: NetName=+3 Pin=L?-2
Added Pin To Net: NetName=+3 Pin=L?-2
Added Pin To Net: NetName=NetC4_1 Pin=C4-1
Added Pin To Net: NetName=NetC4_1 Pin=L?-1
Added Pin To Net: NetName=NetC4_1 Pin=U3-1
Added Pin To Net: NetName=NetC4_1 Pin=U3-4
Added Net: Name=NetC4_1
Added Pin To Net: NetName=NetC?_2 Pin=C?-2
Added Pin To Net: NetName=NetC?_2 Pin=L?-1
Added Pin To Net: NetName=NetC?_2 Pin=U3-12
Added Net: Name=NetC?_2
Added Member To Class: ClassName=ANALOG_PART Member=Component C? 20P
Added Member To Class: ClassName=ANALOG_PART Member=Component L? 10uH
Added Member To Class: ClassName=ANALOG_PART Member=Component L? 10uH
Added Member To Class: ClassName=ANALOG_PART Member=Component SP? M2铜柱
Added Member To Class: ClassName=ANALOG_PART Member=Component SP? M2铜柱
Added Member To Class: ClassName=ANALOG_PART Member=Component SP? M2铜柱
