Change Component Designator: Old Designator=C1 New Designator=C56
Change Component Designator: Old Designator=C2 New Designator=C57
Change Component Designator: Old Designator=C3 New Designator=C58
Change Component Designator: Old Designator=C4 New Designator=C59
Change Component Designator: Old Designator=C5 New Designator=C60
Change Component Designator: Old Designator=C6 New Designator=C61
Change Component Designator: Old Designator=C7 New Designator=C62
Change Component Designator: Old Designator=C8 New Designator=C63
Change Component Designator: Old Designator=C9 New Designator=C64
Change Component Designator: Old Designator=C10 New Designator=C65
Change Component Designator: Old Designator=C11 New Designator=C66
Change Component Designator: Old Designator=C12 New Designator=C67
Change Component Designator: Old Designator=C13 New Designator=C68
Change Component Designator: Old Designator=C14 New Designator=C69
Change Component Designator: Old Designator=C15 New Designator=C70
Change Component Designator: Old Designator=C16 New Designator=C71
Change Component Designator: Old Designator=C17 New Designator=C72
Change Component Designator: Old Designator=C18 New Designator=C73
Change Component Designator: Old Designator=C19 New Designator=C74
Change Component Designator: Old Designator=C20 New Designator=C75
Change Component Designator: Old Designator=C21 New Designator=C76
Change Component Designator: Old Designator=C22 New Designator=C77
Change Component Designator: Old Designator=C23 New Designator=C78
Change Component Designator: Old Designator=C24 New Designator=C79
Change Component Designator: Old Designator=C25 New Designator=C80
Change Component Designator: Old Designator=C26 New Designator=C81
Change Component Designator: Old Designator=C27 New Designator=C82
Change Component Designator: Old Designator=C28 New Designator=C83
Change Component Designator: Old Designator=C29 New Designator=C84
Change Component Designator: Old Designator=C30 New Designator=C85
Change Component Designator: Old Designator=C31 New Designator=C86
Change Component Designator: Old Designator=C32 New Designator=C87
Change Component Designator: Old Designator=C33 New Designator=C88
Change Component Designator: Old Designator=C34 New Designator=C89
Change Component Designator: Old Designator=C35 New Designator=C90
Change Component Designator: Old Designator=C36 New Designator=C91
Change Component Designator: Old Designator=C37 New Designator=C92
Change Component Designator: Old Designator=C38 New Designator=C93
Change Component Designator: Old Designator=C39 New Designator=C94
Change Component Designator: Old Designator=C40 New Designator=C95
Change Component Designator: Old Designator=C41 New Designator=C96
Change Component Designator: Old Designator=C42 New Designator=C97
Change Component Designator: Old Designator=C43 New Designator=C98
Change Component Designator: Old Designator=C44 New Designator=C99
Change Component Designator: Old Designator=D1 New Designator=D6
Change Component Designator: Old Designator=D2 New Designator=D7
Change Component Designator: Old Designator=D3 New Designator=D8
Change Component Designator: Old Designator=JP1 New Designator=JP3
Change Component Designator: Old Designator=JP2 New Designator=JP4
Change Component Designator: Old Designator=L1 New Designator=L23
Change Component Designator: Old Designator=L2 New Designator=L24
Change Component Designator: Old Designator=L3 New Designator=L25
Change Component Designator: Old Designator=L4 New Designator=L26
Change Component Designator: Old Designator=L5 New Designator=L27
Change Component Designator: Old Designator=L6 New Designator=L28
Change Component Designator: Old Designator=L7 New Designator=L29
Change Component Designator: Old Designator=L8 New Designator=L30
Change Component Designator: Old Designator=L9 New Designator=L31
Change Component Designator: Old Designator=L10 New Designator=L32
Change Component Designator: Old Designator=L11 New Designator=L33
Change Component Designator: Old Designator=L12 New Designator=L34
Change Component Designator: Old Designator=L13 New Designator=L35
Change Component Designator: Old Designator=L14 New Designator=L36
Change Component Designator: Old Designator=Q1 New Designator=Q3
Change Component Designator: Old Designator=Q2 New Designator=Q4
Change Component Designator: Old Designator=R1 New Designator=R33
Change Component Designator: Old Designator=R2 New Designator=R34
Change Component Designator: Old Designator=R3 New Designator=R35
Change Component Designator: Old Designator=R4 New Designator=R36
Change Component Designator: Old Designator=R5 New Designator=R37
Change Component Designator: Old Designator=R6 New Designator=R38
Change Component Designator: Old Designator=R7 New Designator=R39
Change Component Designator: Old Designator=R8 New Designator=R40
Change Component Designator: Old Designator=R9 New Designator=R41
Change Component Designator: Old Designator=R10 New Designator=R42
Change Component Designator: Old Designator=R11 New Designator=R43
Change Component Designator: Old Designator=R12 New Designator=R44
Change Component Designator: Old Designator=R13 New Designator=R45
Change Component Designator: Old Designator=R14 New Designator=R46
Change Component Designator: Old Designator=R15 New Designator=R47
Change Component Designator: Old Designator=R16 New Designator=R48
Change Component Designator: Old Designator=R17 New Designator=R49
Change Component Designator: Old Designator=R18 New Designator=R50
Change Component Designator: Old Designator=R19 New Designator=R51
Change Component Designator: Old Designator=R20 New Designator=R52
Change Component Designator: Old Designator=R21 New Designator=R53
Change Component Designator: Old Designator=R22 New Designator=R54
Change Component Designator: Old Designator=R23 New Designator=R55
Change Component Designator: Old Designator=R24 New Designator=R56
Change Component Designator: Old Designator=R25 New Designator=R57
Change Component Designator: Old Designator=R26 New Designator=R58
Change Component Designator: Old Designator=R27 New Designator=R59
Change Component Designator: Old Designator=SP1 New Designator=SP5
Change Component Designator: Old Designator=SP2 New Designator=SP6
Change Component Designator: Old Designator=SP3 New Designator=SP7
Change Component Designator: Old Designator=SP4 New Designator=SP8
Change Component Designator: Old Designator=TP1 New Designator=TP5
Change Component Designator: Old Designator=TP2 New Designator=TP6
Change Component Designator: Old Designator=U1 New Designator=U17
Change Component Designator: Old Designator=U2 New Designator=U18
Change Component Designator: Old Designator=U3 New Designator=U19
Change Component Designator: Old Designator=U4 New Designator=U20
Change Component Designator: Old Designator=U5 New Designator=U21
Change Component Designator: Old Designator=U6 New Designator=U22
Change Component Designator: Old Designator=U7 New Designator=U23
Change Component Designator: Old Designator=U8 New Designator=U24
Change Component Designator: Old Designator=U9 New Designator=U25
Change Component Designator: Old Designator=U10 New Designator=U26
Change Component Designator: Old Designator=U11 New Designator=U27
Change Component Designator: Old Designator=U12 New Designator=U28
Change Component Designator: Old Designator=U13 New Designator=U29
Change Component Designator: Old Designator=U14 New Designator=U30
Change Component Designator: Old Designator=U15 New Designator=U31
