Removed Pin From Net: NetName=GND Pin=U1-5
Removed Member From Class: ClassName=AtoD_PART Member=C2
Removed Member From Class: ClassName=AtoD_PART Member=C4
Removed Member From Class: ClassName=AtoD_PART Member=C6
Removed Member From Class: ClassName=AtoD_PART Member=C8
Removed Member From Class: ClassName=AtoD_PART Member=C14
Removed Member From Class: ClassName=AtoD_PART Member=C15
Removed Member From Class: ClassName=AtoD_PART Member=C16
Removed Member From Class: ClassName=AtoD_PART Member=C33
Removed Member From Class: ClassName=AtoD_PART Member=C35
Removed Member From Class: ClassName=AtoD_PART Member=C37
Removed Member From Class: ClassName=AtoD_PART Member=C39
Removed Member From Class: ClassName=AtoD_PART Member=D2
Removed Member From Class: ClassName=AtoD_PART Member=D3
Removed Member From Class: ClassName=AtoD_PART Member=R13
Removed Member From Class: ClassName=AtoD_PART Member=R14
Removed Member From Class: ClassName=AtoD_PART Member=R15
Removed Member From Class: ClassName=AtoD_PART Member=R16
Removed Member From Class: ClassName=AtoD_PART Member=R17
Removed Member From Class: ClassName=AtoD_PART Member=U8
Change Component Designator: OldDesignator=C1 NewDesignator=C16
Change Component Designator: OldDesignator=C2 NewDesignator=C17
Change Component Designator: OldDesignator=C3 NewDesignator=C18
Change Component Designator: OldDesignator=C4 NewDesignator=C19
Change Component Designator: OldDesignator=C5 NewDesignator=C20
Change Component Designator: OldDesignator=C6 NewDesignator=C21
Change Component Designator: OldDesignator=C7 NewDesignator=C22
Change Component Designator: OldDesignator=C8 NewDesignator=C23
Change Component Designator: OldDesignator=C9 NewDesignator=C24
Change Component Designator: OldDesignator=C10 NewDesignator=C25
Change Component Designator: OldDesignator=C11 NewDesignator=C26
Change Component Designator: OldDesignator=C12 NewDesignator=C27
Change Component Designator: OldDesignator=C13 NewDesignator=C28
Change Component Designator: OldDesignator=C14 NewDesignator=C29
Change Component Designator: OldDesignator=C15 NewDesignator=C30
Change Component Designator: OldDesignator=C16 NewDesignator=C31
Change Component Designator: OldDesignator=C17 NewDesignator=C32
Change Component Designator: OldDesignator=C18 NewDesignator=C33
Change Component Designator: OldDesignator=C19 NewDesignator=C34
Change Component Designator: OldDesignator=C20 NewDesignator=C35
Change Component Designator: OldDesignator=C21 NewDesignator=C36
Change Component Designator: OldDesignator=C22 NewDesignator=C37
Change Component Designator: OldDesignator=C23 NewDesignator=C38
Change Component Designator: OldDesignator=C24 NewDesignator=C39
Change Component Designator: OldDesignator=C25 NewDesignator=C40
Change Component Designator: OldDesignator=C26 NewDesignator=C41
Change Component Designator: OldDesignator=C27 NewDesignator=C42
Change Component Designator: OldDesignator=C28 NewDesignator=C43
Change Component Designator: OldDesignator=C29 NewDesignator=C44
Change Component Designator: OldDesignator=C30 NewDesignator=C45
Change Component Designator: OldDesignator=C31 NewDesignator=C46
Change Component Designator: OldDesignator=C32 NewDesignator=C47
Change Component Designator: OldDesignator=C33 NewDesignator=C48
Change Component Designator: OldDesignator=C34 NewDesignator=C49
Change Component Designator: OldDesignator=C35 NewDesignator=C50
Change Component Designator: OldDesignator=C36 NewDesignator=C51
Change Component Designator: OldDesignator=C37 NewDesignator=C52
Change Component Designator: OldDesignator=C38 NewDesignator=C53
Change Component Designator: OldDesignator=C39 NewDesignator=C54
Change Component Designator: OldDesignator=C40 NewDesignator=C55
Change Component Designator: OldDesignator=C41 NewDesignator=C56
Change Component Designator: OldDesignator=C42 NewDesignator=C57
Change Component Designator: OldDesignator=C43 NewDesignator=C58
Change Component Designator: OldDesignator=D1 NewDesignator=D3
Change Component Designator: OldDesignator=D2 NewDesignator=D4
Change Component Designator: OldDesignator=D3 NewDesignator=D5
Change Component Designator: OldDesignator=JP1 NewDesignator=JP3
Change Component Designator: OldDesignator=JP2 NewDesignator=JP4
Change Component Designator: OldDesignator=Q1 NewDesignator=Q4
Change Component Designator: OldDesignator=Q2 NewDesignator=Q5
Change Component Designator: OldDesignator=R1 NewDesignator=R16
Change Component Designator: OldDesignator=R2 NewDesignator=R17
Change Component Designator: OldDesignator=R3 NewDesignator=R18
Change Component Designator: OldDesignator=R4 NewDesignator=R19
Change Component Designator: OldDesignator=R5 NewDesignator=R20
Change Component Designator: OldDesignator=R6 NewDesignator=R21
Change Component Designator: OldDesignator=R7 NewDesignator=R22
Change Component Designator: OldDesignator=R8 NewDesignator=R23
Change Component Designator: OldDesignator=R9 NewDesignator=R24
Change Component Designator: OldDesignator=R10 NewDesignator=R25
Change Component Designator: OldDesignator=R11 NewDesignator=R26
Change Component Designator: OldDesignator=R12 NewDesignator=R27
Change Component Designator: OldDesignator=R13 NewDesignator=R28
Change Component Designator: OldDesignator=R14 NewDesignator=R29
Change Component Designator: OldDesignator=R15 NewDesignator=R30
Change Component Designator: OldDesignator=R16 NewDesignator=R31
Change Component Designator: OldDesignator=R17 NewDesignator=R32
Change Component Designator: OldDesignator=R18 NewDesignator=R33
Change Component Designator: OldDesignator=R19 NewDesignator=R34
Change Component Designator: OldDesignator=R20 NewDesignator=R35
Change Component Designator: OldDesignator=R21 NewDesignator=R36
Change Component Designator: OldDesignator=R22 NewDesignator=R37
Change Component Designator: OldDesignator=R23 NewDesignator=R38
Change Component Designator: OldDesignator=R24 NewDesignator=R39
Change Component Designator: OldDesignator=R25 NewDesignator=R40
Change Component Designator: OldDesignator=R26 NewDesignator=R41
Change Component Designator: OldDesignator=R27 NewDesignator=R42
Change Component Designator: OldDesignator=TP1 NewDesignator=TP?
Change Component Designator: OldDesignator=TP2 NewDesignator=TP?
Change Component Designator: OldDesignator=U1 NewDesignator=U5
Change Component Designator: OldDesignator=U2 NewDesignator=U6
Change Component Designator: OldDesignator=U3 NewDesignator=U7
Change Component Designator: OldDesignator=U4 NewDesignator=U8
Change Component Designator: OldDesignator=U5 NewDesignator=U9
Change Component Designator: OldDesignator=U6 NewDesignator=U10
Change Component Designator: OldDesignator=U7 NewDesignator=U11
Change Component Designator: OldDesignator=U8 NewDesignator=U12
Change Component Designator: OldDesignator=U9 NewDesignator=U13
Change Component Designator: OldDesignator=U10 NewDesignator=U14
Change Component Designator: OldDesignator=U11 NewDesignator=U15
Change Component Designator: OldDesignator=U12 NewDesignator=U16
Change Component Designator: OldDesignator=U13 NewDesignator=U17
Change Component Designator: OldDesignator=U14 NewDesignator=U18
Change Component Designator: OldDesignator=U15 NewDesignator=U19
Added Pin To Net: NetName=GND Pin=U5-4
Change Net Name : Old Net Name=NetC3_1 New Net Name=NetC18_1
Change Net Name : Old Net Name=NetC5_2 New Net Name=NetC20_2
Change Net Name : Old Net Name=NetC12_1 New Net Name=NetC27_1
Change Net Name : Old Net Name=NetC12_2 New Net Name=NetC27_2
Change Net Name : Old Net Name=NetC14_1 New Net Name=NetC29_1
Change Net Name : Old Net Name=NetC14_2 New Net Name=NetC29_2
Change Net Name : Old Net Name=NetC24_1 New Net Name=NetC39_1
Change Net Name : Old Net Name=NetC35_2 New Net Name=NetC50_2
Change Net Name : Old Net Name=NetC36_1 New Net Name=NetC51_1
Change Net Name : Old Net Name=NetC36_2 New Net Name=NetC51_2
Change Net Name : Old Net Name=NetD2_3 New Net Name=NetD4_3
Change Net Name : Old Net Name=NetQ1_1 New Net Name=NetQ4_1
Change Net Name : Old Net Name=NetQ2_1 New Net Name=NetQ5_1
Change Net Name : Old Net Name=NetR1_1 New Net Name=NetR16_1
Change Net Name : Old Net Name=NetR2_1 New Net Name=NetR17_1
Change Net Name : Old Net Name=NetR5_1 New Net Name=NetR20_1
Change Net Name : Old Net Name=NetR7_1 New Net Name=NetR22_1
Change Net Name : Old Net Name=NetR7_2 New Net Name=NetR22_2
Change Net Name : Old Net Name=NetR8_2 New Net Name=NetR23_2
Change Net Name : Old Net Name=NetR10_2 New Net Name=NetR25_2
Change Net Name : Old Net Name=NetR13_1 New Net Name=NetR28_1
Change Net Name : Old Net Name=NetR14_2 New Net Name=NetR29_2
Change Net Name : Old Net Name=NetR15_1 New Net Name=NetR30_1
Change Net Name : Old Net Name=NetR18_2 New Net Name=NetR33_2
Change Net Name : Old Net Name=NetR20_1 New Net Name=NetR35_1
Change Net Name : Old Net Name=NetR21_2 New Net Name=NetR36_2
Change Net Name : Old Net Name=NetR24_2 New Net Name=NetR39_2
Change Net Name : Old Net Name=NetTP1_1 New Net Name=NetTP?_1
Change Net Name : Old Net Name=NetTP2_1 New Net Name=NetTP?_1
Change Net Name : Old Net Name=NetU3_2 New Net Name=NetU7_2
Change Net Name : Old Net Name=NetU3_3 New Net Name=NetU7_3
Change Net Name : Old Net Name=NetU6_1 New Net Name=NetU10_1
Change Net Name : Old Net Name=NetU11_6 New Net Name=NetU15_6
Change Net Name : Old Net Name=NetU13_6 New Net Name=NetU17_6
Change Net Name : Old Net Name=NetU14_6 New Net Name=NetU18_6
Change Net Name : Old Net Name=NetU15_6 New Net Name=NetU19_6
Added Pin To Net: NetName=NetC18_2 Pin=C18-2
Added Pin To Net: NetName=NetC18_2 Pin=R17-2
Added Pin To Net: NetName=NetC18_2 Pin=U5-3
Added Net: Name=NetC18_2
Added Pin To Net: NetName=NetU5_2 Pin=U5-2
Added Pin To Net: NetName=NetU5_2 Pin=U6-6
Added Net: Name=NetU5_2
Added Member To Class: ClassName=ANALOG_PART Member=Component C32 15PF
Added Member To Class: ClassName=ANALOG_PART Member=Component C33 22UF
Added Member To Class: ClassName=ANALOG_PART Member=Component C34 104
Added Member To Class: ClassName=ANALOG_PART Member=Component C35 22UF
Added Member To Class: ClassName=ANALOG_PART Member=Component C36 104
Added Member To Class: ClassName=ANALOG_PART Member=Component C37 22UF
Added Member To Class: ClassName=ANALOG_PART Member=Component C38 104
Added Member To Class: ClassName=ANALOG_PART Member=Component C39 0.1uF
Added Member To Class: ClassName=ANALOG_PART Member=Component C40 0.1uF
Added Member To Class: ClassName=ANALOG_PART Member=Component C41 0.1uF
Added Member To Class: ClassName=ANALOG_PART Member=Component C42 22UF
Added Member To Class: ClassName=ANALOG_PART Member=Component C43 22uF
Added Member To Class: ClassName=ANALOG_PART Member=Component C44 104
Added Member To Class: ClassName=AtoD_PART Member=Component C44 104
Added Member To Class: ClassName=ANALOG_PART Member=Component C45 10uF
Added Member To Class: ClassName=AtoD_PART Member=Component C45 104
Added Member To Class: ClassName=ANALOG_PART Member=Component C46 10uF
Added Member To Class: ClassName=AtoD_PART Member=Component C46 10uF/6.3V
Added Member To Class: ClassName=ANALOG_PART Member=Component C47 47uF
Added Member To Class: ClassName=AtoD_PART Member=Component C47 104
Added Member To Class: ClassName=ANALOG_PART Member=Component C48 2.2uF
Added Member To Class: ClassName=AtoD_PART Member=Component C48 104
Added Member To Class: ClassName=ANALOG_PART Member=Component C49 2.2uF
Added Member To Class: ClassName=AtoD_PART Member=Component C49 104
Added Member To Class: ClassName=ANALOG_PART Member=Component C50 4.7uF
Added Member To Class: ClassName=AtoD_PART Member=Component C50 104
Added Member To Class: ClassName=ANALOG_PART Member=Component C51 1uF
Added Member To Class: ClassName=AtoD_PART Member=Component C51 104
Added Member To Class: ClassName=ANALOG_PART Member=Component C52 2.2uF
Added Member To Class: ClassName=AtoD_PART Member=Component C52 104
Added Member To Class: ClassName=ANALOG_PART Member=Component C53 22uF
Added Member To Class: ClassName=AtoD_PART Member=Component C53 104
Added Member To Class: ClassName=ANALOG_PART Member=Component C54 0.1uF
Added Member To Class: ClassName=AtoD_PART Member=Component C54 104
Added Member To Class: ClassName=ANALOG_PART Member=Component C55 22uF
Added Member To Class: ClassName=ANALOG_PART Member=Component C56 0.1uF
Added Member To Class: ClassName=ANALOG_PART Member=Component C57 22uF
Added Member To Class: ClassName=ANALOG_PART Member=Component C58 0.1uF
Added Member To Class: ClassName=AtoD_PART Member=Component D4 BAV199
Added Member To Class: ClassName=ANALOG_PART Member=Component D5 1N4148
Added Member To Class: ClassName=AtoD_PART Member=Component D5 BAV199
Added Member To Class: ClassName=AtoD_PART Member=Component R28 1K
Added Member To Class: ClassName=AtoD_PART Member=Component R29 1K
Added Member To Class: ClassName=AtoD_PART Member=Component R30 1K
Added Member To Class: ClassName=ANALOG_PART Member=Component R31 4.99K
Added Member To Class: ClassName=AtoD_PART Member=Component R31 1K
Added Member To Class: ClassName=ANALOG_PART Member=Component R32 4.99K
Added Member To Class: ClassName=AtoD_PART Member=Component R32 1K
Added Member To Class: ClassName=ANALOG_PART Member=Component R33 75
Added Member To Class: ClassName=ANALOG_PART Member=Component R34 1K
Added Member To Class: ClassName=ANALOG_PART Member=Component R35 1K
Added Member To Class: ClassName=ANALOG_PART Member=Component R36 1K
Added Member To Class: ClassName=ANALOG_PART Member=Component R37 1K
Added Member To Class: ClassName=ANALOG_PART Member=Component R38 100K
Added Member To Class: ClassName=ANALOG_PART Member=Component R39 1K
Added Member To Class: ClassName=ANALOG_PART Member=Component R40 150K
Added Member To Class: ClassName=ANALOG_PART Member=Component R41 100K
Added Member To Class: ClassName=ANALOG_PART Member=Component R42 100K
Added Member To Class: ClassName=ANALOG_PART Member=Component U13 SP6201-3.3
Added Member To Class: ClassName=ANALOG_PART Member=Component U14 TL431
Added Member To Class: ClassName=ANALOG_PART Member=Component U16 LM27762
Added Member To Class: ClassName=AtoD_PART Member=Component U16 AD9288BSTZ-100
Added Member To Class: ClassName=ANALOG_PART Member=Component U17 MCP4725
Added Member To Class: ClassName=ANALOG_PART Member=Component U18 MCP4725
Added Member To Class: ClassName=ANALOG_PART Member=Component U19 MCP4725
