Removed Pin From Net: NetName=D3V Pin=C49-2
Removed Pin From Net: NetName=D3V Pin=C50-2
Removed Pin From Net: NetName=D3V Pin=C51-2
Removed Pin From Net: NetName=D3V Pin=C52-2
Removed Pin From Net: NetName=+3 Pin=C53-2
Removed Pin From Net: NetName=+3 Pin=C54-2
Removed Pin From Net: NetName=+3 Pin=C55-2
Removed Pin From Net: NetName=+3 Pin=C56-2
Removed Member From Class: ClassName=ANALOG_PART Member=C44
Removed Member From Class: ClassName=ANALOG_PART Member=C45
Change Component Designator: OldDesignator=C2 NewDesignator=C1
Change Component Designator: OldDesignator=C4 NewDesignator=C2
Change Component Designator: OldDesignator=C5 NewDesignator=C3
Change Component Designator: OldDesignator=C6 NewDesignator=C4
Change Component Designator: OldDesignator=C7 NewDesignator=C6
Change Component Designator: OldDesignator=C8 NewDesignator=C5
Change Component Designator: OldDesignator=C9 NewDesignator=C7
Change Component Designator: OldDesignator=C10 NewDesignator=C8
Change Component Designator: OldDesignator=C11 NewDesignator=C9
Change Component Designator: OldDesignator=C12 NewDesignator=C10
Change Component Designator: OldDesignator=C13 NewDesignator=C11
Change Component Designator: OldDesignator=C14 NewDesignator=C12
Change Component Designator: OldDesignator=C15 NewDesignator=C13
Change Component Designator: OldDesignator=C16 NewDesignator=C14
Change Component Designator: OldDesignator=C17 NewDesignator=C15
Change Component Designator: OldDesignator=C18 NewDesignator=C16
Change Component Designator: OldDesignator=C19 NewDesignator=C17
Change Component Designator: OldDesignator=C20 NewDesignator=C18
Change Component Designator: OldDesignator=C21 NewDesignator=C19
Change Component Designator: OldDesignator=C22 NewDesignator=C20
Change Component Designator: OldDesignator=C23 NewDesignator=C21
Change Component Designator: OldDesignator=C24 NewDesignator=C22
Change Component Designator: OldDesignator=C25 NewDesignator=C23
Change Component Designator: OldDesignator=C26 NewDesignator=C24
Change Component Designator: OldDesignator=C27 NewDesignator=C25
Change Component Designator: OldDesignator=C28 NewDesignator=C26
Change Component Designator: OldDesignator=C29 NewDesignator=C27
Change Component Designator: OldDesignator=C30 NewDesignator=C28
Change Component Designator: OldDesignator=C31 NewDesignator=C29
Change Component Designator: OldDesignator=C32 NewDesignator=C30
Change Component Designator: OldDesignator=C33 NewDesignator=C31
Change Component Designator: OldDesignator=C34 NewDesignator=C32
Change Component Designator: OldDesignator=C35 NewDesignator=C33
Change Component Designator: OldDesignator=C36 NewDesignator=C34
Change Component Designator: OldDesignator=C37 NewDesignator=C35
Change Component Designator: OldDesignator=C38 NewDesignator=C36
Change Component Designator: OldDesignator=C39 NewDesignator=C37
Change Component Designator: OldDesignator=C40 NewDesignator=C42
Change Component Designator: OldDesignator=C41 NewDesignator=C43
Change Component Designator: OldDesignator=C42 NewDesignator=C38
Change Component Designator: OldDesignator=C43 NewDesignator=C39
Change Component Designator: OldDesignator=C44 NewDesignator=C40
Change Component Designator: OldDesignator=C45 NewDesignator=C41
Change Component Designator: OldDesignator=C46 NewDesignator=C44
Change Component Designator: OldDesignator=C47 NewDesignator=C45
Change Component Designator: OldDesignator=C48 NewDesignator=C46
Change Component Designator: OldDesignator=C49 NewDesignator=C47
Change Component Designator: OldDesignator=C50 NewDesignator=C48
Change Component Designator: OldDesignator=C51 NewDesignator=C49
Change Component Designator: OldDesignator=C52 NewDesignator=C50
Change Component Designator: OldDesignator=C53 NewDesignator=C51
Change Component Designator: OldDesignator=C54 NewDesignator=C52
Change Component Designator: OldDesignator=C55 NewDesignator=C53
Change Component Designator: OldDesignator=C56 NewDesignator=C54
Change Component Designator: OldDesignator=L9 NewDesignator=L14
Change Component Designator: OldDesignator=L10 NewDesignator=L11
Change Component Designator: OldDesignator=L11 NewDesignator=L12
Change Component Designator: OldDesignator=L12 NewDesignator=L13
Change Component Designator: OldDesignator=L13 NewDesignator=L9
Change Component Designator: OldDesignator=L14 NewDesignator=L10
Change Component Designator: OldDesignator=U13 NewDesignator=U15
Change Component Designator: OldDesignator=U14 NewDesignator=U13
Change Component Designator: OldDesignator=U15 NewDesignator=U14
Added Component: Designator=L15(L 0603_L)
Add component (AddParameter): Name = "BOM名称"; Value = "小功率贴片电感"; VariantName = "[No Variations]"
Add component (AddParameter): Name = "学习资源"; Value = "www.ooocke.com"; VariantName = "[No Variations]"
Add component (AddParameter): Name = "版权归属"; Value = "源创客"; VariantName = "[No Variations]"
Added Component: Designator=L16(L 0603_L)
Add component (AddParameter): Name = "BOM名称"; Value = "小功率贴片电感"; VariantName = "[No Variations]"
Add component (AddParameter): Name = "学习资源"; Value = "www.ooocke.com"; VariantName = "[No Variations]"
Add component (AddParameter): Name = "版权归属"; Value = "源创客"; VariantName = "[No Variations]"
Added Pin To Net: NetName=D3V Pin=L15-1
Added Pin To Net: NetName=+3 Pin=L16-1
Change Net Name : Old Net Name=NetC2_2 New Net Name=NetC1_2
Change Net Name : Old Net Name=NetC4_1 New Net Name=NetC2_1
Change Net Name : Old Net Name=NetC4_2 New Net Name=NetC2_2
Change Net Name : Old Net Name=NetC5_2 New Net Name=NetC3_2
Change Net Name : Old Net Name=NetC6_1 New Net Name=NetC4_1
Change Net Name : Old Net Name=NetC8_1 New Net Name=NetC5_1
Change Net Name : Old Net Name=NetC10_1 New Net Name=NetC8_1
Change Net Name : Old Net Name=NetC12_1 New Net Name=NetC10_1
Change Net Name : Old Net Name=NetC13_1 New Net Name=NetC11_1
Change Net Name : Old Net Name=NetC13_2 New Net Name=NetC11_2
Change Net Name : Old Net Name=NetC15_1 New Net Name=NetC13_1
Change Net Name : Old Net Name=NetC15_2 New Net Name=NetC13_2
Change Net Name : Old Net Name=NetC17_2 New Net Name=NetC15_2
Change Net Name : Old Net Name=NetC19_2 New Net Name=NetC17_2
Change Net Name : Old Net Name=NetC21_2 New Net Name=NetC19_2
Change Net Name : Old Net Name=NetC23_2 New Net Name=NetC21_2
Change Net Name : Old Net Name=NetC25_1 New Net Name=NetC23_1
Change Net Name : Old Net Name=NetC26_1 New Net Name=NetC24_1
Change Net Name : Old Net Name=NetC28_1 New Net Name=NetC26_1
Change Net Name : Old Net Name=NetC30_1 New Net Name=NetC28_1
Change Net Name : Old Net Name=NetC37_2 New Net Name=NetC35_2
Change Net Name : Old Net Name=NetC38_1 New Net Name=NetC36_1
Change Net Name : Old Net Name=NetC38_2 New Net Name=NetC36_2
Change Net Name : Old Net Name=NetC40_1 New Net Name=NetC42_1
Change Net Name : Old Net Name=NetC42_1 New Net Name=NetC38_1
Change Net Name : Old Net Name=NetC44_1 New Net Name=NetC40_1
Change Net Name : Old Net Name=NetC47_2 New Net Name=NetC45_2
Change Net Name : Old Net Name=NetU13_6 New Net Name=NetU15_6
Change Net Name : Old Net Name=NetU14_6 New Net Name=NetU13_6
Change Net Name : Old Net Name=NetU15_6 New Net Name=NetU14_6
Added Pin To Net: NetName=NetC47_2 Pin=C47-2
Added Pin To Net: NetName=NetC47_2 Pin=C48-2
Added Pin To Net: NetName=NetC47_2 Pin=C49-2
Added Pin To Net: NetName=NetC47_2 Pin=C50-2
Added Pin To Net: NetName=NetC47_2 Pin=L15-2
Added Net: Name=NetC47_2
Added Pin To Net: NetName=NetC51_2 Pin=C51-2
Added Pin To Net: NetName=NetC51_2 Pin=C52-2
Added Pin To Net: NetName=NetC51_2 Pin=C53-2
Added Pin To Net: NetName=NetC51_2 Pin=C54-2
Added Pin To Net: NetName=NetC51_2 Pin=L16-2
Added Net: Name=NetC51_2
Added Member To Class: ClassName=ANALOG_PART Member=Component C42 22uF
Added Member To Class: ClassName=ANALOG_PART Member=Component C43 0.1uF
Added Member To Class: ClassName=AtoD_PART Member=Component L15 10uH
Added Member To Class: ClassName=AtoD_PART Member=Component L16 10uH
