Removed Pin From Net: NetName=2CHA_P Pin=U16-2
Removed Pin From Net: NetName=2CHA_N Pin=U16-3
Change Component Designator: OldDesignator=SP? NewDesignator=SP1
Change Component Designator: OldDesignator=SP? NewDesignator=SP2
Change Component Designator: OldDesignator=SP? NewDesignator=SP3
Change Component Designator: OldDesignator=SP? NewDesignator=SP4
Added Component: Designator=C85(C 0603_L)
Add component (AddParameter): Name = "BOM名称"; Value = "无极性贴片电容"; VariantName = "[No Variations]"
Add component (AddParameter): Name = "学习资源"; Value = "www.ooocke.com"; VariantName = "[No Variations]"
Add component (AddParameter): Name = "版权归属"; Value = "源创客"; VariantName = "[No Variations]"
Added Component: Designator=D9(SOT23-3L)
Add component (AddParameter): Name = "BOM名称"; Value = "肖特基二极管"; VariantName = "[No Variations]"
Add component (AddParameter): Name = "学习资源"; Value = "www.ooocke.com"; VariantName = "[No Variations]"
Add component (AddParameter): Name = "属性"; Value = "40V/2A"; VariantName = "[No Variations]"
Add component (AddParameter): Name = "版权归属"; Value = "源创客"; VariantName = "[No Variations]"
Added Component: Designator=D10(SOT23-3L)
Add component (AddParameter): Name = "BOM名称"; Value = "肖特基二极管"; VariantName = "[No Variations]"
Add component (AddParameter): Name = "学习资源"; Value = "www.ooocke.com"; VariantName = "[No Variations]"
Add component (AddParameter): Name = "属性"; Value = "40V/2A"; VariantName = "[No Variations]"
Add component (AddParameter): Name = "版权归属"; Value = "源创客"; VariantName = "[No Variations]"
Added Component: Designator=R55(R 0603_L)
Add component (AddParameter): Name = "BOM名称"; Value = "贴片电阻"; VariantName = "[No Variations]"
Add component (AddParameter): Name = "学习资源"; Value = "www.ooocke.com"; VariantName = "[No Variations]"
Add component (AddParameter): Name = "版权归属"; Value = "源创客"; VariantName = "[No Variations]"
Added Component: Designator=R57(R 0603_L)
Add component (AddParameter): Name = "BOM名称"; Value = "贴片电阻"; VariantName = "[No Variations]"
Add component (AddParameter): Name = "学习资源"; Value = "www.ooocke.com"; VariantName = "[No Variations]"
Add component (AddParameter): Name = "版权归属"; Value = "源创客"; VariantName = "[No Variations]"
Added Pin To Net: NetName=GND Pin=D9-1
Added Pin To Net: NetName=GND Pin=D9-2
Added Pin To Net: NetName=GND Pin=D10-1
Added Pin To Net: NetName=GND Pin=D10-2
Added Pin To Net: NetName=CHA_N Pin=R55-1
Added Pin To Net: NetName=CHA_P Pin=R57-1
Added Pin To Net: NetName=2CHB_N Pin=C85-2
Added Pin To Net: NetName=2CHB_N Pin=D10-3
Added Pin To Net: NetName=2CHB_N Pin=R57-2
Added Pin To Net: NetName=2CHB_N Pin=U16-3
Added Net: Name=2CHB_N
Added Pin To Net: NetName=2CHB_P Pin=C85-1
Added Pin To Net: NetName=2CHB_P Pin=D9-3
Added Pin To Net: NetName=2CHB_P Pin=R55-2
Added Pin To Net: NetName=2CHB_P Pin=U16-2
Added Net: Name=2CHB_P
Added Member To Class: ClassName=AtoD_PART Member=Component C45 104
Added Member To Class: ClassName=AtoD_PART Member=Component C85 104
Added Member To Class: ClassName=AtoD_PART Member=Component D4 BAV199
Added Member To Class: ClassName=AtoD_PART Member=Component D5 BAV199
Added Member To Class: ClassName=AtoD_PART Member=Component D9 BAV199
Added Member To Class: ClassName=AtoD_PART Member=Component D10 BAV199
Added Member To Class: ClassName=AtoD_PART Member=Component R28 1K
Added Member To Class: ClassName=AtoD_PART Member=Component R29 1K
Added Member To Class: ClassName=AtoD_PART Member=Component R55 1K
Added Member To Class: ClassName=AtoD_PART Member=Component R57 1K
Added Member To Class: ClassName=AtoD_PART Member=Component SP1 M2铜柱
Added Member To Class: ClassName=AtoD_PART Member=Component SP2 M2铜柱
Added Member To Class: ClassName=AtoD_PART Member=Component SP3 M2铜柱
Added Member To Class: ClassName=AtoD_PART Member=Component SP4 M2铜柱
