Removed Member From Class: ClassName=ANALOG_PART Member=C46
Removed Member From Class: ClassName=ANALOG_PART Member=C48
Removed Member From Class: ClassName=ANALOG_PART Member=C50
Removed Member From Class: ClassName=ANALOG_PART Member=D5
Removed Member From Class: ClassName=ANALOG_PART Member=R31
Change Component Designator: OldDesignator=C16 NewDesignator=C1
Change Component Designator: OldDesignator=C17 NewDesignator=C2
Change Component Designator: OldDesignator=C18 NewDesignator=C3
Change Component Designator: OldDesignator=C19 NewDesignator=C4
Change Component Designator: OldDesignator=C20 NewDesignator=C5
Change Component Designator: OldDesignator=C21 NewDesignator=C6
Change Component Designator: OldDesignator=C22 NewDesignator=C7
Change Component Designator: OldDesignator=C23 NewDesignator=C8
Change Component Designator: OldDesignator=C24 NewDesignator=C9
Change Component Designator: OldDesignator=C25 NewDesignator=C10
Change Component Designator: OldDesignator=C26 NewDesignator=C11
Change Component Designator: OldDesignator=C27 NewDesignator=C12
Change Component Designator: OldDesignator=C28 NewDesignator=C13
Change Component Designator: OldDesignator=C29 NewDesignator=C14
Change Component Designator: OldDesignator=C30 NewDesignator=C15
Change Component Designator: OldDesignator=C31 NewDesignator=C16
Change Component Designator: OldDesignator=C32 NewDesignator=C17
Change Component Designator: OldDesignator=C33 NewDesignator=C18
Change Component Designator: OldDesignator=C34 NewDesignator=C19
Change Component Designator: OldDesignator=C35 NewDesignator=C20
Change Component Designator: OldDesignator=C36 NewDesignator=C21
Change Component Designator: OldDesignator=C37 NewDesignator=C22
Change Component Designator: OldDesignator=C38 NewDesignator=C23
Change Component Designator: OldDesignator=C39 NewDesignator=C24
Change Component Designator: OldDesignator=C40 NewDesignator=C25
Change Component Designator: OldDesignator=C41 NewDesignator=C26
Change Component Designator: OldDesignator=C42 NewDesignator=C27
Change Component Designator: OldDesignator=C43 NewDesignator=C28
Change Component Designator: OldDesignator=C44 NewDesignator=C29
Change Component Designator: OldDesignator=C45 NewDesignator=C30
Change Component Designator: OldDesignator=C46 NewDesignator=C31
Change Component Designator: OldDesignator=C47 NewDesignator=C32
Change Component Designator: OldDesignator=C48 NewDesignator=C33
Change Component Designator: OldDesignator=C49 NewDesignator=C34
Change Component Designator: OldDesignator=C50 NewDesignator=C35
Change Component Designator: OldDesignator=C51 NewDesignator=C36
Change Component Designator: OldDesignator=C52 NewDesignator=C37
Change Component Designator: OldDesignator=C53 NewDesignator=C38
Change Component Designator: OldDesignator=C54 NewDesignator=C39
Change Component Designator: OldDesignator=C55 NewDesignator=C40
Change Component Designator: OldDesignator=C56 NewDesignator=C41
Change Component Designator: OldDesignator=C57 NewDesignator=C42
Change Component Designator: OldDesignator=C58 NewDesignator=C43
Change Component Designator: OldDesignator=D3 NewDesignator=D1
Change Component Designator: OldDesignator=D4 NewDesignator=D2
Change Component Designator: OldDesignator=D5 NewDesignator=D3
Change Component Designator: OldDesignator=JP3 NewDesignator=JP1
Change Component Designator: OldDesignator=JP4 NewDesignator=JP2
Change Component Designator: OldDesignator=Q4 NewDesignator=Q1
Change Component Designator: OldDesignator=Q5 NewDesignator=Q2
Change Component Designator: OldDesignator=R16 NewDesignator=R1
Change Component Designator: OldDesignator=R17 NewDesignator=R2
Change Component Designator: OldDesignator=R18 NewDesignator=R3
Change Component Designator: OldDesignator=R19 NewDesignator=R4
Change Component Designator: OldDesignator=R20 NewDesignator=R5
Change Component Designator: OldDesignator=R21 NewDesignator=R6
Change Component Designator: OldDesignator=R22 NewDesignator=R7
Change Component Designator: OldDesignator=R23 NewDesignator=R8
Change Component Designator: OldDesignator=R24 NewDesignator=R9
Change Component Designator: OldDesignator=R25 NewDesignator=R10
Change Component Designator: OldDesignator=R26 NewDesignator=R11
Change Component Designator: OldDesignator=R27 NewDesignator=R12
Change Component Designator: OldDesignator=R28 NewDesignator=R13
Change Component Designator: OldDesignator=R29 NewDesignator=R14
Change Component Designator: OldDesignator=R30 NewDesignator=R15
Change Component Designator: OldDesignator=R31 NewDesignator=R16
Change Component Designator: OldDesignator=R32 NewDesignator=R17
Change Component Designator: OldDesignator=R33 NewDesignator=R18
Change Component Designator: OldDesignator=R34 NewDesignator=R19
Change Component Designator: OldDesignator=R35 NewDesignator=R20
Change Component Designator: OldDesignator=R36 NewDesignator=R21
Change Component Designator: OldDesignator=R37 NewDesignator=R22
Change Component Designator: OldDesignator=R38 NewDesignator=R23
Change Component Designator: OldDesignator=R39 NewDesignator=R24
Change Component Designator: OldDesignator=R40 NewDesignator=R25
Change Component Designator: OldDesignator=R41 NewDesignator=R26
Change Component Designator: OldDesignator=R42 NewDesignator=R27
Change Component Designator: OldDesignator=TP? NewDesignator=TP1
Change Component Designator: OldDesignator=TP? NewDesignator=TP2
Change Component Designator: OldDesignator=U5 NewDesignator=U1
Change Component Designator: OldDesignator=U7 NewDesignator=U3
Change Component Designator: OldDesignator=U8 NewDesignator=U4
Change Component Designator: OldDesignator=U9 NewDesignator=U5
Change Component Designator: OldDesignator=U10 NewDesignator=U6
Change Component Designator: OldDesignator=U11 NewDesignator=U7
Change Component Designator: OldDesignator=U12 NewDesignator=U8
Change Component Designator: OldDesignator=U13 NewDesignator=U9
Change Component Designator: OldDesignator=U14 NewDesignator=U10
Change Component Designator: OldDesignator=U15 NewDesignator=U11
Change Component Designator: OldDesignator=U16 NewDesignator=U12
Change Component Designator: OldDesignator=U17 NewDesignator=U13
Change Component Designator: OldDesignator=U18 NewDesignator=U14
Change Component Designator: OldDesignator=U19 NewDesignator=U15
Change Component Designator: OldDesignator=U? NewDesignator=U2
Change Net Name : Old Net Name=NetC18_1 New Net Name=NetC3_1
Change Net Name : Old Net Name=NetC18_2 New Net Name=NetC3_2
Change Net Name : Old Net Name=NetC20_2 New Net Name=NetC5_2
Change Net Name : Old Net Name=NetC27_1 New Net Name=NetC12_1
Change Net Name : Old Net Name=NetC27_2 New Net Name=NetC12_2
Change Net Name : Old Net Name=NetC29_1 New Net Name=NetC14_1
Change Net Name : Old Net Name=NetC29_2 New Net Name=NetC14_2
Change Net Name : Old Net Name=NetC39_1 New Net Name=NetC24_1
Change Net Name : Old Net Name=NetC50_2 New Net Name=NetC35_2
Change Net Name : Old Net Name=NetC51_1 New Net Name=NetC36_1
Change Net Name : Old Net Name=NetC51_2 New Net Name=NetC36_2
Change Net Name : Old Net Name=NetD4_3 New Net Name=NetD2_3
Change Net Name : Old Net Name=NetQ4_1 New Net Name=NetQ1_1
Change Net Name : Old Net Name=NetQ5_1 New Net Name=NetQ2_1
Change Net Name : Old Net Name=NetR16_1 New Net Name=NetR1_1
Change Net Name : Old Net Name=NetR17_1 New Net Name=NetR2_1
Change Net Name : Old Net Name=NetR20_1 New Net Name=NetR5_1
Change Net Name : Old Net Name=NetR22_1 New Net Name=NetR7_1
Change Net Name : Old Net Name=NetR22_2 New Net Name=NetR7_2
Change Net Name : Old Net Name=NetR23_2 New Net Name=NetR8_2
Change Net Name : Old Net Name=NetR25_2 New Net Name=NetR10_2
Change Net Name : Old Net Name=NetR28_1 New Net Name=NetR13_1
Change Net Name : Old Net Name=NetR29_2 New Net Name=NetR14_2
Change Net Name : Old Net Name=NetR30_1 New Net Name=NetR15_1
Change Net Name : Old Net Name=NetR33_2 New Net Name=NetR18_2
Change Net Name : Old Net Name=NetR35_1 New Net Name=NetR20_1
Change Net Name : Old Net Name=NetR36_2 New Net Name=NetR21_2
Change Net Name : Old Net Name=NetR39_2 New Net Name=NetR24_2
Change Net Name : Old Net Name=NetTP?_1 New Net Name=NetTP1_1
Change Net Name : Old Net Name=NetTP?_1 New Net Name=NetTP2_1
Change Net Name : Old Net Name=NetU5_6 New Net Name=NetU1_6
Change Net Name : Old Net Name=NetU7_2 New Net Name=NetU3_2
Change Net Name : Old Net Name=NetU7_3 New Net Name=NetU3_3
Change Net Name : Old Net Name=NetU10_1 New Net Name=NetU6_1
Change Net Name : Old Net Name=NetU15_6 New Net Name=NetU11_6
Change Net Name : Old Net Name=NetU17_6 New Net Name=NetU13_6
Change Net Name : Old Net Name=NetU18_6 New Net Name=NetU14_6
Change Net Name : Old Net Name=NetU19_6 New Net Name=NetU15_6
Added Member To Class: ClassName=ANALOG_PART Member=Component C31 10uF
Added Member To Class: ClassName=ANALOG_PART Member=Component C33 2.2uF
Added Member To Class: ClassName=ANALOG_PART Member=Component C35 4.7uF
Added Member To Class: ClassName=ANALOG_PART Member=Component D3 1N4148
Added Member To Class: ClassName=ANALOG_PART Member=Component R16 4.99K
Added Member To Class: ClassName=ANALOG_PART Member=Component TP1 TEST TP
