Change Component Designator: Old Designator=C5 New Designator=C6
Change Component Designator: Old Designator=C6 New Designator=C5
Change Component Designator: Old Designator=C26 New Designator=C28
Change Component Designator: Old Designator=C27 New Designator=C29
Change Component Designator: Old Designator=C28 New Designator=C26
Change Component Designator: Old Designator=C29 New Designator=C27
Change Component Designator: Old Designator=C39 New Designator=C43
Change Component Designator: Old Designator=C40 New Designator=C44
Change Component Designator: Old Designator=C41 New Designator=C39
Change Component Designator: Old Designator=C42 New Designator=C40
Change Component Designator: Old Designator=C43 New Designator=C41
Change Component Designator: Old Designator=C44 New Designator=C42
Change Component Designator: Old Designator=L4 New Designator=L5
Change Component Designator: Old Designator=L5 New Designator=L4
Change Component Designator: Old Designator=L10 New Designator=L11
Change Component Designator: Old Designator=L11 New Designator=L10
Change Component Designator: Old Designator=L12 New Designator=L13
Change Component Designator: Old Designator=L13 New Designator=L14
Change Component Designator: Old Designator=L14 New Designator=L12
Change Component Designator: Old Designator=L? New Designator=L9
Change Component Designator: Old Designator=R14 New Designator=R17
Change Component Designator: Old Designator=R15 New Designator=R14
Change Component Designator: Old Designator=R16 New Designator=R15
Change Component Designator: Old Designator=R17 New Designator=R22
Change Component Designator: Old Designator=R18 New Designator=R24
Change Component Designator: Old Designator=R19 New Designator=R16
Change Component Designator: Old Designator=R20 New Designator=R18
Change Component Designator: Old Designator=R21 New Designator=R19
Change Component Designator: Old Designator=R22 New Designator=R20
Change Component Designator: Old Designator=R23 New Designator=R21
Change Component Designator: Old Designator=R24 New Designator=R23
Change Component Designator: Old Designator=U13 New Designator=U15
Change Component Designator: Old Designator=U14 New Designator=U13
Change Component Designator: Old Designator=U15 New Designator=U14
