Removed Pin From Net: NetName=CHA_COMP Pin=TP?-1
Removed Pin From Net: NetName=CHA_N Pin=TP?-1
Removed Pin From Net: NetName=CHA_P Pin=TP?-1
Removed Pin From Net: NetName=NetD4_3 Pin=TP?-1
Removed Pin From Net: NetName=NetR16_1 Pin=TP?-1
Removed Pin From Net: NetName=NetR20_1 Pin=TP?-1
Removed Pin From Net: NetName=NetR23_2 Pin=TP?-1
Removed Pin From Net: NetName=OFST_CHA_F Pin=TP?-1
Removed Pin From Net: NetName=OFST_CHA Pin=TP?-1
Removed Pin From Net: NetName=VGA_CTR Pin=TP?-1
Added Pin To Net: NetName=NetU7_2 Pin=U7-2
Added Pin To Net: NetName=NetU7_2 Pin=U11-5
Added Net: Name=NetU7_2
Added Pin To Net: NetName=NetU7_3 Pin=U7-3
Added Pin To Net: NetName=NetU7_3 Pin=U11-4
Added Net: Name=NetU7_3
Added Pin To Net: NetName=NetU10_1 Pin=U10-1
Added Pin To Net: NetName=NetU10_1 Pin=U10-4
Added Pin To Net: NetName=NetU10_1 Pin=U11-8
Added Net: Name=NetU10_1
Added Pin To Net: NetName=NetU15_6 Pin=U15-6
Added Net: Name=NetU15_6
Added Member To Class: ClassName=ANALOG_PART Member=Component R24 953K
Added Member To Class: ClassName=ANALOG_PART Member=Component TP? TEST TP
Added Member To Class: ClassName=AtoD_PART Member=Component TP? TEST TP
Added Member To Class: ClassName=AtoD_PART Member=Component TP? TEST TP
Added Member To Class: ClassName=AtoD_PART Member=Component TP? TEST TP
