Change Component Comment : Designator=C3 Old Comment=0.1uF New Comment=100nF
Change Component Comment : Designator=C23 Old Comment=0.1uF New Comment=100nF
Change Component Comment : Designator=C24 Old Comment=0.1uF New Comment=100nF
Change Component Comment : Designator=C28 Old Comment=0.1uF New Comment=100nF
Change Component Comment : Designator=C40 Old Comment=0.1uF New Comment=100nF
Change Component Comment : Designator=C42 Old Comment=0.1uF New Comment=100nF
Change Component Comment : Designator=C44 Old Comment=0.1uF New Comment=100nF
Change Component Comment : Designator=C59 Old Comment=0.1uF New Comment=100nF
Change Component Comment : Designator=C79 Old Comment=0.1uF New Comment=100nF
Change Component Comment : Designator=C80 Old Comment=0.1uF New Comment=100nF
Change Component Comment : Designator=C84 Old Comment=0.1uF New Comment=100nF
Change Component Comment : Designator=C88 Old Comment=0.1uF New Comment=100nF
Change Component Comment : Designator=C90 Old Comment=0.1uF New Comment=100nF
Change Component Comment : Designator=C92 Old Comment=0.1uF New Comment=100nF
Change Component Comment : Designator=R38 Old Comment=47K New Comment=24K
Change Component Comment : Designator=R40 Old Comment=47K New Comment=24K
Change Component Comment : Designator=R10 Old Comment=56 New Comment=75
Change Component Comment : Designator=R44 Old Comment=56 New Comment=75
Change Component Comment : Designator=C1 Old Comment=104 New Comment=100nF
Change Component Comment : Designator=C5 Old Comment=104 New Comment=100nF
Change Component Comment : Designator=C7 Old Comment=104 New Comment=100nF
Change Component Comment : Designator=C9 Old Comment=104 New Comment=100nF
Change Component Comment : Designator=C10 Old Comment=104 New Comment=100nF
Change Component Comment : Designator=C18 Old Comment=104 New Comment=100nF
Change Component Comment : Designator=C20 Old Comment=104 New Comment=100nF
Change Component Comment : Designator=C22 Old Comment=104 New Comment=100nF
Change Component Comment : Designator=C27 Old Comment=104 New Comment=100nF
Change Component Comment : Designator=C57 Old Comment=104 New Comment=100nF
Change Component Comment : Designator=C62 Old Comment=104 New Comment=100nF
Change Component Comment : Designator=C63 Old Comment=104 New Comment=100nF
Change Component Comment : Designator=C65 Old Comment=104 New Comment=100nF
Change Component Comment : Designator=C66 Old Comment=104 New Comment=100nF
Change Component Comment : Designator=C74 Old Comment=104 New Comment=100nF
Change Component Comment : Designator=C76 Old Comment=104 New Comment=100nF
Change Component Comment : Designator=C78 Old Comment=104 New Comment=100nF
Change Component Comment : Designator=C83 Old Comment=104 New Comment=100nF
Change Component Comment : Designator=R37 Old Comment=953K New Comment=976K
Change Component Comment : Designator=R43 Old Comment=953K New Comment=976K
Change Component Comment : Designator=U9 Old Comment=SP6201-3.3 New Comment=SGM2036-3.0
