Change Component Comment : Designator=R37 Old Comment=24K New Comment=47K
Change Component Comment : Designator=R43 Old Comment=976K New Comment=953K
Added Component: Designator=TP?(TEST TP1.4_B)
Add component (AddParameter): Name = "BOM名称"; Value = "测试环"; VariantName = "[No Variations]"
Add component (AddParameter): Name = "学习资源"; Value = "www.ooocke.com"; VariantName = "[No Variations]"
Add component (AddParameter): Name = "版权归属"; Value = "源创客"; VariantName = "[No Variations]"
Added Component: Designator=TP?(TEST TP1.4_B)
Add component (AddParameter): Name = "BOM名称"; Value = "测试环"; VariantName = "[No Variations]"
Add component (AddParameter): Name = "学习资源"; Value = "www.ooocke.com"; VariantName = "[No Variations]"
Add component (AddParameter): Name = "版权归属"; Value = "源创客"; VariantName = "[No Variations]"
Added Component: Designator=TP?(TEST TP1.4_B)
Add component (AddParameter): Name = "BOM名称"; Value = "测试环"; VariantName = "[No Variations]"
Add component (AddParameter): Name = "学习资源"; Value = "www.ooocke.com"; VariantName = "[No Variations]"
Add component (AddParameter): Name = "版权归属"; Value = "源创客"; VariantName = "[No Variations]"
Added Component: Designator=TP?(TEST TP1.4_B)
Add component (AddParameter): Name = "BOM名称"; Value = "测试环"; VariantName = "[No Variations]"
Add component (AddParameter): Name = "学习资源"; Value = "www.ooocke.com"; VariantName = "[No Variations]"
Add component (AddParameter): Name = "版权归属"; Value = "源创客"; VariantName = "[No Variations]"
Added Component: Designator=TP?(TEST TP1.4_B)
Add component (AddParameter): Name = "BOM名称"; Value = "测试环"; VariantName = "[No Variations]"
Add component (AddParameter): Name = "学习资源"; Value = "www.ooocke.com"; VariantName = "[No Variations]"
Add component (AddParameter): Name = "版权归属"; Value = "源创客"; VariantName = "[No Variations]"
Added Component: Designator=TP?(TEST TP1.4_B)
Add component (AddParameter): Name = "BOM名称"; Value = "测试环"; VariantName = "[No Variations]"
Add component (AddParameter): Name = "学习资源"; Value = "www.ooocke.com"; VariantName = "[No Variations]"
Add component (AddParameter): Name = "版权归属"; Value = "源创客"; VariantName = "[No Variations]"
Added Component: Designator=TP?(TEST TP1.4_B)
Add component (AddParameter): Name = "BOM名称"; Value = "测试环"; VariantName = "[No Variations]"
Add component (AddParameter): Name = "学习资源"; Value = "www.ooocke.com"; VariantName = "[No Variations]"
Add component (AddParameter): Name = "版权归属"; Value = "源创客"; VariantName = "[No Variations]"
Added Component: Designator=TP?(TEST TP1.4_B)
Add component (AddParameter): Name = "BOM名称"; Value = "测试环"; VariantName = "[No Variations]"
Add component (AddParameter): Name = "学习资源"; Value = "www.ooocke.com"; VariantName = "[No Variations]"
Add component (AddParameter): Name = "版权归属"; Value = "源创客"; VariantName = "[No Variations]"
Added Component: Designator=TP?(TEST TP1.4_B)
Add component (AddParameter): Name = "BOM名称"; Value = "测试环"; VariantName = "[No Variations]"
Add component (AddParameter): Name = "学习资源"; Value = "www.ooocke.com"; VariantName = "[No Variations]"
Add component (AddParameter): Name = "版权归属"; Value = "源创客"; VariantName = "[No Variations]"
Added Component: Designator=TP?(TEST TP1.4_B)
Add component (AddParameter): Name = "BOM名称"; Value = "测试环"; VariantName = "[No Variations]"
Add component (AddParameter): Name = "学习资源"; Value = "www.ooocke.com"; VariantName = "[No Variations]"
Add component (AddParameter): Name = "版权归属"; Value = "源创客"; VariantName = "[No Variations]"
Added Component: Designator=TP?(TEST TP1.4_B)
Add component (AddParameter): Name = "BOM名称"; Value = "测试环"; VariantName = "[No Variations]"
Add component (AddParameter): Name = "学习资源"; Value = "www.ooocke.com"; VariantName = "[No Variations]"
Add component (AddParameter): Name = "版权归属"; Value = "源创客"; VariantName = "[No Variations]"
Added Component: Designator=TP?(TEST TP1.4_B)
Add component (AddParameter): Name = "BOM名称"; Value = "测试环"; VariantName = "[No Variations]"
Add component (AddParameter): Name = "学习资源"; Value = "www.ooocke.com"; VariantName = "[No Variations]"
Add component (AddParameter): Name = "版权归属"; Value = "源创客"; VariantName = "[No Variations]"
Added Component: Designator=TP?(TEST TP1.4_B)
Add component (AddParameter): Name = "BOM名称"; Value = "测试环"; VariantName = "[No Variations]"
Add component (AddParameter): Name = "学习资源"; Value = "www.ooocke.com"; VariantName = "[No Variations]"
Add component (AddParameter): Name = "版权归属"; Value = "源创客"; VariantName = "[No Variations]"
Added Component: Designator=TP?(TEST TP1.4_B)
Add component (AddParameter): Name = "BOM名称"; Value = "测试环"; VariantName = "[No Variations]"
Add component (AddParameter): Name = "学习资源"; Value = "www.ooocke.com"; VariantName = "[No Variations]"
Add component (AddParameter): Name = "版权归属"; Value = "源创客"; VariantName = "[No Variations]"
Added Component: Designator=TP?(TEST TP1.4_B)
Add component (AddParameter): Name = "BOM名称"; Value = "测试环"; VariantName = "[No Variations]"
Add component (AddParameter): Name = "学习资源"; Value = "www.ooocke.com"; VariantName = "[No Variations]"
Add component (AddParameter): Name = "版权归属"; Value = "源创客"; VariantName = "[No Variations]"
Added Component: Designator=TP?(TEST TP1.4_B)
Add component (AddParameter): Name = "BOM名称"; Value = "测试环"; VariantName = "[No Variations]"
Add component (AddParameter): Name = "学习资源"; Value = "www.ooocke.com"; VariantName = "[No Variations]"
Add component (AddParameter): Name = "版权归属"; Value = "源创客"; VariantName = "[No Variations]"
Added Component: Designator=TP?(TEST TP1.4_B)
Add component (AddParameter): Name = "BOM名称"; Value = "测试环"; VariantName = "[No Variations]"
Add component (AddParameter): Name = "学习资源"; Value = "www.ooocke.com"; VariantName = "[No Variations]"
Add component (AddParameter): Name = "版权归属"; Value = "源创客"; VariantName = "[No Variations]"
Added Component: Designator=TP?(TEST TP1.4_B)
Add component (AddParameter): Name = "BOM名称"; Value = "测试环"; VariantName = "[No Variations]"
Add component (AddParameter): Name = "学习资源"; Value = "www.ooocke.com"; VariantName = "[No Variations]"
Add component (AddParameter): Name = "版权归属"; Value = "源创客"; VariantName = "[No Variations]"
Added Component: Designator=TP?(TEST TP1.4_B)
Add component (AddParameter): Name = "BOM名称"; Value = "测试环"; VariantName = "[No Variations]"
Add component (AddParameter): Name = "学习资源"; Value = "www.ooocke.com"; VariantName = "[No Variations]"
Add component (AddParameter): Name = "版权归属"; Value = "源创客"; VariantName = "[No Variations]"
Added Component: Designator=TP?(TEST TP1.4_B)
Add component (AddParameter): Name = "BOM名称"; Value = "测试环"; VariantName = "[No Variations]"
Add component (AddParameter): Name = "学习资源"; Value = "www.ooocke.com"; VariantName = "[No Variations]"
Add component (AddParameter): Name = "版权归属"; Value = "源创客"; VariantName = "[No Variations]"
Added Component: Designator=TP?(TEST TP1.4_B)
Add component (AddParameter): Name = "BOM名称"; Value = "测试环"; VariantName = "[No Variations]"
Add component (AddParameter): Name = "学习资源"; Value = "www.ooocke.com"; VariantName = "[No Variations]"
Add component (AddParameter): Name = "版权归属"; Value = "源创客"; VariantName = "[No Variations]"
Added Component: Designator=TP?(TEST TP1.4_B)
Add component (AddParameter): Name = "BOM名称"; Value = "测试环"; VariantName = "[No Variations]"
Add component (AddParameter): Name = "学习资源"; Value = "www.ooocke.com"; VariantName = "[No Variations]"
Add component (AddParameter): Name = "版权归属"; Value = "源创客"; VariantName = "[No Variations]"
Added Component: Designator=TP?(TEST TP1.4_B)
Add component (AddParameter): Name = "BOM名称"; Value = "测试环"; VariantName = "[No Variations]"
Add component (AddParameter): Name = "学习资源"; Value = "www.ooocke.com"; VariantName = "[No Variations]"
Add component (AddParameter): Name = "版权归属"; Value = "源创客"; VariantName = "[No Variations]"
Added Pin To Net: NetName=Net1_5 Pin=TP?-1
Added Pin To Net: NetName=Net1_6 Pin=TP?-1
Added Pin To Net: NetName=Net1_7 Pin=TP?-1
Added Pin To Net: NetName=Net1_8 Pin=TP?-1
Added Pin To Net: NetName=Net1_9 Pin=TP?-1
Added Pin To Net: NetName=Net1_10 Pin=TP?-1
Added Pin To Net: NetName=Net1_11 Pin=TP?-1
Added Pin To Net: NetName=Net1_12 Pin=TP?-1
Added Pin To Net: NetName=Net1_13 Pin=TP?-1
Added Pin To Net: NetName=Net1_14 Pin=TP?-1
Added Pin To Net: NetName=Net1_15 Pin=TP?-1
Added Pin To Net: NetName=Net1_16 Pin=TP?-1
Added Pin To Net: NetName=Net1_19 Pin=TP?-1
Added Pin To Net: NetName=Net1_20 Pin=TP?-1
Added Pin To Net: NetName=Net1_21 Pin=TP?-1
Added Pin To Net: NetName=Net1_22 Pin=TP?-1
Added Pin To Net: NetName=Net1_23 Pin=TP?-1
Added Pin To Net: NetName=Net1_24 Pin=TP?-1
Added Pin To Net: NetName=Net1_28 Pin=TP?-1
Added Pin To Net: NetName=Net1_29 Pin=TP?-1
Added Pin To Net: NetName=Net1_33 Pin=TP?-1
Added Pin To Net: NetName=Net1_34 Pin=TP?-1
Added Pin To Net: NetName=Net1_38 Pin=TP?-1
Added Member To Class: ClassName=ANALOG_PART1 Member=Component TP? TEST TP
Added Member To Class: ClassName=ANALOG_PART1 Member=Component TP? TEST TP
Added Member To Class: ClassName=AtoD_PART Member=Component TP? TEST TP
Added Member To Class: ClassName=AtoD_PART Member=Component TP? TEST TP
Added Member To Class: ClassName=AtoD_PART Member=Component TP? TEST TP
Added Member To Class: ClassName=AtoD_PART Member=Component TP? TEST TP
Added Member To Class: ClassName=AtoD_PART Member=Component TP? TEST TP
Added Member To Class: ClassName=AtoD_PART Member=Component TP? TEST TP
Added Member To Class: ClassName=AtoD_PART Member=Component TP? TEST TP
Added Member To Class: ClassName=AtoD_PART Member=Component TP? TEST TP
Added Member To Class: ClassName=AtoD_PART Member=Component TP? TEST TP
Added Member To Class: ClassName=AtoD_PART Member=Component TP? TEST TP
Added Member To Class: ClassName=AtoD_PART Member=Component TP? TEST TP
Added Member To Class: ClassName=AtoD_PART Member=Component TP? TEST TP
Added Member To Class: ClassName=AtoD_PART Member=Component TP? TEST TP
Added Member To Class: ClassName=AtoD_PART Member=Component TP? TEST TP
Added Member To Class: ClassName=AtoD_PART Member=Component TP? TEST TP
Added Member To Class: ClassName=AtoD_PART Member=Component TP? TEST TP
Added Member To Class: ClassName=AtoD_PART Member=Component TP? TEST TP
Added Member To Class: ClassName=AtoD_PART Member=Component TP? TEST TP
Added Member To Class: ClassName=AtoD_PART Member=Component TP? TEST TP
Added Member To Class: ClassName=AtoD_PART Member=Component TP? TEST TP
Added Member To Class: ClassName=AtoD_PART Member=Component TP? TEST TP
