Removed Pin From Net: NetName=5V Pin=C85-1
Removed Pin From Net: NetName=DGND Pin=C85-2
Removed Pin From Net: NetName=D3V Pin=C87-1
Removed Pin From Net: NetName=DGND Pin=C87-2
Removed Pin From Net: NetName=DGND Pin=C88-1
Removed Pin From Net: NetName=+3 Pin=C89-1
Removed Pin From Net: NetName=GND Pin=C89-2
Removed Pin From Net: NetName=GND Pin=C90-1
Removed Pin From Net: NetName=5V Pin=C90-2
Removed Pin From Net: NetName=GND Pin=C91-1
Removed Pin From Net: NetName=-2V5 Pin=C93-1
Removed Pin From Net: NetName=GND Pin=C93-2
Removed Pin From Net: NetName=GND Pin=R55-2
Removed Pin From Net: NetName=+3 Pin=R57-1
Removed Pin From Net: NetName=-2V5 Pin=R58-1
Removed Pin From Net: NetName=GND Pin=R59-2
Removed Pin From Net: NetName=5V Pin=U25-1
Removed Pin From Net: NetName=DGND Pin=U25-2
Removed Pin From Net: NetName=5V Pin=U25-3
Removed Pin From Net: NetName=D3V Pin=U25-5
Removed Pin From Net: NetName=GND Pin=U28-0
Removed Pin From Net: NetName=GND Pin=U28-1
Removed Pin From Net: NetName=5V Pin=U28-3
Removed Pin From Net: NetName=GND Pin=U28-4
Removed Pin From Net: NetName=-2V5 Pin=U28-6
Removed Pin From Net: NetName=5V Pin=U28-8
Removed Pin From Net: NetName=+3 Pin=U28-11
Removed Pin From Net: NetName=5V Pin=U28-12
Removed Member From Class: ClassName=ANALOG_PART2 Member=C85
Removed Member From Class: ClassName=ANALOG_PART2 Member=C87
Removed Member From Class: ClassName=ANALOG_PART2 Member=C88
Removed Member From Class: ClassName=ANALOG_PART2 Member=C89
Removed Member From Class: ClassName=ANALOG_PART2 Member=C90
Removed Member From Class: ClassName=ANALOG_PART2 Member=C91
Removed Member From Class: ClassName=ANALOG_PART2 Member=C92
Removed Member From Class: ClassName=ANALOG_PART2 Member=C93
Removed Member From Class: ClassName=ANALOG_PART2 Member=R55
Removed Member From Class: ClassName=ANALOG_PART2 Member=R57
Removed Member From Class: ClassName=ANALOG_PART2 Member=R58
Removed Member From Class: ClassName=ANALOG_PART2 Member=R59
Removed Member From Class: ClassName=ANALOG_PART2 Member=U25
Removed Member From Class: ClassName=ANALOG_PART2 Member=U28
Added Component: Designator=SP?(M2)
Add component (AddParameter): Name = "BOM名称"; Value = "铜柱"; VariantName = "[No Variations]"
Add component (AddParameter): Name = "学习资源"; Value = "www.ooocke.com"; VariantName = "[No Variations]"
Add component (AddParameter): Name = "版权归属"; Value = "源创客"; VariantName = "[No Variations]"
Added Component: Designator=SP?(M2)
Add component (AddParameter): Name = "BOM名称"; Value = "铜柱"; VariantName = "[No Variations]"
Add component (AddParameter): Name = "学习资源"; Value = "www.ooocke.com"; VariantName = "[No Variations]"
Add component (AddParameter): Name = "版权归属"; Value = "源创客"; VariantName = "[No Variations]"
Added Component: Designator=SP?(M2)
Add component (AddParameter): Name = "BOM名称"; Value = "铜柱"; VariantName = "[No Variations]"
Add component (AddParameter): Name = "学习资源"; Value = "www.ooocke.com"; VariantName = "[No Variations]"
Add component (AddParameter): Name = "版权归属"; Value = "源创客"; VariantName = "[No Variations]"
Added Component: Designator=SP?(M2)
Add component (AddParameter): Name = "BOM名称"; Value = "铜柱"; VariantName = "[No Variations]"
Add component (AddParameter): Name = "学习资源"; Value = "www.ooocke.com"; VariantName = "[No Variations]"
Add component (AddParameter): Name = "版权归属"; Value = "源创客"; VariantName = "[No Variations]"
Added Pin To Net: NetName=GND Pin=SP?-1
Added Pin To Net: NetName=GND Pin=SP?-1
Added Pin To Net: NetName=GND Pin=SP?-1
Added Pin To Net: NetName=GND Pin=SP?-1
Added Member To Class: ClassName=AtoD_PART Member=Component SP? M2铜柱
Added Member To Class: ClassName=AtoD_PART Member=Component SP? M2铜柱
Added Member To Class: ClassName=AtoD_PART Member=Component SP? M2铜柱
Added Member To Class: ClassName=AtoD_PART Member=Component SP? M2铜柱
Change Room Name: Old Name=RoomDefinition New Name=ANALOG_PART2
