Removed Pin From Net: NetName=NetC18_2 Pin=U5-3
Added Pin To Net: NetName=NetC18_2 Pin=U5-2
Added Pin To Net: NetName=NetU5_3 Pin=U5-3
Added Pin To Net: NetName=NetU5_3 Pin=U6-6
Added Net: Name=NetU5_3
Added Member To Class: ClassName=ANALOG_PART Member=Component C16 22UF
Added Member To Class: ClassName=ANALOG_PART Member=Component C32 15PF
Added Member To Class: ClassName=ANALOG_PART Member=Component C33 22UF
Added Member To Class: ClassName=ANALOG_PART Member=Component C34 104
Added Member To Class: ClassName=ANALOG_PART Member=Component C35 22UF
Added Member To Class: ClassName=ANALOG_PART Member=Component C36 104
Added Member To Class: ClassName=ANALOG_PART Member=Component C37 22UF
Added Member To Class: ClassName=ANALOG_PART Member=Component C38 104
Added Member To Class: ClassName=ANALOG_PART Member=Component C39 0.1uF
Added Member To Class: ClassName=ANALOG_PART Member=Component C40 0.1uF
Added Member To Class: ClassName=ANALOG_PART Member=Component C41 0.1uF
Added Member To Class: ClassName=ANALOG_PART Member=Component C42 22UF
Added Member To Class: ClassName=ANALOG_PART Member=Component C43 22uF
Added Member To Class: ClassName=ANALOG_PART Member=Component D3 1N4148
Added Member To Class: ClassName=ANALOG_PART Member=Component R16 1K
Added Member To Class: ClassName=ANALOG_PART Member=Component R17 75
Added Member To Class: ClassName=ANALOG_PART Member=Component R18 953K
Added Member To Class: ClassName=ANALOG_PART Member=Component R20 1K
Added Member To Class: ClassName=ANALOG_PART Member=Component R22 499
Added Member To Class: ClassName=ANALOG_PART Member=Component R24 953K
Added Member To Class: ClassName=ANALOG_PART Member=Component R25 56
Added Member To Class: ClassName=ANALOG_PART Member=Component R26 1K
Added Member To Class: ClassName=ANALOG_PART Member=Component R27 4.99K
Added Member To Class: ClassName=ANALOG_PART Member=Component TP? TEST TP
Added Member To Class: ClassName=ANALOG_PART Member=Component U5 G6K-2Y-F-5V
Added Member To Class: ClassName=ANALOG_PART Member=Component U7 AD8330
Added Member To Class: ClassName=ANALOG_PART Member=Component U8 AQY282SX
Added Member To Class: ClassName=ANALOG_PART Member=Component U10 AD8061
Added Member To Class: ClassName=ANALOG_PART Member=Component U11 AD8131
Added Member To Class: ClassName=ANALOG_PART Member=Component U13 SP6201-3.3
Added Member To Class: ClassName=ANALOG_PART Member=Component U15 TLV3502
