Removed Pin From Net: NetName=DGND Pin=U17-5
Added Component: Designator=SP6(M2)
Add component (AddParameter): Name = "BOM名称"; Value = "铜柱"; VariantName = "[No Variations]"
Add component (AddParameter): Name = "学习资源"; Value = "www.ooocke.com"; VariantName = "[No Variations]"
Add component (AddParameter): Name = "版权归属"; Value = "源创客"; VariantName = "[No Variations]"
Added Component: Designator=SP7(M2)
Add component (AddParameter): Name = "BOM名称"; Value = "铜柱"; VariantName = "[No Variations]"
Add component (AddParameter): Name = "学习资源"; Value = "www.ooocke.com"; VariantName = "[No Variations]"
Add component (AddParameter): Name = "版权归属"; Value = "源创客"; VariantName = "[No Variations]"
Added Component: Designator=SP8(M2)
Add component (AddParameter): Name = "BOM名称"; Value = "铜柱"; VariantName = "[No Variations]"
Add component (AddParameter): Name = "学习资源"; Value = "www.ooocke.com"; VariantName = "[No Variations]"
Add component (AddParameter): Name = "版权归属"; Value = "源创客"; VariantName = "[No Variations]"
Added Component: Designator=SP9(M2)
Add component (AddParameter): Name = "BOM名称"; Value = "铜柱"; VariantName = "[No Variations]"
Add component (AddParameter): Name = "学习资源"; Value = "www.ooocke.com"; VariantName = "[No Variations]"
Add component (AddParameter): Name = "版权归属"; Value = "源创客"; VariantName = "[No Variations]"
Added Pin To Net: NetName=DGND Pin=SP6-1
Added Pin To Net: NetName=DGND Pin=SP7-1
Added Pin To Net: NetName=DGND Pin=SP8-1
Added Pin To Net: NetName=DGND Pin=SP9-1
Added Pin To Net: NetName=NetU17_5 Pin=U17-5
Added Net: Name=NetU17_5
Added Member To Class: ClassName=ANALOG_PART1 Member=Component JP1 SMA
Added Member To Class: ClassName=ANALOG_PART2 Member=Component JP2 SMA
Added Member To Class: ClassName=AtoD_PART Member=Component SP6 M2铜柱
Added Member To Class: ClassName=AtoD_PART Member=Component SP7 M2铜柱
Added Member To Class: ClassName=AtoD_PART Member=Component SP8 M2铜柱
Added Member To Class: ClassName=AtoD_PART Member=Component SP9 M2铜柱
