Change Component Designator: Old Designator=C59 New Designator=C44
Change Component Designator: Old Designator=C60 New Designator=C45
Change Component Designator: Old Designator=C61 New Designator=C46
Change Component Designator: Old Designator=C62 New Designator=C47
Change Component Designator: Old Designator=C63 New Designator=C48
Change Component Designator: Old Designator=C64 New Designator=C49
Change Component Designator: Old Designator=C65 New Designator=C50
Change Component Designator: Old Designator=C66 New Designator=C51
Change Component Designator: Old Designator=C67 New Designator=C52
Change Component Designator: Old Designator=C68 New Designator=C53
Change Component Designator: Old Designator=C69 New Designator=C54
Change Component Designator: Old Designator=D6 New Designator=D4
Change Component Designator: Old Designator=D7 New Designator=D5
Change Component Designator: Old Designator=R43 New Designator=R28
Change Component Designator: Old Designator=R44 New Designator=R29
Change Component Designator: Old Designator=R45 New Designator=R30
Change Component Designator: Old Designator=R46 New Designator=R31
Change Component Designator: Old Designator=R47 New Designator=R32
Change Component Designator: Old Designator=TP? New Designator=TP3
Change Component Designator: Old Designator=TP? New Designator=TP4
Change Component Designator: Old Designator=TP? New Designator=TP5
Change Component Designator: Old Designator=TP? New Designator=TP6
Change Component Designator: Old Designator=U20 New Designator=U16
