Added Component: Designator=K?(TSW SMD-6*6*4.3)
Add component (AddParameter): Name = "BOM名称"; Value = "贴片6x6轻触开关"; VariantName = "[No Variations]"
Add component (AddParameter): Name = "学习资源"; Value = "www.ooocke.com"; VariantName = "[No Variations]"
Add component (AddParameter): Name = "版权归属"; Value = "源创客"; VariantName = "[No Variations]"
Added Component: Designator=K?(TSW SMD-6*6*4.3)
Add component (AddParameter): Name = "BOM名称"; Value = "贴片6x6轻触开关"; VariantName = "[No Variations]"
Add component (AddParameter): Name = "学习资源"; Value = "www.ooocke.com"; VariantName = "[No Variations]"
Add component (AddParameter): Name = "版权归属"; Value = "源创客"; VariantName = "[No Variations]"
Added Component: Designator=K?(TSW SMD-6*6*4.3)
Add component (AddParameter): Name = "BOM名称"; Value = "贴片6x6轻触开关"; VariantName = "[No Variations]"
Add component (AddParameter): Name = "学习资源"; Value = "www.ooocke.com"; VariantName = "[No Variations]"
Add component (AddParameter): Name = "版权归属"; Value = "源创客"; VariantName = "[No Variations]"
Added Pin To Net: NetName=PB3_1 Pin=K?-1
Added Pin To Net: NetName=PB4_1 Pin=K?-1
Added Pin To Net: NetName=PB5_1 Pin=K?-1
Added Pin To Net: NetName=DGND Pin=K?-2
Added Pin To Net: NetName=DGND Pin=K?-2
Added Pin To Net: NetName=DGND Pin=K?-2
Added Member To Class: ClassName=CTR_PAD Member=Component K? 6x6x5
Added Member To Class: ClassName=CTR_PAD Member=Component K? 6x6x5
Added Member To Class: ClassName=CTR_PAD Member=Component K? 6x6x5
