Change Component Designator: Old Designator=C? New Designator=C8
Change Component Designator: Old Designator=C? New Designator=C9
Change Component Designator: Old Designator=C? New Designator=C10
Change Component Designator: Old Designator=C? New Designator=C11
Change Component Designator: Old Designator=K2 New Designator=K4
Change Component Designator: Old Designator=K3 New Designator=K7
Change Component Designator: Old Designator=K4 New Designator=K2
Change Component Designator: Old Designator=K5 New Designator=K3
Change Component Designator: Old Designator=K7 New Designator=K8
Change Component Designator: Old Designator=K8 New Designator=K5
Change Component Designator: Old Designator=KEY1 New Designator=KEY2
Change Component Designator: Old Designator=KEY2 New Designator=KEY1
Change Component Designator: Old Designator=LED1 New Designator=LED4
Change Component Designator: Old Designator=LED3 New Designator=LED1
Change Component Designator: Old Designator=LED4 New Designator=LED5
Change Component Designator: Old Designator=LED5 New Designator=LED3
Change Component Designator: Old Designator=R14 New Designator=R6
Change Component Designator: Old Designator=R15 New Designator=R2
Change Component Designator: Old Designator=R16 New Designator=R9
Change Component Designator: Old Designator=R17 New Designator=R7
Change Component Designator: Old Designator=R18 New Designator=R4
Change Component Designator: Old Designator=R19 New Designator=R3
Change Component Designator: Old Designator=R20 New Designator=R10
Change Component Designator: Old Designator=R21 New Designator=R5
Change Component Designator: Old Designator=R22 New Designator=R8
Change Component Designator: Old Designator=U2 New Designator=U6
Change Component Designator: Old Designator=U3 New Designator=U7
Change Component Designator: Old Designator=U4 New Designator=U2
Change Component Designator: Old Designator=U5 New Designator=U3
Change Component Designator: Old Designator=U6 New Designator=U4
Change Component Designator: Old Designator=U? New Designator=U5
