Removed Pin From Net: NetName=PA4 Pin=K4-1
Removed Pin From Net: NetName=PA4 Pin=K5-1
Removed Pin From Net: NetName=F2 Pin=K5-2
Removed Pin From Net: NetName=PA4 Pin=K6-1
Removed Pin From Net: NetName=F4 Pin=K6-2
Removed Pin From Net: NetName=PA4 Pin=K7-1
Removed Pin From Net: NetName=3V3 Pin=K7-2
Removed Pin From Net: NetName=PA4 Pin=K8-1
Removed Pin From Net: NetName=F3 Pin=K8-2
Removed Pin From Net: NetName=3V3 Pin=R6-1
Removed Pin From Net: NetName=PA4 Pin=R6-2
Removed Pin From Net: NetName=PA4 Pin=R7-1
Removed Pin From Net: NetName=DGND Pin=R7-2
Removed Member From Class: ClassName=CTR_PAD Member=R6
Removed Member From Class: ClassName=CTR_PAD Member=R7
Added Pin To Net: NetName=PB3_1 Pin=K4-1
Added Pin To Net: NetName=PA12_1 Pin=K5-1
Added Pin To Net: NetName=DGND Pin=K5-2
Added Pin To Net: NetName=PA11_1 Pin=K6-1
Added Pin To Net: NetName=DGND Pin=K6-2
Added Pin To Net: NetName=DGND Pin=K7-2
Added Pin To Net: NetName=DGND Pin=K8-2
