Removed Pin From Net: NetName=3V3 Pin=R10-5
Removed Pin From Net: NetName=DGND Pin=R10-8
Removed Pin From Net: NetName=PA5 Pin=S1-S
Removed Member From Class: ClassName=CTR_PAD Member=R10
Removed Member From Class: ClassName=CTR_PAD Member=R13
Added Component: Designator=U?(TSSOP20_L)
Added Pin To Net: NetName=PA1 Pin=S1-S
Added Pin To Net: NetName=DGND Pin=U?-1
Added Pin To Net: NetName=PA7_2 Pin=U?-2
Added Pin To Net: NetName=PA4_2 Pin=U?-3
Added Pin To Net: NetName=PA5_2 Pin=U?-4
Added Pin To Net: NetName=DGND Pin=U?-10
Added Pin To Net: NetName=PA2 Pin=U?-11
Added Pin To Net: NetName=3V3 Pin=U?-20
Added Pin To Net: NetName=PA4_2_L Pin=U?-18
Added Net: Name=PA4_2_L
Added Pin To Net: NetName=PA5_2_L Pin=U?-17
Added Net: Name=PA5_2_L
Added Pin To Net: NetName=PA7_2_L Pin=U?-19
Added Net: Name=PA7_2_L
Added Member To Class: ClassName=CTR_PAD Member=Component U? 74HC573
