Removed Pin From Net: NetName=DGND Pin=SP1-1
Removed Pin From Net: NetName=DGND Pin=SP2-1
Removed Pin From Net: NetName=DGND Pin=SP3-1
Removed Pin From Net: NetName=DGND Pin=SP4-1
Change Component Designator: OldDesignator=C5 NewDesignator=C6
Change Component Designator: OldDesignator=C6 NewDesignator=C7
Change Component Designator: OldDesignator=C7 NewDesignator=C8
Change Component Designator: OldDesignator=C8 NewDesignator=C9
Change Component Designator: OldDesignator=C9 NewDesignator=C10
Change Component Designator: OldDesignator=C10 NewDesignator=C11
Change Component Designator: OldDesignator=C11 NewDesignator=C12
Change Component Designator: OldDesignator=C? NewDesignator=C5
Change Component Designator: OldDesignator=K2 NewDesignator=K4
Change Component Designator: OldDesignator=K3 NewDesignator=K5
Change Component Designator: OldDesignator=K4 NewDesignator=K2
Change Component Designator: OldDesignator=K5 NewDesignator=K6
Change Component Designator: OldDesignator=K6 NewDesignator=K7
Change Component Designator: OldDesignator=K7 NewDesignator=K3
Change Component Designator: OldDesignator=LED1 NewDesignator=LED2
Change Component Designator: OldDesignator=LED2 NewDesignator=LED3
Change Component Designator: OldDesignator=LED3 NewDesignator=LED5
Change Component Designator: OldDesignator=LED4 NewDesignator=LED1
Change Component Designator: OldDesignator=LED5 NewDesignator=LED4
Change Component Designator: OldDesignator=R2 NewDesignator=R3
Change Component Designator: OldDesignator=R3 NewDesignator=R4
Change Component Designator: OldDesignator=R4 NewDesignator=R5
Change Component Designator: OldDesignator=R5 NewDesignator=R7
Change Component Designator: OldDesignator=R6 NewDesignator=R2
Change Component Designator: OldDesignator=R7 NewDesignator=R6
Change Component Designator: OldDesignator=U1 NewDesignator=U5
Change Component Designator: OldDesignator=U2 NewDesignator=U1
Change Component Designator: OldDesignator=U3 NewDesignator=U2
Change Component Designator: OldDesignator=U4 NewDesignator=U3
Change Component Designator: OldDesignator=U5 NewDesignator=U4
Added Pin To Net: NetName=3V3 Pin=U5-5
Change Net Name : Old Net Name=NetC?_2 New Net Name=NetC5_2
Change Net Name : Old Net Name=NetLED1_2 New Net Name=NetLED2_2
Change Net Name : Old Net Name=NetLED2_1 New Net Name=NetLED3_1
Change Net Name : Old Net Name=NetLED2_2 New Net Name=NetLED3_2
Change Net Name : Old Net Name=NetLED3_2 New Net Name=NetLED5_2
Change Net Name : Old Net Name=NetLED4_2 New Net Name=NetLED1_2
Change Net Name : Old Net Name=NetLED5_2 New Net Name=NetLED4_2
Added Member To Class: ClassName=CTR_PAD Member=Component C5 10nF
Added Member To Class: ClassName=CTR_PAD Member=Component C6 1uF
Added Member To Class: ClassName=CTR_PAD Member=Component C7 100nF
Added Member To Class: ClassName=CTR_PAD Member=Component C8 100nF
Added Member To Class: ClassName=CTR_PAD Member=Component C10 100nF
Added Member To Class: ClassName=CTR_PAD Member=Component C12 100nF
Added Member To Class: ClassName=CTR_PAD Member=Component K4 6x6x5
Added Member To Class: ClassName=CTR_PAD Member=Component K6 6x6x5
Added Member To Class: ClassName=CTR_PAD Member=Component K7 6x6x5
Added Member To Class: ClassName=CTR_PAD Member=Component LED2 ºìÉ«
Added Member To Class: ClassName=CTR_PAD Member=Component LED3 RGB-3528
Added Member To Class: ClassName=CTR_PAD Member=Component LED5 ºìÉ«
Added Member To Class: ClassName=CTR_PAD Member=Component R3 4.7K
Added Member To Class: ClassName=CTR_PAD Member=Component R4 330
Added Member To Class: ClassName=CTR_PAD Member=Component R5 330
Added Member To Class: ClassName=CTR_PAD Member=Component R6 4.7K
Added Member To Class: ClassName=CTR_PAD Member=Component R7 4.7K
Added Member To Class: ClassName=CTR_PAD Member=Component U4 74HC573
Added Member To Class: ClassName=CTR_PAD Member=Component U5 STM32F030K6_T
