Change Component Designator: OldDesignator=JP1 NewDesignator=JP2
Change Component Designator: OldDesignator=JP2 NewDesignator=JP1
Change Component Designator: OldDesignator=KEY2 NewDesignator=KEY3
Change Component Designator: OldDesignator=KEY3 NewDesignator=KEY2
Change Component Designator: OldDesignator=LED1 NewDesignator=LED2
Change Component Designator: OldDesignator=LED2 NewDesignator=LED3
Change Component Designator: OldDesignator=LED3 NewDesignator=LED5
Change Component Designator: OldDesignator=LED4 NewDesignator=LED1
Change Component Designator: OldDesignator=LED5 NewDesignator=LED4
Change Component Designator: OldDesignator=R1 NewDesignator=R16
Change Component Designator: OldDesignator=R2 NewDesignator=R20
Change Component Designator: OldDesignator=R3 NewDesignator=R19
Change Component Designator: OldDesignator=R4 NewDesignator=R18
Change Component Designator: OldDesignator=R5 NewDesignator=R6
Change Component Designator: OldDesignator=R6 NewDesignator=R15
Change Component Designator: OldDesignator=R8 NewDesignator=R21
Change Component Designator: OldDesignator=R9 NewDesignator=R14
Change Component Designator: OldDesignator=R10 NewDesignator=R2
Change Component Designator: OldDesignator=R11 NewDesignator=R17
Change Component Designator: OldDesignator=R12 NewDesignator=R4
Change Component Designator: OldDesignator=R13 NewDesignator=R22
Change Component Designator: OldDesignator=R14 NewDesignator=R8
Change Component Designator: OldDesignator=R15 NewDesignator=R11
Change Component Designator: OldDesignator=R16 NewDesignator=R10
Change Component Designator: OldDesignator=R18 NewDesignator=R3
Change Component Designator: OldDesignator=R19 NewDesignator=R5
Change Component Designator: OldDesignator=R20 NewDesignator=R9
Change Component Designator: OldDesignator=R21 NewDesignator=R12
Change Component Designator: OldDesignator=R? NewDesignator=R1
Change Component Designator: OldDesignator=R? NewDesignator=R13
Change Component Designator: OldDesignator=SP1 NewDesignator=SP4
Change Component Designator: OldDesignator=SP2 NewDesignator=SP3
Change Component Designator: OldDesignator=SP3 NewDesignator=SP2
Change Component Designator: OldDesignator=SP4 NewDesignator=SP1
Change Component Designator: OldDesignator=U2 NewDesignator=U3
Change Component Designator: OldDesignator=U3 NewDesignator=U2
Change Net Name : Old Net Name=NetLED1_1 New Net Name=NetLED2_1
Change Net Name : Old Net Name=NetLED1_2 New Net Name=NetLED2_2
Change Net Name : Old Net Name=NetLED2_2 New Net Name=NetLED3_2
Change Net Name : Old Net Name=NetLED3_2 New Net Name=NetLED5_2
Change Net Name : Old Net Name=NetLED4_2 New Net Name=NetLED1_2
Change Net Name : Old Net Name=NetLED5_2 New Net Name=NetLED4_2
Change Net Name : Old Net Name=NetR16_3 New Net Name=NetR10_3
Added Member To Class: ClassName=CTR_PAD Member=Component R17 4.7K
Added Member To Class: ClassName=CTR_PAD Member=Component R22 4.7K
