Removed Pin From Net: NetName=PA15 Pin=K1-1
Removed Pin From Net: NetName=PB4 Pin=K2-1
Removed Pin From Net: NetName=PB3 Pin=K3-1
Removed Pin From Net: NetName=PA3 Pin=KEY1-1
Removed Pin From Net: NetName=F2 Pin=KEY1-2
Removed Pin From Net: NetName=3V3 Pin=KEY1-3
Removed Pin From Net: NetName=DGND Pin=KEY1-4
Removed Pin From Net: NetName=F4 Pin=KEY1-5
Removed Pin From Net: NetName=F3 Pin=KEY1-6
Removed Pin From Net: NetName=PA1 Pin=KEY2-1
Removed Pin From Net: NetName=F2 Pin=KEY2-2
Removed Pin From Net: NetName=3V3 Pin=KEY2-3
Removed Pin From Net: NetName=DGND Pin=KEY2-4
Removed Pin From Net: NetName=F4 Pin=KEY2-5
Removed Pin From Net: NetName=F3 Pin=KEY2-6
Removed Pin From Net: NetName=PA2 Pin=KEY3-1
Removed Pin From Net: NetName=F2 Pin=KEY3-2
Removed Pin From Net: NetName=3V3 Pin=KEY3-3
Removed Pin From Net: NetName=DGND Pin=KEY3-4
Removed Pin From Net: NetName=F4 Pin=KEY3-5
Removed Pin From Net: NetName=F3 Pin=KEY3-6
Removed Pin From Net: NetName=PA0 Pin=KEY4-1
Removed Pin From Net: NetName=F2 Pin=KEY4-2
Removed Pin From Net: NetName=3V3 Pin=KEY4-3
Removed Pin From Net: NetName=DGND Pin=KEY4-4
Removed Pin From Net: NetName=F4 Pin=KEY4-5
Removed Pin From Net: NetName=F3 Pin=KEY4-6
Removed Pin From Net: NetName=3V3 Pin=R2-1
Removed Pin From Net: NetName=PA3 Pin=R2-2
Removed Pin From Net: NetName=3V3 Pin=R3-1
Removed Pin From Net: NetName=PA1 Pin=R3-2
Removed Pin From Net: NetName=PA3 Pin=R4-1
Removed Pin From Net: NetName=DGND Pin=R4-2
Removed Pin From Net: NetName=PA1 Pin=R5-1
Removed Pin From Net: NetName=DGND Pin=R5-2
Removed Pin From Net: NetName=3V3 Pin=R8-1
Removed Pin From Net: NetName=PA2 Pin=R8-2
Removed Pin From Net: NetName=3V3 Pin=R9-1
Removed Pin From Net: NetName=PA0 Pin=R9-2
Removed Pin From Net: NetName=PA2 Pin=R11-1
Removed Pin From Net: NetName=DGND Pin=R11-2
Removed Pin From Net: NetName=PA0 Pin=R12-1
Removed Pin From Net: NetName=DGND Pin=R12-2
Removed Member From Class: ClassName=CTR_PAD Member=R2
Removed Member From Class: ClassName=CTR_PAD Member=R3
Removed Member From Class: ClassName=CTR_PAD Member=R4
Removed Member From Class: ClassName=CTR_PAD Member=R5
Removed Member From Class: ClassName=CTR_PAD Member=R8
Removed Member From Class: ClassName=CTR_PAD Member=R9
Removed Member From Class: ClassName=CTR_PAD Member=R11
Removed Member From Class: ClassName=CTR_PAD Member=R12
Change Component Designator: OldDesignator=KEY1 NewDesignator=KEY?
Change Component Designator: OldDesignator=KEY2 NewDesignator=KEY?
Change Component Designator: OldDesignator=KEY3 NewDesignator=KEY?
Change Component Designator: OldDesignator=KEY4 NewDesignator=KEY?
Added Component: Designator=U?(SOP16_L)
Added Component: Designator=U?(SOP16_L)
Added Component: Designator=U?(SOP16_L)
Added Pin To Net: NetName=PB7 Pin=U?-1
Added Pin To Net: NetName=PB7 Pin=U?-1
Added Pin To Net: NetName=PB7 Pin=U?-1
Added Pin To Net: NetName=PA12 Pin=U?-4
Added Pin To Net: NetName=PB5 Pin=U?-4
Added Pin To Net: NetName=PB5 Pin=U?-4
Added Pin To Net: NetName=PA11 Pin=U?-7
Added Pin To Net: NetName=PB4 Pin=U?-7
Added Pin To Net: NetName=PB4 Pin=U?-7
Added Pin To Net: NetName=DGND Pin=U?-8
Added Pin To Net: NetName=DGND Pin=U?-8
Added Pin To Net: NetName=DGND Pin=U?-8
Added Pin To Net: NetName=PB0 Pin=U?-9
Added Pin To Net: NetName=PB3 Pin=U?-9
Added Pin To Net: NetName=PB3 Pin=U?-9
Added Pin To Net: NetName=PA15 Pin=U?-12
Added Pin To Net: NetName=PA15 Pin=U?-12
Added Pin To Net: NetName=PB1 Pin=U?-12
Added Pin To Net: NetName=DGND Pin=U?-15
Added Pin To Net: NetName=DGND Pin=U?-15
Added Pin To Net: NetName=DGND Pin=U?-15
Added Pin To Net: NetName=3V3 Pin=U?-16
Added Pin To Net: NetName=3V3 Pin=U?-16
Added Pin To Net: NetName=3V3 Pin=U?-16
Added Pin To Net: NetName=PA15_1 Pin=U?-14
Added Pin To Net: NetName=PA15_1 Pin=U?-14
Added Net: Name=PA15_1
Added Pin To Net: NetName=PA15_2 Pin=U?-13
Added Pin To Net: NetName=PA15_2 Pin=U?-13
Added Net: Name=PA15_2
Added Pin To Net: NetName=PB3_1 Pin=U?-11
Added Pin To Net: NetName=PB3_1 Pin=U?-11
Added Net: Name=PB3_1
Added Pin To Net: NetName=PB3_2 Pin=U?-10
Added Pin To Net: NetName=PB3_2 Pin=U?-10
Added Net: Name=PB3_2
Added Pin To Net: NetName=PB4_1 Pin=U?-5
Added Pin To Net: NetName=PB4_1 Pin=U?-5
Added Net: Name=PB4_1
Added Pin To Net: NetName=PB4_2 Pin=U?-6
Added Pin To Net: NetName=PB4_2 Pin=U?-6
Added Net: Name=PB4_2
Added Pin To Net: NetName=PB5_1 Pin=U?-2
Added Pin To Net: NetName=PB5_1 Pin=U?-2
Added Net: Name=PB5_1
Added Pin To Net: NetName=PB5_2 Pin=U?-3
Added Pin To Net: NetName=PB5_2 Pin=U?-3
Added Net: Name=PB5_2
Added Pin To Net: NetName=PB11_1 Pin=U?-5
Added Net: Name=PB11_1
Added Pin To Net: NetName=PB11_2 Pin=U?-6
Added Net: Name=PB11_2
Added Pin To Net: NetName=PB12_1 Pin=U?-2
Added Net: Name=PB12_1
Added Pin To Net: NetName=PB12_2 Pin=U?-3
Added Net: Name=PB12_2
Added Member To Class: ClassName=CTR_PAD Member=Component U? CH440
Added Member To Class: ClassName=CTR_PAD Member=Component U? CH440
Added Member To Class: ClassName=CTR_PAD Member=Component U? CH440
