Removed Pin From Net: NetName=B+ Pin=K1-2
Removed Member From Class: ClassName=DIGITAL_PART Member=C17
Change Component Footprint: Designator=R9 Old Footprint=R 0603_L New Footprint=C 0603_L
Change Component Comment : Designator=R9 Old Comment=1K New Comment=1uF
Change Component Comment : Designator=R8 Old Comment=10K New Comment=390K
Change Component Designator: OldDesignator=C10 NewDesignator=C11
Change Component Designator: OldDesignator=C11 NewDesignator=C12
Change Component Designator: OldDesignator=C12 NewDesignator=C13
Change Component Designator: OldDesignator=C13 NewDesignator=C14
Change Component Designator: OldDesignator=C14 NewDesignator=C15
Change Component Designator: OldDesignator=C15 NewDesignator=C16
Change Component Designator: OldDesignator=C16 NewDesignator=C17
Change Component Designator: OldDesignator=C17 NewDesignator=C18
Change Component Designator: OldDesignator=C18 NewDesignator=C19
Change Component Designator: OldDesignator=C19 NewDesignator=C20
Change Component Designator: OldDesignator=C20 NewDesignator=C21
Change Component Designator: OldDesignator=C21 NewDesignator=C22
Change Component Designator: OldDesignator=C22 NewDesignator=C23
Change Component Designator: OldDesignator=C23 NewDesignator=C24
Change Component Designator: OldDesignator=C24 NewDesignator=C25
Change Component Designator: OldDesignator=R9 NewDesignator=C10
Change Component Designator: OldDesignator=R10 NewDesignator=R9
Change Component Designator: OldDesignator=R11 NewDesignator=R10
Change Component Designator: OldDesignator=R12 NewDesignator=R11
Change Component Designator: OldDesignator=R13 NewDesignator=R12
Change Component Designator: OldDesignator=R14 NewDesignator=R13
Change Component Designator: OldDesignator=R15 NewDesignator=R14
Change Component Designator: OldDesignator=R16 NewDesignator=R15
Change Component Designator: OldDesignator=R17 NewDesignator=R16
Change Component Designator: OldDesignator=R18 NewDesignator=R17
Change Component Designator: OldDesignator=R19 NewDesignator=R18
Change Component Designator: OldDesignator=R20 NewDesignator=R19
Change Component Designator: OldDesignator=R21 NewDesignator=R20
Change Component Designator: OldDesignator=R22 NewDesignator=R21
Change component parameters: Designator = "R9" ("C10"); Footprint = "R 0603_L"; UniqueID = "\TBGUHDEL" ("\TBGUHDEL")
Change component parameters (AddParameter): Name = "BOM名称"; Value = "无极性贴片电容"; VariantName = "[No Variations]"
Change component parameters (AddParameter): Name = "学习资源"; Value = "www.ooocke.com"; VariantName = "[No Variations]"
Change component parameters (AddParameter): Name = "版权归属"; Value = "源创客"; VariantName = "[No Variations]"
Added Pin To Net: NetName=NetC16_1 Pin=K1-2
Change Net Name : Old Net Name=NetC16_1 New Net Name=NetC17_1
Change Net Name : Old Net Name=NetC20_1 New Net Name=NetC21_1
Change Net Name : Old Net Name=NetC21_1 New Net Name=NetC22_1
Change Net Name : Old Net Name=NetC22_1 New Net Name=NetC23_1
Change Net Name : Old Net Name=NetC24_1 New Net Name=NetC25_1
Change Net Name : Old Net Name=NetQ1_1 New Net Name=NetC10_2
Added Member To Class: ClassName=DIGITAL_PART Member=Component C10 1uF
Added Member To Class: ClassName=DIGITAL_PART Member=Component C12 47uF
Added Member To Class: ClassName=DIGITAL_PART Member=Component C13 100nF
Added Member To Class: ClassName=DIGITAL_PART Member=Component C15 100nF
Added Member To Class: ClassName=DIGITAL_PART Member=Component C16 100nF
Added Member To Class: ClassName=POWER_BANK_PART Member=Component C18 22uF
Added Member To Class: ClassName=POWER_BANK_PART Member=Component C20 22uF
Added Member To Class: ClassName=POWER_BANK_PART Member=Component C22 10uF
Added Member To Class: ClassName=POWER_BANK_PART Member=Component C24 22uF
Added Member To Class: ClassName=POWER_BANK_PART Member=Component C25 0.1uF/16V
Added Member To Class: ClassName=DIGITAL_PART Member=Component R10 47K
Added Member To Class: ClassName=DIGITAL_PART Member=Component R12 75
Added Member To Class: ClassName=DIGITAL_PART Member=Component R14 10K
Added Member To Class: ClassName=DIGITAL_PART Member=Component R15 1K
Added Member To Class: ClassName=DIGITAL_PART Member=Component R16 10K
Added Member To Class: ClassName=POWER_BANK_PART Member=Component R21 2.2K
