Removed Pin From Net: NetName=Net1_1 Pin=1-1
Removed Pin From Net: NetName=Net1_2 Pin=1-2
Removed Pin From Net: NetName=Net1_3 Pin=1-3
Removed Pin From Net: NetName=Net1_4 Pin=1-4
Removed Pin From Net: NetName=Net1_5 Pin=1-5
Removed Pin From Net: NetName=Net1_6 Pin=1-6
Removed Pin From Net: NetName=Net1_7 Pin=1-7
Removed Pin From Net: NetName=Net1_8 Pin=1-8
Removed Pin From Net: NetName=Net1_9 Pin=1-9
Removed Pin From Net: NetName=Net1_10 Pin=1-10
Removed Pin From Net: NetName=Net1_11 Pin=1-11
Removed Pin From Net: NetName=Net1_12 Pin=1-12
Removed Pin From Net: NetName=Net1_13 Pin=1-13
Removed Pin From Net: NetName=Net1_14 Pin=1-14
Removed Pin From Net: NetName=Net1_15 Pin=1-15
Removed Pin From Net: NetName=Net1_16 Pin=1-16
Removed Pin From Net: NetName=Net1_17 Pin=1-17
Removed Pin From Net: NetName=Net1_18 Pin=1-18
Removed Pin From Net: NetName=Net1_19 Pin=1-19
Removed Pin From Net: NetName=SCK Pin=1-20
Removed Pin From Net: NetName=SDA Pin=1-21
Removed Pin From Net: NetName=Net1_22 Pin=1-22
Removed Pin From Net: NetName=Net1_23 Pin=1-23
Removed Pin From Net: NetName=Net1_24 Pin=1-24
Removed Pin From Net: NetName=Net1_25 Pin=1-25
Removed Pin From Net: NetName=Net1_26 Pin=1-26
Removed Pin From Net: NetName=Net1_27 Pin=1-27
Removed Pin From Net: NetName=Net1_28 Pin=1-28
Removed Pin From Net: NetName=Net1_29 Pin=1-29
Removed Pin From Net: NetName=5V Pin=1-30
Removed Pin From Net: NetName=5V Pin=1-31
Removed Pin From Net: NetName=DGND Pin=1-32
Removed Pin From Net: NetName=DGND Pin=1-33
Removed Pin From Net: NetName=3V3 Pin=C1-1
Removed Pin From Net: NetName=DGND Pin=C1-2
Removed Pin From Net: NetName=3V3 Pin=C2-1
Removed Pin From Net: NetName=DGND Pin=C2-2
Removed Pin From Net: NetName=NetC3_1 Pin=C3-1
Removed Pin From Net: NetName=DGND Pin=C3-2
Removed Pin From Net: NetName=NetC4_1 Pin=C4-1
Removed Pin From Net: NetName=DGND Pin=C4-2
Removed Pin From Net: NetName=NetC5_1 Pin=C5-1
Removed Pin From Net: NetName=DGND Pin=C5-2
Removed Pin From Net: NetName=DGND Pin=C6-1
Removed Pin From Net: NetName=NetC6_2 Pin=C6-2
Removed Pin From Net: NetName=DGND Pin=C7-1
Removed Pin From Net: NetName=5V Pin=C7-2
Removed Pin From Net: NetName=LEDK(+) Pin=C8-1
Removed Pin From Net: NetName=DGND Pin=C8-2
Removed Pin From Net: NetName=DGND Pin=C9-1
Removed Pin From Net: NetName=NetC9_2 Pin=C9-2
Removed Pin From Net: NetName=5V Pin=C10-1
Removed Pin From Net: NetName=DGND Pin=C10-2
Removed Pin From Net: NetName=3V3 Pin=C11-1
Removed Pin From Net: NetName=DGND Pin=C11-2
Removed Pin From Net: NetName=DGND Pin=C12-1
Removed Pin From Net: NetName=3V3 Pin=C12-2
Removed Pin From Net: NetName=DGND Pin=C13-1
Removed Pin From Net: NetName=3V3 Pin=C13-2
Removed Pin From Net: NetName=DGND Pin=C14-1
Removed Pin From Net: NetName=3V3 Pin=C14-2
Removed Pin From Net: NetName=DGND Pin=C15-1
Removed Pin From Net: NetName=3V3 Pin=C15-2
Removed Pin From Net: NetName=NetD1_1 Pin=D1-1
Removed Pin From Net: NetName=LEDK(+) Pin=D1-2
Removed Pin From Net: NetName=KEY_PWR Pin=D2-1
Removed Pin From Net: NetName=NetD2_2 Pin=D2-2
Removed Pin From Net: NetName=TP_YU Pin=JP1-1
Removed Pin From Net: NetName=TP_XL Pin=JP1-2
Removed Pin From Net: NetName=TP_YD Pin=JP1-3
Removed Pin From Net: NetName=TP_XR Pin=JP1-4
Removed Pin From Net: NetName=DGND Pin=JP1-5
Removed Pin From Net: NetName=LCD_DE Pin=JP1-7
Removed Pin From Net: NetName=LCD_VSYNC Pin=JP1-8
Removed Pin From Net: NetName=LCD_HSYNC Pin=JP1-9
Removed Pin From Net: NetName=LCD_ONOFF Pin=JP1-10
Removed Pin From Net: NetName=LCD_CLK Pin=JP1-11
Removed Pin From Net: NetName=DGND Pin=JP1-12
Removed Pin From Net: NetName=LCD_B7 Pin=JP1-13
Removed Pin From Net: NetName=LCD_B6 Pin=JP1-14
Removed Pin From Net: NetName=LCD_B5 Pin=JP1-15
Removed Pin From Net: NetName=LCD_B4 Pin=JP1-16
Removed Pin From Net: NetName=LCD_B3 Pin=JP1-17
Removed Pin From Net: NetName=DGND Pin=JP1-18
Removed Pin From Net: NetName=DGND Pin=JP1-19
Removed Pin From Net: NetName=DGND Pin=JP1-20
Removed Pin From Net: NetName=LCD_G7 Pin=JP1-21
Removed Pin From Net: NetName=LCD_G6 Pin=JP1-22
Removed Pin From Net: NetName=LCD_G5 Pin=JP1-23
Removed Pin From Net: NetName=LCD_G4 Pin=JP1-24
Removed Pin From Net: NetName=LCD_G3 Pin=JP1-25
Removed Pin From Net: NetName=LCD_G2 Pin=JP1-26
Removed Pin From Net: NetName=DGND Pin=JP1-27
Removed Pin From Net: NetName=DGND Pin=JP1-28
Removed Pin From Net: NetName=LCD_R7 Pin=JP1-29
Removed Pin From Net: NetName=LCD_R6 Pin=JP1-30
Removed Pin From Net: NetName=LCD_R5 Pin=JP1-31
Removed Pin From Net: NetName=LCD_R4 Pin=JP1-32
Removed Pin From Net: NetName=LCD_R3 Pin=JP1-33
Removed Pin From Net: NetName=DGND Pin=JP1-34
Removed Pin From Net: NetName=DGND Pin=JP1-35
Removed Pin From Net: NetName=DGND Pin=JP1-36
Removed Pin From Net: NetName=3V3 Pin=JP1-37
Removed Pin From Net: NetName=DGND Pin=JP1-38
Removed Pin From Net: NetName=LEDK(+) Pin=JP1-39
Removed Pin From Net: NetName=LEDK(-) Pin=JP1-40
Removed Pin From Net: NetName=3V3 Pin=JP2-1
Removed Pin From Net: NetName=DGND Pin=JP2-2
Removed Pin From Net: NetName=H7_SWDIO Pin=JP2-3
Removed Pin From Net: NetName=H7_SWCLK Pin=JP2-4
Removed Pin From Net: NetName=NetJP2_5 Pin=JP2-5
Removed Pin From Net: NetName=NetJP2_6 Pin=JP2-6
Removed Pin From Net: NetName=NetJP3_1 Pin=JP3-1
Removed Pin From Net: NetName=NetJP3_2 Pin=JP3-2
Removed Pin From Net: NetName=5V Pin=JP3-3
Removed Pin From Net: NetName=5V Pin=JP3-4
Removed Pin From Net: NetName=DGND Pin=JP3-5
Removed Pin From Net: NetName=DGND Pin=JP3-6
Removed Pin From Net: NetName=NetJP2_5 Pin=JP3-7
Removed Pin From Net: NetName=NetJP2_6 Pin=JP3-8
Removed Pin From Net: NetName=3V3 Pin=JP4-1
Removed Pin From Net: NetName=NetJP3_2 Pin=JP4-2
Removed Pin From Net: NetName=NetJP3_1 Pin=JP4-3
Removed Pin From Net: NetName=DGND Pin=JP4-4
Removed Pin From Net: NetName=KEY_PWR Pin=K1-1
Removed Pin From Net: NetName=B+ Pin=K1-2
Removed Pin From Net: NetName=5V Pin=L1-1
Removed Pin From Net: NetName=NetD1_1 Pin=L1-2
Removed Pin From Net: NetName=NetLED1_1 Pin=LED1-1
Removed Pin From Net: NetName=DGND Pin=LED1-2
Removed Pin From Net: NetName=5V Pin=LS1-1
Removed Pin From Net: NetName=NetLS1_2 Pin=LS1-2
Removed Pin From Net: NetName=DGND Pin=Q1-2
Removed Pin From Net: NetName=NetQ1_3 Pin=Q1-3
Removed Pin From Net: NetName=NetQ2_1 Pin=Q2-1
Removed Pin From Net: NetName=NetC16_1 Pin=Q2-2
Removed Pin From Net: NetName=5V Pin=Q2-3
Removed Pin From Net: NetName=NetQ3_1 Pin=Q3-1
Removed Pin From Net: NetName=DGND Pin=Q3-2
Removed Pin From Net: NetName=NetQ3_3 Pin=Q3-3
Removed Pin From Net: NetName=NetQ4_1 Pin=Q4-1
Removed Pin From Net: NetName=DGND Pin=Q4-2
Removed Pin From Net: NetName=NetLS1_2 Pin=Q4-3
Removed Pin From Net: NetName=DGND Pin=R1-1
Removed Pin From Net: NetName=NetR1_2 Pin=R1-2
Removed Pin From Net: NetName=SPI1_NSS Pin=R2-1
Removed Pin From Net: NetName=3V3 Pin=R2-2
Removed Pin From Net: NetName=NetC6_2 Pin=R3-1
Removed Pin From Net: NetName=3V3 Pin=R3-2
Removed Pin From Net: NetName=3V3 Pin=R4-1
Removed Pin From Net: NetName=LCD_ONOFF Pin=R4-2
Removed Pin From Net: NetName=DGND Pin=R5-1
Removed Pin From Net: NetName=LEDK(-) Pin=R5-2
Removed Pin From Net: NetName=DGND Pin=R6-1
Removed Pin From Net: NetName=LCD_BL Pin=R6-2
Removed Pin From Net: NetName=3V3 Pin=R7-1
Removed Pin From Net: NetName=TP_YU Pin=R7-2
Removed Pin From Net: NetName=DGND Pin=R8-1
Removed Pin From Net: NetName=KEY_PWR Pin=R9-1
Removed Pin From Net: NetName=NetLED1_1 Pin=R10-1
Removed Pin From Net: NetName=5V Pin=R10-2
Removed Pin From Net: NetName=NetQ2_1 Pin=R11-1
Removed Pin From Net: NetName=NetC16_1 Pin=R11-2
Removed Pin From Net: NetName=NetQ3_3 Pin=R12-1
Removed Pin From Net: NetName=NetQ2_1 Pin=R12-2
Removed Pin From Net: NetName=PWR_CTRL Pin=R13-1
Removed Pin From Net: NetName=NetD2_2 Pin=R13-2
Removed Pin From Net: NetName=NetQ3_1 Pin=R14-1
Removed Pin From Net: NetName=PWR_CTRL Pin=R14-2
Removed Pin From Net: NetName=DGND Pin=R15-1
Removed Pin From Net: NetName=NetQ3_1 Pin=R15-2
Removed Pin From Net: NetName=5V Pin=R16-1
Removed Pin From Net: NetName=NetLS1_2 Pin=R16-2
Removed Pin From Net: NetName=BEEP_CTR Pin=R17-1
Removed Pin From Net: NetName=NetQ4_1 Pin=R17-2
Removed Pin From Net: NetName=DGND Pin=SP1-1
Removed Pin From Net: NetName=DGND Pin=SP2-1
Removed Pin From Net: NetName=DGND Pin=SP3-1
Removed Pin From Net: NetName=DGND Pin=SP4-1
Removed Pin From Net: NetName=SPI1_NSS Pin=U1-1
Removed Pin From Net: NetName=SPI1_MISO Pin=U1-2
Removed Pin From Net: NetName=3V3 Pin=U1-3
Removed Pin From Net: NetName=DGND Pin=U1-4
Removed Pin From Net: NetName=SPI1_MOSI Pin=U1-5
Removed Pin From Net: NetName=SPI1_SCK Pin=U1-6
Removed Pin From Net: NetName=3V3 Pin=U1-7
Removed Pin From Net: NetName=3V3 Pin=U1-8
Removed Pin From Net: NetName=Net1_22 Pin=U2-1
Removed Pin From Net: NetName=Net1_23 Pin=U2-2
Removed Pin From Net: NetName=Net1_24 Pin=U2-3
Removed Pin From Net: NetName=Net1_25 Pin=U2-4
Removed Pin From Net: NetName=Net1_26 Pin=U2-5
Removed Pin From Net: NetName=3V3 Pin=U2-6
Removed Pin From Net: NetName=Net1_27 Pin=U2-7
Removed Pin From Net: NetName=Net1_28 Pin=U2-8
Removed Pin From Net: NetName=Net1_29 Pin=U2-9
Removed Pin From Net: NetName=DGND Pin=U2-10
Removed Pin From Net: NetName=3V3 Pin=U2-11
Removed Pin From Net: NetName=NetC4_1 Pin=U2-12
Removed Pin From Net: NetName=NetC5_1 Pin=U2-13
Removed Pin From Net: NetName=NetC6_2 Pin=U2-14
Removed Pin From Net: NetName=LCD_R5 Pin=U2-15
Removed Pin From Net: NetName=SPI2_MOSI Pin=U2-16
Removed Pin From Net: NetName=SPI2_MISO Pin=U2-17
Removed Pin From Net: NetName=TP_YU Pin=U2-18
Removed Pin From Net: NetName=DGND Pin=U2-19
Removed Pin From Net: NetName=3V3 Pin=U2-20
Removed Pin From Net: NetName=3V3 Pin=U2-21
Removed Pin From Net: NetName=BEEP_CTR Pin=U2-22
Removed Pin From Net: NetName=NetJP3_2 Pin=U2-24
Removed Pin From Net: NetName=LCD_B5 Pin=U2-25
Removed Pin From Net: NetName=DGND Pin=U2-26
Removed Pin From Net: NetName=3V3 Pin=U2-27
Removed Pin From Net: NetName=LCD_VSYNC Pin=U2-28
Removed Pin From Net: NetName=LCD_R4 Pin=U2-29
Removed Pin From Net: NetName=LCD_G2 Pin=U2-30
Removed Pin From Net: NetName=SPI1_MOSI Pin=U2-31
Removed Pin From Net: NetName=PWR_CTRL Pin=U2-32
Removed Pin From Net: NetName=KEY_PWR Pin=U2-33
Removed Pin From Net: NetName=LCD_R3 Pin=U2-34
Removed Pin From Net: NetName=LCD_R6 Pin=U2-35
Removed Pin From Net: NetName=Net1_1 Pin=U2-37
Removed Pin From Net: NetName=LCD_G3 Pin=U2-41
Removed Pin From Net: NetName=LCD_B4 Pin=U2-42
Removed Pin From Net: NetName=LCD_DE Pin=U2-43
Removed Pin From Net: NetName=LCD_CLK Pin=U2-44
Removed Pin From Net: NetName=LCD_R7 Pin=U2-45
Removed Pin From Net: NetName=LCD_G4 Pin=U2-46
Removed Pin From Net: NetName=LCD_G5 Pin=U2-47
Removed Pin From Net: NetName=NetC9_2 Pin=U2-48
Removed Pin From Net: NetName=DGND Pin=U2-49
Removed Pin From Net: NetName=3V3 Pin=U2-50
Removed Pin From Net: NetName=SPI2_NSS Pin=U2-51
Removed Pin From Net: NetName=SPI2_SCK Pin=U2-52
Removed Pin From Net: NetName=Net1_2 Pin=U2-53
Removed Pin From Net: NetName=Net1_3 Pin=U2-54
Removed Pin From Net: NetName=CH1_AT Pin=U2-55
Removed Pin From Net: NetName=CH0_AT Pin=U2-56
Removed Pin From Net: NetName=LCD_B3 Pin=U2-57
Removed Pin From Net: NetName=Net1_4 Pin=U2-58
Removed Pin From Net: NetName=I2C4_SCL Pin=U2-59
Removed Pin From Net: NetName=I2C4_SDA Pin=U2-60
Removed Pin From Net: NetName=Net1_5 Pin=U2-61
Removed Pin From Net: NetName=Net1_6 Pin=U2-62
Removed Pin From Net: NetName=LCD_HSYNC Pin=U2-63
Removed Pin From Net: NetName=LCD_G6 Pin=U2-64
Removed Pin From Net: NetName=Net1_7 Pin=U2-65
Removed Pin From Net: NetName=Net1_8 Pin=U2-66
Removed Pin From Net: NetName=Net1_9 Pin=U2-68
Removed Pin From Net: NetName=Net1_10 Pin=U2-69
Removed Pin From Net: NetName=USB_N Pin=U2-70
Removed Pin From Net: NetName=USB_P Pin=U2-71
Removed Pin From Net: NetName=H7_SWDIO Pin=U2-72
Removed Pin From Net: NetName=NetC3_1 Pin=U2-73
Removed Pin From Net: NetName=DGND Pin=U2-74
Removed Pin From Net: NetName=3V3 Pin=U2-75
Removed Pin From Net: NetName=H7_SWCLK Pin=U2-76
Removed Pin From Net: NetName=SPI1_NSS Pin=U2-77
Removed Pin From Net: NetName=Net1_11 Pin=U2-78
Removed Pin From Net: NetName=Net1_12 Pin=U2-79
Removed Pin From Net: NetName=Net1_13 Pin=U2-80
Removed Pin From Net: NetName=Net1_14 Pin=U2-81
Removed Pin From Net: NetName=Net1_15 Pin=U2-82
Removed Pin From Net: NetName=Net1_16 Pin=U2-83
Removed Pin From Net: NetName=LCD_G7 Pin=U2-84
Removed Pin From Net: NetName=Net1_17 Pin=U2-85
Removed Pin From Net: NetName=Net1_18 Pin=U2-86
Removed Pin From Net: NetName=NetJP3_1 Pin=U2-87
Removed Pin From Net: NetName=Net1_19 Pin=U2-88
Removed Pin From Net: NetName=SPI1_SCK Pin=U2-89
Removed Pin From Net: NetName=SPI1_MISO Pin=U2-90
Removed Pin From Net: NetName=LCD_BL Pin=U2-91
Removed Pin From Net: NetName=SCK Pin=U2-92
Removed Pin From Net: NetName=SDA Pin=U2-93
Removed Pin From Net: NetName=NetR1_2 Pin=U2-94
Removed Pin From Net: NetName=LCD_B6 Pin=U2-95
Removed Pin From Net: NetName=LCD_B7 Pin=U2-96
Removed Pin From Net: NetName=DGND Pin=U2-99
Removed Pin From Net: NetName=3V3 Pin=U2-100
Removed Pin From Net: NetName=NetD1_1 Pin=U3-1
Removed Pin From Net: NetName=DGND Pin=U3-2
Removed Pin From Net: NetName=LEDK(-) Pin=U3-3
Removed Pin From Net: NetName=LCD_BL Pin=U3-4
Removed Pin From Net: NetName=5V Pin=U3-5
Removed Pin From Net: NetName=5V Pin=U4-1
Removed Pin From Net: NetName=DGND Pin=U4-2
Removed Pin From Net: NetName=5V Pin=U4-3
Removed Pin From Net: NetName=3V3 Pin=U4-5
Removed Pin From Net: NetName=5V Pin=USB1-1
Removed Pin From Net: NetName=USB_N Pin=USB1-2
Removed Pin From Net: NetName=USB_P Pin=USB1-3
Removed Pin From Net: NetName=DGND Pin=USB1-4
Removed Pin From Net: NetName=DGND Pin=USB1-4
Removed Pin From Net: NetName=DGND Pin=USB1-4
Removed Pin From Net: NetName=NetC4_1 Pin=X1-1
Removed Pin From Net: NetName=DGND Pin=X1-2
Removed Pin From Net: NetName=NetC5_1 Pin=X1-3
Removed Pin From Net: NetName=DGND Pin=X1-4
Removed Member From Class: ClassName=DIGITAL_PART Member=R17
Change Component Designator: OldDesignator=C16 NewDesignator=C17
Change Component Designator: OldDesignator=C17 NewDesignator=C18
Change Component Designator: OldDesignator=C18 NewDesignator=C19
Change Component Designator: OldDesignator=C19 NewDesignator=C20
Change Component Designator: OldDesignator=C20 NewDesignator=C21
Change Component Designator: OldDesignator=C21 NewDesignator=C22
Change Component Designator: OldDesignator=C22 NewDesignator=C23
Change Component Designator: OldDesignator=C23 NewDesignator=C24
Change Component Designator: OldDesignator=C24 NewDesignator=C25
Change Component Designator: OldDesignator=R18 NewDesignator=R17
Change Component Designator: OldDesignator=R19 NewDesignator=R18
Change Component Designator: OldDesignator=R20 NewDesignator=R19
Change Component Designator: OldDesignator=R21 NewDesignator=R20
Change Component Designator: OldDesignator=R22 NewDesignator=R21
Added Component: Designator=1(FPC0.5 2H-WS-34P)
Add component (AddParameter): Name = "BOM名称"; Value = "FPC连接器"; VariantName = "[No Variations]"
Add component (AddParameter): Name = "学习资源"; Value = "www.ooocke.com"; VariantName = "[No Variations]"
Add component (AddParameter): Name = "版权归属"; Value = "源创客"; VariantName = "[No Variations]"
Added Component: Designator=C1(C 0603_L)
Add component (AddParameter): Name = "BOM名称"; Value = "无极性贴片电容"; VariantName = "[No Variations]"
Add component (AddParameter): Name = "学习资源"; Value = "www.ooocke.com"; VariantName = "[No Variations]"
Add component (AddParameter): Name = "版权归属"; Value = "源创客"; VariantName = "[No Variations]"
Added Component: Designator=C2(C 0603_L)
Add component (AddParameter): Name = "BOM名称"; Value = "无极性贴片电容"; VariantName = "[No Variations]"
Add component (AddParameter): Name = "学习资源"; Value = "www.ooocke.com"; VariantName = "[No Variations]"
Add component (AddParameter): Name = "版权归属"; Value = "源创客"; VariantName = "[No Variations]"
Added Component: Designator=C3(C 0603_L)
Add component (AddParameter): Name = "BOM名称"; Value = "无极性贴片电容"; VariantName = "[No Variations]"
Add component (AddParameter): Name = "学习资源"; Value = "www.ooocke.com"; VariantName = "[No Variations]"
Add component (AddParameter): Name = "版权归属"; Value = "源创客"; VariantName = "[No Variations]"
Added Component: Designator=C4(C 0603_L)
Add component (AddParameter): Name = "BOM名称"; Value = "无极性贴片电容"; VariantName = "[No Variations]"
Add component (AddParameter): Name = "学习资源"; Value = "www.ooocke.com"; VariantName = "[No Variations]"
Add component (AddParameter): Name = "版权归属"; Value = "源创客"; VariantName = "[No Variations]"
Added Component: Designator=C5(C 0603_L)
Add component (AddParameter): Name = "BOM名称"; Value = "无极性贴片电容"; VariantName = "[No Variations]"
Add component (AddParameter): Name = "学习资源"; Value = "www.ooocke.com"; VariantName = "[No Variations]"
Add component (AddParameter): Name = "版权归属"; Value = "源创客"; VariantName = "[No Variations]"
Added Component: Designator=C6(C 0603_L)
Add component (AddParameter): Name = "BOM名称"; Value = "无极性贴片电容"; VariantName = "[No Variations]"
Add component (AddParameter): Name = "学习资源"; Value = "www.ooocke.com"; VariantName = "[No Variations]"
Add component (AddParameter): Name = "版权归属"; Value = "源创客"; VariantName = "[No Variations]"
Added Component: Designator=C7(C 0805_L)
Add component (AddParameter): Name = "BOM名称"; Value = "无极性贴片电容"; VariantName = "[No Variations]"
Add component (AddParameter): Name = "学习资源"; Value = "www.ooocke.com"; VariantName = "[No Variations]"
Add component (AddParameter): Name = "版权归属"; Value = "源创客"; VariantName = "[No Variations]"
Added Component: Designator=C8(C 0805_L)
Add component (AddParameter): Name = "BOM名称"; Value = "无极性贴片电容"; VariantName = "[No Variations]"
Add component (AddParameter): Name = "学习资源"; Value = "www.ooocke.com"; VariantName = "[No Variations]"
Add component (AddParameter): Name = "版权归属"; Value = "源创客"; VariantName = "[No Variations]"
Added Component: Designator=C9(C 0603_L)
Add component (AddParameter): Name = "BOM名称"; Value = "无极性贴片电容"; VariantName = "[No Variations]"
Add component (AddParameter): Name = "学习资源"; Value = "www.ooocke.com"; VariantName = "[No Variations]"
Add component (AddParameter): Name = "版权归属"; Value = "源创客"; VariantName = "[No Variations]"
Added Component: Designator=C10(C 0603_L)
Add component (AddParameter): Name = "BOM名称"; Value = "无极性贴片电容"; VariantName = "[No Variations]"
Add component (AddParameter): Name = "学习资源"; Value = "www.ooocke.com"; VariantName = "[No Variations]"
Add component (AddParameter): Name = "版权归属"; Value = "源创客"; VariantName = "[No Variations]"
Added Component: Designator=C11(CD A(3216))
Add component (AddParameter): Name = "BOM名称"; Value = "贴片钽电容"; VariantName = "[No Variations]"
Add component (AddParameter): Name = "学习资源"; Value = "www.ooocke.com"; VariantName = "[No Variations]"
Add component (AddParameter): Name = "版权归属"; Value = "源创客"; VariantName = "[No Variations]"
Added Component: Designator=C12(CD A(3216))
Add component (AddParameter): Name = "BOM名称"; Value = "贴片钽电容"; VariantName = "[No Variations]"
Add component (AddParameter): Name = "学习资源"; Value = "www.ooocke.com"; VariantName = "[No Variations]"
Add component (AddParameter): Name = "版权归属"; Value = "源创客"; VariantName = "[No Variations]"
Added Component: Designator=C13(C 0603_L)
Add component (AddParameter): Name = "BOM名称"; Value = "无极性贴片电容"; VariantName = "[No Variations]"
Add component (AddParameter): Name = "学习资源"; Value = "www.ooocke.com"; VariantName = "[No Variations]"
Add component (AddParameter): Name = "版权归属"; Value = "源创客"; VariantName = "[No Variations]"
Added Component: Designator=C14(C 0603_L)
Add component (AddParameter): Name = "BOM名称"; Value = "无极性贴片电容"; VariantName = "[No Variations]"
Add component (AddParameter): Name = "学习资源"; Value = "www.ooocke.com"; VariantName = "[No Variations]"
Add component (AddParameter): Name = "版权归属"; Value = "源创客"; VariantName = "[No Variations]"
Added Component: Designator=C15(C 0603_L)
Add component (AddParameter): Name = "BOM名称"; Value = "无极性贴片电容"; VariantName = "[No Variations]"
Add component (AddParameter): Name = "学习资源"; Value = "www.ooocke.com"; VariantName = "[No Variations]"
Add component (AddParameter): Name = "版权归属"; Value = "源创客"; VariantName = "[No Variations]"
Added Component: Designator=C16(C 0603_L)
Add component (AddParameter): Name = "BOM名称"; Value = "无极性贴片电容"; VariantName = "[No Variations]"
Add component (AddParameter): Name = "学习资源"; Value = "www.ooocke.com"; VariantName = "[No Variations]"
Add component (AddParameter): Name = "版权归属"; Value = "源创客"; VariantName = "[No Variations]"
Added Component: Designator=D1(SMA)
Add component (AddParameter): Name = "BOM名称"; Value = "肖特基二极管"; VariantName = "[No Variations]"
Add component (AddParameter): Name = "学习资源"; Value = "www.ooocke.com"; VariantName = "[No Variations]"
Add component (AddParameter): Name = "属性"; Value = "40V/2A"; VariantName = "[No Variations]"
Add component (AddParameter): Name = "版权归属"; Value = "源创客"; VariantName = "[No Variations]"
Added Component: Designator=D2(SMA)
Add component (AddParameter): Name = "BOM名称"; Value = "肖特基二极管"; VariantName = "[No Variations]"
Add component (AddParameter): Name = "学习资源"; Value = "www.ooocke.com"; VariantName = "[No Variations]"
Add component (AddParameter): Name = "属性"; Value = "40V/2A"; VariantName = "[No Variations]"
Add component (AddParameter): Name = "版权归属"; Value = "源创客"; VariantName = "[No Variations]"
Added Component: Designator=JP1(FPC0.5 2H-WS-40P)
Added Component: Designator=JP2(MX 1.25-WS-6P)
Add component (AddParameter): Name = "BOM名称"; Value = "6P接插件"; VariantName = "[No Variations]"
Add component (AddParameter): Name = "学习资源"; Value = "www.ooocke.com"; VariantName = "[No Variations]"
Add component (AddParameter): Name = "版权归属"; Value = "源创客"; VariantName = "[No Variations]"
Added Component: Designator=JP3(FPC0.5 2H-WS-8P)
Add component (AddParameter): Name = "BOM名称"; Value = "FPC连接器"; VariantName = "[No Variations]"
Add component (AddParameter): Name = "学习资源"; Value = "www.ooocke.com"; VariantName = "[No Variations]"
Add component (AddParameter): Name = "版权归属"; Value = "源创客"; VariantName = "[No Variations]"
Added Component: Designator=JP4(HDR2.54-LI-4P)
Add component (AddParameter): Name = "BOM名称"; Value = "4P接插件"; VariantName = "[No Variations]"
Add component (AddParameter): Name = "学习资源"; Value = "www.ooocke.com"; VariantName = "[No Variations]"
Add component (AddParameter): Name = "版权归属"; Value = "源创客"; VariantName = "[No Variations]"
Added Component: Designator=L1(NR4020)
Add component (AddParameter): Name = "BOM名称"; Value = "小功率贴片电感"; VariantName = "[No Variations]"
Add component (AddParameter): Name = "学习资源"; Value = "www.ooocke.com"; VariantName = "[No Variations]"
Add component (AddParameter): Name = "版权归属"; Value = "源创客"; VariantName = "[No Variations]"
Added Component: Designator=LED1(LED 0603G)
Add component (AddParameter): Name = "BOM名称"; Value = "贴片LED"; VariantName = "[No Variations]"
Add component (AddParameter): Name = "学习资源"; Value = "www.ooocke.com"; VariantName = "[No Variations]"
Add component (AddParameter): Name = "版权归属"; Value = "源创客"; VariantName = "[No Variations]"
Added Component: Designator=Q1(SOT23-3L)
Added Component: Designator=Q2(SOT23-3L)
Added Component: Designator=Q3(SOT23-3L)
Added Component: Designator=Q4(SOT23-3N)
Add component (AddParameter): Name = "BOM名称"; Value = "高频放大-NPN型"; VariantName = "[No Variations]"
Add component (AddParameter): Name = "学习资源"; Value = "www.ooocke.com"; VariantName = "[No Variations]"
Add component (AddParameter): Name = "属性"; Value = "40V 1.5A 1W 100MHZ"; VariantName = "[No Variations]"
Add component (AddParameter): Name = "版权归属"; Value = "源创客"; VariantName = "[No Variations]"
Added Component: Designator=R1(R 0603_L)
Add component (AddParameter): Name = "BOM名称"; Value = "贴片电阻"; VariantName = "[No Variations]"
Add component (AddParameter): Name = "学习资源"; Value = "www.ooocke.com"; VariantName = "[No Variations]"
Add component (AddParameter): Name = "版权归属"; Value = "源创客"; VariantName = "[No Variations]"
Added Component: Designator=R2(R 0603_L)
Add component (AddParameter): Name = "BOM名称"; Value = "贴片电阻"; VariantName = "[No Variations]"
Add component (AddParameter): Name = "学习资源"; Value = "www.ooocke.com"; VariantName = "[No Variations]"
Add component (AddParameter): Name = "版权归属"; Value = "源创客"; VariantName = "[No Variations]"
Added Component: Designator=R3(R 0603_L)
Add component (AddParameter): Name = "BOM名称"; Value = "贴片电阻"; VariantName = "[No Variations]"
Add component (AddParameter): Name = "学习资源"; Value = "www.ooocke.com"; VariantName = "[No Variations]"
Add component (AddParameter): Name = "版权归属"; Value = "源创客"; VariantName = "[No Variations]"
Added Component: Designator=R4(R 0603_L)
Add component (AddParameter): Name = "BOM名称"; Value = "贴片电阻"; VariantName = "[No Variations]"
Add component (AddParameter): Name = "学习资源"; Value = "www.ooocke.com"; VariantName = "[No Variations]"
Add component (AddParameter): Name = "版权归属"; Value = "源创客"; VariantName = "[No Variations]"
Added Component: Designator=R5(R 0603_L)
Add component (AddParameter): Name = "BOM名称"; Value = "贴片电阻"; VariantName = "[No Variations]"
Add component (AddParameter): Name = "学习资源"; Value = "www.ooocke.com"; VariantName = "[No Variations]"
Add component (AddParameter): Name = "版权归属"; Value = "源创客"; VariantName = "[No Variations]"
Added Component: Designator=R6(R 0603_L)
Add component (AddParameter): Name = "BOM名称"; Value = "贴片电阻"; VariantName = "[No Variations]"
Add component (AddParameter): Name = "学习资源"; Value = "www.ooocke.com"; VariantName = "[No Variations]"
Add component (AddParameter): Name = "版权归属"; Value = "源创客"; VariantName = "[No Variations]"
Added Component: Designator=R7(R 0603_L)
Add component (AddParameter): Name = "BOM名称"; Value = "贴片电阻"; VariantName = "[No Variations]"
Add component (AddParameter): Name = "学习资源"; Value = "www.ooocke.com"; VariantName = "[No Variations]"
Add component (AddParameter): Name = "版权归属"; Value = "源创客"; VariantName = "[No Variations]"
Added Component: Designator=R8(R 0603_L)
Add component (AddParameter): Name = "BOM名称"; Value = "贴片电阻"; VariantName = "[No Variations]"
Add component (AddParameter): Name = "学习资源"; Value = "www.ooocke.com"; VariantName = "[No Variations]"
Add component (AddParameter): Name = "版权归属"; Value = "源创客"; VariantName = "[No Variations]"
Added Component: Designator=R9(R 0603_L)
Add component (AddParameter): Name = "BOM名称"; Value = "贴片电阻"; VariantName = "[No Variations]"
Add component (AddParameter): Name = "学习资源"; Value = "www.ooocke.com"; VariantName = "[No Variations]"
Add component (AddParameter): Name = "版权归属"; Value = "源创客"; VariantName = "[No Variations]"
Added Component: Designator=R10(R 0603_L)
Add component (AddParameter): Name = "BOM名称"; Value = "贴片电阻"; VariantName = "[No Variations]"
Add component (AddParameter): Name = "学习资源"; Value = "www.ooocke.com"; VariantName = "[No Variations]"
Add component (AddParameter): Name = "版权归属"; Value = "源创客"; VariantName = "[No Variations]"
Added Component: Designator=R11(R 0603_L)
Add component (AddParameter): Name = "BOM名称"; Value = "贴片电阻"; VariantName = "[No Variations]"
Add component (AddParameter): Name = "学习资源"; Value = "www.ooocke.com"; VariantName = "[No Variations]"
Add component (AddParameter): Name = "版权归属"; Value = "源创客"; VariantName = "[No Variations]"
Added Component: Designator=R12(R 0603_L)
Add component (AddParameter): Name = "BOM名称"; Value = "贴片电阻"; VariantName = "[No Variations]"
Add component (AddParameter): Name = "学习资源"; Value = "www.ooocke.com"; VariantName = "[No Variations]"
Add component (AddParameter): Name = "版权归属"; Value = "源创客"; VariantName = "[No Variations]"
Added Component: Designator=R13(R 0603_L)
Add component (AddParameter): Name = "BOM名称"; Value = "贴片电阻"; VariantName = "[No Variations]"
Add component (AddParameter): Name = "学习资源"; Value = "www.ooocke.com"; VariantName = "[No Variations]"
Add component (AddParameter): Name = "版权归属"; Value = "源创客"; VariantName = "[No Variations]"
Added Component: Designator=R14(R 0603_L)
Add component (AddParameter): Name = "BOM名称"; Value = "贴片电阻"; VariantName = "[No Variations]"
Add component (AddParameter): Name = "学习资源"; Value = "www.ooocke.com"; VariantName = "[No Variations]"
Add component (AddParameter): Name = "版权归属"; Value = "源创客"; VariantName = "[No Variations]"
Added Component: Designator=R15(R 0603_L)
Add component (AddParameter): Name = "BOM名称"; Value = "贴片电阻"; VariantName = "[No Variations]"
Add component (AddParameter): Name = "学习资源"; Value = "www.ooocke.com"; VariantName = "[No Variations]"
Add component (AddParameter): Name = "版权归属"; Value = "源创客"; VariantName = "[No Variations]"
Added Component: Designator=R16(R 0603_L)
Add component (AddParameter): Name = "BOM名称"; Value = "贴片电阻"; VariantName = "[No Variations]"
Add component (AddParameter): Name = "学习资源"; Value = "www.ooocke.com"; VariantName = "[No Variations]"
Add component (AddParameter): Name = "版权归属"; Value = "源创客"; VariantName = "[No Variations]"
Added Component: Designator=U1(SOP8W_L)
Add component (AddParameter): Name = "BOM名称"; Value = "外置Flash"; VariantName = "[No Variations]"
Add component (AddParameter): Name = "学习资源"; Value = "www.ooocke.com"; VariantName = "[No Variations]"
Add component (AddParameter): Name = "版权归属"; Value = "源创客"; VariantName = "[No Variations]"
Added Component: Designator=U2(TQFP100 14x14_N)
Added Component: Designator=U3(SOT23-5L)
Added Component: Designator=U4(SOT23-5L)
Added Component: Designator=USB1(USB-A/S_C)
Add component (AddParameter): Name = "BOM名称"; Value = "USB-A型母接口"; VariantName = "[No Variations]"
Add component (AddParameter): Name = "学习资源"; Value = "www.ooocke.com"; VariantName = "[No Variations]"
Add component (AddParameter): Name = "版权归属"; Value = "源创客"; VariantName = "[No Variations]"
Added Component: Designator=X1(OSC 2016-4P)
Add component (AddParameter): Name = "BOM名称"; Value = "4脚无源晶振"; VariantName = "[No Variations]"
Add component (AddParameter): Name = "学习资源"; Value = "www.ooocke.com"; VariantName = "[No Variations]"
Add component (AddParameter): Name = "版权归属"; Value = "源创客"; VariantName = "[No Variations]"
Added Pin To Net: NetName=Net1_1 Pin=1-1
Added Pin To Net: NetName=Net1_2 Pin=1-2
Added Pin To Net: NetName=Net1_3 Pin=1-3
Added Pin To Net: NetName=Net1_4 Pin=1-4
Added Pin To Net: NetName=Net1_5 Pin=1-5
Added Pin To Net: NetName=Net1_6 Pin=1-6
Added Pin To Net: NetName=Net1_7 Pin=1-7
Added Pin To Net: NetName=Net1_8 Pin=1-8
Added Pin To Net: NetName=Net1_9 Pin=1-9
Added Pin To Net: NetName=Net1_10 Pin=1-10
Added Pin To Net: NetName=Net1_11 Pin=1-11
Added Pin To Net: NetName=Net1_12 Pin=1-12
Added Pin To Net: NetName=Net1_13 Pin=1-13
Added Pin To Net: NetName=Net1_14 Pin=1-14
Added Pin To Net: NetName=Net1_15 Pin=1-15
Added Pin To Net: NetName=Net1_16 Pin=1-16
Added Pin To Net: NetName=Net1_17 Pin=1-17
Added Pin To Net: NetName=Net1_18 Pin=1-18
Added Pin To Net: NetName=Net1_19 Pin=1-19
Added Pin To Net: NetName=SCK Pin=1-20
Added Pin To Net: NetName=SDA Pin=1-21
Added Pin To Net: NetName=Net1_22 Pin=1-22
Added Pin To Net: NetName=Net1_23 Pin=1-23
Added Pin To Net: NetName=Net1_24 Pin=1-24
Added Pin To Net: NetName=Net1_25 Pin=1-25
Added Pin To Net: NetName=Net1_26 Pin=1-26
Added Pin To Net: NetName=Net1_27 Pin=1-27
Added Pin To Net: NetName=Net1_28 Pin=1-28
Added Pin To Net: NetName=Net1_29 Pin=1-29
Added Pin To Net: NetName=5V Pin=1-30
Added Pin To Net: NetName=5V Pin=1-31
Added Pin To Net: NetName=DGND Pin=1-32
Added Pin To Net: NetName=DGND Pin=1-33
Added Pin To Net: NetName=3V3 Pin=C1-1
Added Pin To Net: NetName=DGND Pin=C1-2
Added Pin To Net: NetName=3V3 Pin=C2-1
Added Pin To Net: NetName=DGND Pin=C2-2
Added Pin To Net: NetName=NetC3_1 Pin=C3-1
Added Pin To Net: NetName=DGND Pin=C3-2
Added Pin To Net: NetName=NetC4_1 Pin=C4-1
Added Pin To Net: NetName=DGND Pin=C4-2
Added Pin To Net: NetName=NetC5_1 Pin=C5-1
Added Pin To Net: NetName=DGND Pin=C5-2
Added Pin To Net: NetName=DGND Pin=C6-1
Added Pin To Net: NetName=NetC6_2 Pin=C6-2
Added Pin To Net: NetName=DGND Pin=C7-1
Added Pin To Net: NetName=5V Pin=C7-2
Added Pin To Net: NetName=LEDK(+) Pin=C8-1
Added Pin To Net: NetName=DGND Pin=C8-2
Added Pin To Net: NetName=DGND Pin=C9-1
Added Pin To Net: NetName=NetC9_2 Pin=C9-2
Added Pin To Net: NetName=KEY_PWR Pin=C10-1
Added Pin To Net: NetName=5V Pin=C11-1
Added Pin To Net: NetName=DGND Pin=C11-2
Added Pin To Net: NetName=3V3 Pin=C12-1
Added Pin To Net: NetName=DGND Pin=C12-2
Added Pin To Net: NetName=DGND Pin=C13-1
Added Pin To Net: NetName=3V3 Pin=C13-2
Added Pin To Net: NetName=DGND Pin=C14-1
Added Pin To Net: NetName=3V3 Pin=C14-2
Added Pin To Net: NetName=DGND Pin=C15-1
Added Pin To Net: NetName=3V3 Pin=C15-2
Added Pin To Net: NetName=DGND Pin=C16-1
Added Pin To Net: NetName=3V3 Pin=C16-2
Added Pin To Net: NetName=NetD1_1 Pin=D1-1
Added Pin To Net: NetName=LEDK(+) Pin=D1-2
Added Pin To Net: NetName=KEY_PWR Pin=D2-1
Added Pin To Net: NetName=NetD2_2 Pin=D2-2
Added Pin To Net: NetName=TP_YU Pin=JP1-1
Added Pin To Net: NetName=TP_XL Pin=JP1-2
Added Pin To Net: NetName=TP_YD Pin=JP1-3
Added Pin To Net: NetName=TP_XR Pin=JP1-4
Added Pin To Net: NetName=DGND Pin=JP1-5
Added Pin To Net: NetName=LCD_DE Pin=JP1-7
Added Pin To Net: NetName=LCD_VSYNC Pin=JP1-8
Added Pin To Net: NetName=LCD_HSYNC Pin=JP1-9
Added Pin To Net: NetName=LCD_ONOFF Pin=JP1-10
Added Pin To Net: NetName=LCD_CLK Pin=JP1-11
Added Pin To Net: NetName=DGND Pin=JP1-12
Added Pin To Net: NetName=LCD_B7 Pin=JP1-13
Added Pin To Net: NetName=LCD_B6 Pin=JP1-14
Added Pin To Net: NetName=LCD_B5 Pin=JP1-15
Added Pin To Net: NetName=LCD_B4 Pin=JP1-16
Added Pin To Net: NetName=LCD_B3 Pin=JP1-17
Added Pin To Net: NetName=DGND Pin=JP1-18
Added Pin To Net: NetName=DGND Pin=JP1-19
Added Pin To Net: NetName=DGND Pin=JP1-20
Added Pin To Net: NetName=LCD_G7 Pin=JP1-21
Added Pin To Net: NetName=LCD_G6 Pin=JP1-22
Added Pin To Net: NetName=LCD_G5 Pin=JP1-23
Added Pin To Net: NetName=LCD_G4 Pin=JP1-24
Added Pin To Net: NetName=LCD_G3 Pin=JP1-25
Added Pin To Net: NetName=LCD_G2 Pin=JP1-26
Added Pin To Net: NetName=DGND Pin=JP1-27
Added Pin To Net: NetName=DGND Pin=JP1-28
Added Pin To Net: NetName=LCD_R7 Pin=JP1-29
Added Pin To Net: NetName=LCD_R6 Pin=JP1-30
Added Pin To Net: NetName=LCD_R5 Pin=JP1-31
Added Pin To Net: NetName=LCD_R4 Pin=JP1-32
Added Pin To Net: NetName=LCD_R3 Pin=JP1-33
Added Pin To Net: NetName=DGND Pin=JP1-34
Added Pin To Net: NetName=DGND Pin=JP1-35
Added Pin To Net: NetName=DGND Pin=JP1-36
Added Pin To Net: NetName=3V3 Pin=JP1-37
Added Pin To Net: NetName=DGND Pin=JP1-38
Added Pin To Net: NetName=LEDK(+) Pin=JP1-39
Added Pin To Net: NetName=LEDK(-) Pin=JP1-40
Added Pin To Net: NetName=3V3 Pin=JP2-1
Added Pin To Net: NetName=DGND Pin=JP2-2
Added Pin To Net: NetName=H7_SWDIO Pin=JP2-3
Added Pin To Net: NetName=H7_SWCLK Pin=JP2-4
Added Pin To Net: NetName=NetJP2_5 Pin=JP2-5
Added Pin To Net: NetName=NetJP2_6 Pin=JP2-6
Added Pin To Net: NetName=NetJP3_1 Pin=JP3-1
Added Pin To Net: NetName=NetJP3_2 Pin=JP3-2
Added Pin To Net: NetName=5V Pin=JP3-3
Added Pin To Net: NetName=5V Pin=JP3-4
Added Pin To Net: NetName=DGND Pin=JP3-5
Added Pin To Net: NetName=DGND Pin=JP3-6
Added Pin To Net: NetName=NetJP2_5 Pin=JP3-7
Added Pin To Net: NetName=NetJP2_6 Pin=JP3-8
Added Pin To Net: NetName=3V3 Pin=JP4-1
Added Pin To Net: NetName=NetJP3_2 Pin=JP4-2
Added Pin To Net: NetName=NetJP3_1 Pin=JP4-3
Added Pin To Net: NetName=DGND Pin=JP4-4
Added Pin To Net: NetName=5V Pin=L1-1
Added Pin To Net: NetName=NetD1_1 Pin=L1-2
Added Pin To Net: NetName=NetLED1_1 Pin=LED1-1
Added Pin To Net: NetName=DGND Pin=LED1-2
Added Pin To Net: NetName=DGND Pin=Q1-2
Added Pin To Net: NetName=NetQ1_3 Pin=Q1-3
Added Pin To Net: NetName=NetQ2_1 Pin=Q2-1
Added Pin To Net: NetName=NetC16_1 Pin=Q2-2
Added Pin To Net: NetName=5V Pin=Q2-3
Added Pin To Net: NetName=NetQ3_1 Pin=Q3-1
Added Pin To Net: NetName=DGND Pin=Q3-2
Added Pin To Net: NetName=NetQ3_3 Pin=Q3-3
Added Pin To Net: NetName=NetQ4_1 Pin=Q4-1
Added Pin To Net: NetName=DGND Pin=Q4-2
Added Pin To Net: NetName=NetLS1_2 Pin=Q4-3
Added Pin To Net: NetName=DGND Pin=R1-1
Added Pin To Net: NetName=NetR1_2 Pin=R1-2
Added Pin To Net: NetName=SPI1_NSS Pin=R2-1
Added Pin To Net: NetName=3V3 Pin=R2-2
Added Pin To Net: NetName=NetC6_2 Pin=R3-1
Added Pin To Net: NetName=3V3 Pin=R3-2
Added Pin To Net: NetName=3V3 Pin=R4-1
Added Pin To Net: NetName=LCD_ONOFF Pin=R4-2
Added Pin To Net: NetName=DGND Pin=R5-1
Added Pin To Net: NetName=LEDK(-) Pin=R5-2
Added Pin To Net: NetName=DGND Pin=R6-1
Added Pin To Net: NetName=LCD_BL Pin=R6-2
Added Pin To Net: NetName=3V3 Pin=R7-1
Added Pin To Net: NetName=TP_YU Pin=R7-2
Added Pin To Net: NetName=DGND Pin=R8-1
Added Pin To Net: NetName=NetLED1_1 Pin=R9-1
Added Pin To Net: NetName=5V Pin=R9-2
Added Pin To Net: NetName=NetQ2_1 Pin=R10-1
Added Pin To Net: NetName=NetC16_1 Pin=R10-2
Added Pin To Net: NetName=NetQ3_3 Pin=R11-1
Added Pin To Net: NetName=NetQ2_1 Pin=R11-2
Added Pin To Net: NetName=PWR_CTRL Pin=R12-1
Added Pin To Net: NetName=NetD2_2 Pin=R12-2
Added Pin To Net: NetName=NetQ3_1 Pin=R13-1
Added Pin To Net: NetName=PWR_CTRL Pin=R13-2
Added Pin To Net: NetName=DGND Pin=R14-1
Added Pin To Net: NetName=NetQ3_1 Pin=R14-2
Added Pin To Net: NetName=5V Pin=R15-1
Added Pin To Net: NetName=NetLS1_2 Pin=R15-2
Added Pin To Net: NetName=BEEP_CTR Pin=R16-1
Added Pin To Net: NetName=NetQ4_1 Pin=R16-2
Added Pin To Net: NetName=SPI1_NSS Pin=U1-1
Added Pin To Net: NetName=SPI1_MISO Pin=U1-2
Added Pin To Net: NetName=3V3 Pin=U1-3
Added Pin To Net: NetName=DGND Pin=U1-4
Added Pin To Net: NetName=SPI1_MOSI Pin=U1-5
Added Pin To Net: NetName=SPI1_SCK Pin=U1-6
Added Pin To Net: NetName=3V3 Pin=U1-7
Added Pin To Net: NetName=3V3 Pin=U1-8
Added Pin To Net: NetName=Net1_22 Pin=U2-1
Added Pin To Net: NetName=Net1_23 Pin=U2-2
Added Pin To Net: NetName=Net1_24 Pin=U2-3
Added Pin To Net: NetName=Net1_25 Pin=U2-4
Added Pin To Net: NetName=Net1_26 Pin=U2-5
Added Pin To Net: NetName=3V3 Pin=U2-6
Added Pin To Net: NetName=Net1_27 Pin=U2-7
Added Pin To Net: NetName=Net1_28 Pin=U2-8
Added Pin To Net: NetName=Net1_29 Pin=U2-9
Added Pin To Net: NetName=DGND Pin=U2-10
Added Pin To Net: NetName=3V3 Pin=U2-11
Added Pin To Net: NetName=NetC4_1 Pin=U2-12
Added Pin To Net: NetName=NetC5_1 Pin=U2-13
Added Pin To Net: NetName=NetC6_2 Pin=U2-14
Added Pin To Net: NetName=LCD_R5 Pin=U2-15
Added Pin To Net: NetName=SPI2_MOSI Pin=U2-16
Added Pin To Net: NetName=SPI2_MISO Pin=U2-17
Added Pin To Net: NetName=TP_YU Pin=U2-18
Added Pin To Net: NetName=DGND Pin=U2-19
Added Pin To Net: NetName=3V3 Pin=U2-20
Added Pin To Net: NetName=3V3 Pin=U2-21
Added Pin To Net: NetName=BEEP_CTR Pin=U2-22
Added Pin To Net: NetName=NetJP3_2 Pin=U2-24
Added Pin To Net: NetName=LCD_B5 Pin=U2-25
Added Pin To Net: NetName=DGND Pin=U2-26
Added Pin To Net: NetName=3V3 Pin=U2-27
Added Pin To Net: NetName=LCD_VSYNC Pin=U2-28
Added Pin To Net: NetName=LCD_R4 Pin=U2-29
Added Pin To Net: NetName=LCD_G2 Pin=U2-30
Added Pin To Net: NetName=SPI1_MOSI Pin=U2-31
Added Pin To Net: NetName=PWR_CTRL Pin=U2-32
Added Pin To Net: NetName=KEY_PWR Pin=U2-33
Added Pin To Net: NetName=LCD_R3 Pin=U2-34
Added Pin To Net: NetName=LCD_R6 Pin=U2-35
Added Pin To Net: NetName=Net1_1 Pin=U2-37
Added Pin To Net: NetName=LCD_G3 Pin=U2-41
Added Pin To Net: NetName=LCD_B4 Pin=U2-42
Added Pin To Net: NetName=LCD_DE Pin=U2-43
Added Pin To Net: NetName=LCD_CLK Pin=U2-44
Added Pin To Net: NetName=LCD_R7 Pin=U2-45
Added Pin To Net: NetName=LCD_G4 Pin=U2-46
Added Pin To Net: NetName=LCD_G5 Pin=U2-47
Added Pin To Net: NetName=NetC9_2 Pin=U2-48
Added Pin To Net: NetName=DGND Pin=U2-49
Added Pin To Net: NetName=3V3 Pin=U2-50
Added Pin To Net: NetName=SPI2_NSS Pin=U2-51
Added Pin To Net: NetName=SPI2_SCK Pin=U2-52
Added Pin To Net: NetName=Net1_2 Pin=U2-53
Added Pin To Net: NetName=Net1_3 Pin=U2-54
Added Pin To Net: NetName=CH1_AT Pin=U2-55
Added Pin To Net: NetName=CH0_AT Pin=U2-56
Added Pin To Net: NetName=LCD_B3 Pin=U2-57
Added Pin To Net: NetName=Net1_4 Pin=U2-58
Added Pin To Net: NetName=I2C4_SCL Pin=U2-59
Added Pin To Net: NetName=I2C4_SDA Pin=U2-60
Added Pin To Net: NetName=Net1_5 Pin=U2-61
Added Pin To Net: NetName=Net1_6 Pin=U2-62
Added Pin To Net: NetName=LCD_HSYNC Pin=U2-63
Added Pin To Net: NetName=LCD_G6 Pin=U2-64
Added Pin To Net: NetName=Net1_7 Pin=U2-65
Added Pin To Net: NetName=Net1_8 Pin=U2-66
Added Pin To Net: NetName=Net1_9 Pin=U2-68
Added Pin To Net: NetName=Net1_10 Pin=U2-69
Added Pin To Net: NetName=USB_N Pin=U2-70
Added Pin To Net: NetName=USB_P Pin=U2-71
Added Pin To Net: NetName=H7_SWDIO Pin=U2-72
Added Pin To Net: NetName=NetC3_1 Pin=U2-73
Added Pin To Net: NetName=DGND Pin=U2-74
Added Pin To Net: NetName=3V3 Pin=U2-75
Added Pin To Net: NetName=H7_SWCLK Pin=U2-76
Added Pin To Net: NetName=SPI1_NSS Pin=U2-77
Added Pin To Net: NetName=Net1_11 Pin=U2-78
Added Pin To Net: NetName=Net1_12 Pin=U2-79
Added Pin To Net: NetName=Net1_13 Pin=U2-80
Added Pin To Net: NetName=Net1_14 Pin=U2-81
Added Pin To Net: NetName=Net1_15 Pin=U2-82
Added Pin To Net: NetName=Net1_16 Pin=U2-83
Added Pin To Net: NetName=LCD_G7 Pin=U2-84
Added Pin To Net: NetName=Net1_17 Pin=U2-85
Added Pin To Net: NetName=Net1_18 Pin=U2-86
Added Pin To Net: NetName=NetJP3_1 Pin=U2-87
Added Pin To Net: NetName=Net1_19 Pin=U2-88
Added Pin To Net: NetName=SPI1_SCK Pin=U2-89
Added Pin To Net: NetName=SPI1_MISO Pin=U2-90
Added Pin To Net: NetName=LCD_BL Pin=U2-91
Added Pin To Net: NetName=SCK Pin=U2-92
Added Pin To Net: NetName=SDA Pin=U2-93
Added Pin To Net: NetName=NetR1_2 Pin=U2-94
Added Pin To Net: NetName=LCD_B6 Pin=U2-95
Added Pin To Net: NetName=LCD_B7 Pin=U2-96
Added Pin To Net: NetName=DGND Pin=U2-99
Added Pin To Net: NetName=3V3 Pin=U2-100
Added Pin To Net: NetName=NetD1_1 Pin=U3-1
Added Pin To Net: NetName=DGND Pin=U3-2
Added Pin To Net: NetName=LEDK(-) Pin=U3-3
Added Pin To Net: NetName=LCD_BL Pin=U3-4
Added Pin To Net: NetName=5V Pin=U3-5
Added Pin To Net: NetName=5V Pin=U4-1
Added Pin To Net: NetName=DGND Pin=U4-2
Added Pin To Net: NetName=5V Pin=U4-3
Added Pin To Net: NetName=3V3 Pin=U4-5
Added Pin To Net: NetName=5V Pin=USB1-1
Added Pin To Net: NetName=USB_N Pin=USB1-2
Added Pin To Net: NetName=USB_P Pin=USB1-3
Added Pin To Net: NetName=DGND Pin=USB1-4
Added Pin To Net: NetName=DGND Pin=USB1-4
Added Pin To Net: NetName=DGND Pin=USB1-4
Added Pin To Net: NetName=NetC4_1 Pin=X1-1
Added Pin To Net: NetName=DGND Pin=X1-2
Added Pin To Net: NetName=NetC5_1 Pin=X1-3
Added Pin To Net: NetName=DGND Pin=X1-4
Change Net Name : Old Net Name=NetC16_1 New Net Name=NetC17_1
Change Net Name : Old Net Name=NetC20_1 New Net Name=NetC21_1
Change Net Name : Old Net Name=NetC21_1 New Net Name=NetC22_1
Change Net Name : Old Net Name=NetC22_1 New Net Name=NetC23_1
Change Net Name : Old Net Name=NetC24_1 New Net Name=NetC25_1
Added Pin To Net: NetName=NetC10_2 Pin=C10-2
Added Pin To Net: NetName=NetC10_2 Pin=Q1-1
Added Pin To Net: NetName=NetC10_2 Pin=R8-2
Added Net: Name=NetC10_2
Added Member To Class: ClassName=DIGITAL_PART Member=Component C16 100nF
