Removed Pin From Net: NetName=NetC17_1 Pin=K1-2
Removed Member From Class: ClassName=DIGITAL_PART Member=C17
Removed Member From Class: ClassName=POWER_BANK_PART Member=R16
Change Component Comment : Designator=R10 Old Comment=47K New Comment=10K
Added Pin To Net: NetName=B+ Pin=K1-2
Added Member To Class: ClassName=DIGITAL_PART Member=Component C10 1uF
Added Member To Class: ClassName=DIGITAL_PART Member=Component C12 47uF
Added Member To Class: ClassName=DIGITAL_PART Member=Component C13 100nF
Added Member To Class: ClassName=DIGITAL_PART Member=Component C15 100nF
Added Member To Class: ClassName=DIGITAL_PART Member=Component C16 100nF
Added Member To Class: ClassName=POWER_BANK_PART Member=Component C17 22uF
Added Member To Class: ClassName=POWER_BANK_PART Member=Component C18 22uF
Added Member To Class: ClassName=POWER_BANK_PART Member=Component C20 22uF
Added Member To Class: ClassName=POWER_BANK_PART Member=Component C22 10uF
Added Member To Class: ClassName=POWER_BANK_PART Member=Component C24 22uF
Added Member To Class: ClassName=DIGITAL_PART Member=Component R11 1K
Added Member To Class: ClassName=DIGITAL_PART Member=Component R13 1K
Added Member To Class: ClassName=DIGITAL_PART Member=Component R15 1K
Added Member To Class: ClassName=DIGITAL_PART Member=Component R16 10K
Added Member To Class: ClassName=POWER_BANK_PART Member=Component R18 1K
Added Member To Class: ClassName=POWER_BANK_PART Member=Component R21 2.2K
