Change Component Comment : Designator=C9 Old Comment=0.1uF New Comment=1uF
Change Component Comment : Designator=R8 Old Comment=390K New Comment=39K
Change Component Designator: OldDesignator=C9 NewDesignator=C11
Change Component Designator: OldDesignator=C11 NewDesignator=C12
Change Component Designator: OldDesignator=C12 NewDesignator=C13
Change Component Designator: OldDesignator=C13 NewDesignator=C14
Change Component Designator: OldDesignator=C14 NewDesignator=C15
Change Component Designator: OldDesignator=C15 NewDesignator=C16
Change Component Designator: OldDesignator=C16 NewDesignator=C17
Change Component Designator: OldDesignator=C17 NewDesignator=C18
Change Component Designator: OldDesignator=C18 NewDesignator=C19
Change Component Designator: OldDesignator=C19 NewDesignator=C20
Change Component Designator: OldDesignator=C20 NewDesignator=C21
Change Component Designator: OldDesignator=C21 NewDesignator=C22
Change Component Designator: OldDesignator=C22 NewDesignator=C23
Change Component Designator: OldDesignator=C23 NewDesignator=C24
Change Component Designator: OldDesignator=C24 NewDesignator=C25
Change Component Designator: OldDesignator=C25 NewDesignator=C26
Change Component Designator: OldDesignator=C26 NewDesignator=C27
Change Component Designator: OldDesignator=JP2 NewDesignator=JP4
Change Component Designator: OldDesignator=JP3 NewDesignator=JP5
Change Component Designator: OldDesignator=JP4 NewDesignator=JP6
Change Component Designator: OldDesignator=JP5 NewDesignator=JP7
Change Component Designator: OldDesignator=R3 NewDesignator=R4
Change Component Designator: OldDesignator=R4 NewDesignator=R3
Change Component Designator: OldDesignator=R5 NewDesignator=R6
Change Component Designator: OldDesignator=R6 NewDesignator=R7
Change Component Designator: OldDesignator=R7 NewDesignator=R5
Change Component Designator: OldDesignator=R8 NewDesignator=R10
Change Component Designator: OldDesignator=R9 NewDesignator=R11
Change Component Designator: OldDesignator=R10 NewDesignator=R12
Change Component Designator: OldDesignator=R11 NewDesignator=R13
Change Component Designator: OldDesignator=R12 NewDesignator=R14
Change Component Designator: OldDesignator=R13 NewDesignator=R15
Change Component Designator: OldDesignator=R14 NewDesignator=R16
Change Component Designator: OldDesignator=R15 NewDesignator=R17
Change Component Designator: OldDesignator=R16 NewDesignator=R18
Change Component Designator: OldDesignator=R17 NewDesignator=R19
Change Component Designator: OldDesignator=R18 NewDesignator=R20
Change Component Designator: OldDesignator=R19 NewDesignator=R21
Change Component Designator: OldDesignator=R20 NewDesignator=R22
Change Component Designator: OldDesignator=R21 NewDesignator=R23
Change Component Designator: OldDesignator=R22 NewDesignator=R24
Change Component Designator: OldDesignator=U5 NewDesignator=U6
Change Component Designator: OldDesignator=U6 NewDesignator=U7
Change Component Designator: OldDesignator=U7 NewDesignator=U8
Change Component Designator: OldDesignator=U8 NewDesignator=U9
Added Component: Designator=C9(C 0603_L)
Add component (AddParameter): Name = "BOM名称"; Value = "无极性贴片电容"; VariantName = "[No Variations]"
Add component (AddParameter): Name = "学习资源"; Value = "www.ooocke.com"; VariantName = "[No Variations]"
Add component (AddParameter): Name = "版权归属"; Value = "源创客"; VariantName = "[No Variations]"
Added Component: Designator=JP2(DJ6113-6.3x0.8x13)
Add component (AddParameter): Name = "BOM名称"; Value = "10P接插件"; VariantName = "[No Variations]"
Add component (AddParameter): Name = "学习资源"; Value = "www.ooocke.com"; VariantName = "[No Variations]"
Add component (AddParameter): Name = "版权归属"; Value = "源创客"; VariantName = "[No Variations]"
Added Component: Designator=JP3(DJ610-4.8x0.5x14)
Add component (AddParameter): Name = "BOM名称"; Value = "10P接插件"; VariantName = "[No Variations]"
Add component (AddParameter): Name = "学习资源"; Value = "www.ooocke.com"; VariantName = "[No Variations]"
Add component (AddParameter): Name = "版权归属"; Value = "源创客"; VariantName = "[No Variations]"
Added Component: Designator=R8(R 0603_L)
Add component (AddParameter): Name = "BOM名称"; Value = "贴片电阻"; VariantName = "[No Variations]"
Add component (AddParameter): Name = "学习资源"; Value = "www.ooocke.com"; VariantName = "[No Variations]"
Add component (AddParameter): Name = "版权归属"; Value = "源创客"; VariantName = "[No Variations]"
Added Component: Designator=R9(R 0603_L)
Add component (AddParameter): Name = "BOM名称"; Value = "贴片电阻"; VariantName = "[No Variations]"
Add component (AddParameter): Name = "学习资源"; Value = "www.ooocke.com"; VariantName = "[No Variations]"
Add component (AddParameter): Name = "版权归属"; Value = "源创客"; VariantName = "[No Variations]"
Added Component: Designator=U5(SOP14_L)
Added Pin To Net: NetName=DGND Pin=C9-1
Added Pin To Net: NetName=3V3 Pin=C9-2
Added Pin To Net: NetName=DGND Pin=JP3-1
Added Pin To Net: NetName=DGND Pin=JP3-1
Added Pin To Net: NetName=DGND Pin=R8-2
Added Pin To Net: NetName=DGND Pin=U5-7
Added Pin To Net: NetName=3V3 Pin=U5-14
Change Net Name : Old Net Name=NetC9_2 New Net Name=NetC11_2
Change Net Name : Old Net Name=NetC18_1 New Net Name=NetC19_1
Change Net Name : Old Net Name=NetC22_1 New Net Name=NetC23_1
Change Net Name : Old Net Name=NetC23_1 New Net Name=NetC24_1
Change Net Name : Old Net Name=NetC24_1 New Net Name=NetC25_1
Change Net Name : Old Net Name=NetC26_1 New Net Name=NetC27_1
Change Net Name : Old Net Name=NetJP2_5 New Net Name=NetJP4_5
Change Net Name : Old Net Name=NetJP2_6 New Net Name=NetJP4_6
Change Net Name : Old Net Name=NetJP3_1 New Net Name=NetJP5_1
Change Net Name : Old Net Name=NetJP3_2 New Net Name=NetJP5_2
Added Pin To Net: NetName=ABout Pin=U5-3
Added Pin To Net: NetName=ABout Pin=U5-5
Added Pin To Net: NetName=ABout Pin=U5-6
Added Pin To Net: NetName=ABout Pin=U5-8
Added Pin To Net: NetName=ABout Pin=U5-9
Added Pin To Net: NetName=ABout Pin=U5-12
Added Pin To Net: NetName=ABout Pin=U5-13
Added Net: Name=ABout
Added Pin To Net: NetName=NetJP2_1 Pin=JP2-1
Added Pin To Net: NetName=NetJP2_1 Pin=JP2-1
Added Pin To Net: NetName=NetJP2_1 Pin=R9-1
Added Net: Name=NetJP2_1
Added Pin To Net: NetName=NetR8_1 Pin=R8-1
Added Pin To Net: NetName=NetR8_1 Pin=U5-1
Added Pin To Net: NetName=NetR8_1 Pin=U5-2
Added Net: Name=NetR8_1
Added Pin To Net: NetName=NetR9_2 Pin=R9-2
Added Pin To Net: NetName=NetR9_2 Pin=U5-10
Added Pin To Net: NetName=NetR9_2 Pin=U5-11
Added Net: Name=NetR9_2
Added Member To Class: ClassName=DIGITAL_PART Member=Component C10 2.2uF
Added Member To Class: ClassName=DIGITAL_PART Member=Component C13 10uF
Added Member To Class: ClassName=DIGITAL_PART Member=Component C16 100nF
Added Member To Class: ClassName=DIGITAL_PART Member=Component C17 100nF
Added Member To Class: ClassName=POWER_BANK_PART Member=Component C21 22uF
Added Member To Class: ClassName=POWER_BANK_PART Member=Component C23 10uF
Added Member To Class: ClassName=POWER_BANK_PART Member=Component C25 22uF
Added Member To Class: ClassName=POWER_BANK_PART Member=Component C27 0.1uF/16V
Added Member To Class: ClassName=DIGITAL_PART Member=Component JP5 FPC1.0-8P
Added Member To Class: ClassName=DIGITAL_PART Member=Component JP6 HDR-1X4
Added Member To Class: ClassName=DIGITAL_PART Member=Component R1 4.99K
Added Member To Class: ClassName=DIGITAL_PART Member=Component R18 1K
Added Member To Class: ClassName=DIGITAL_PART Member=Component R19 10K
Added Member To Class: ClassName=DIGITAL_PART Member=Component U6 AMS1117-3.0
