Removed Member From Class: ClassName=DIGITAL_PART Member=R?
Change Component Designator: OldDesignator=2P NewDesignator=1
Change Component Designator: OldDesignator=C16 NewDesignator=C17
Change Component Designator: OldDesignator=C17 NewDesignator=C18
Change Component Designator: OldDesignator=C18 NewDesignator=C19
Change Component Designator: OldDesignator=C19 NewDesignator=C20
Change Component Designator: OldDesignator=C20 NewDesignator=C21
Change Component Designator: OldDesignator=C21 NewDesignator=C22
Change Component Designator: OldDesignator=C22 NewDesignator=C23
Change Component Designator: OldDesignator=C23 NewDesignator=C24
Change Component Designator: OldDesignator=C24 NewDesignator=C25
Change Component Designator: OldDesignator=R1 NewDesignator=R2
Change Component Designator: OldDesignator=R2 NewDesignator=R1
Change Component Designator: OldDesignator=R9 NewDesignator=R10
Change Component Designator: OldDesignator=R10 NewDesignator=R11
Change Component Designator: OldDesignator=R11 NewDesignator=R12
Change Component Designator: OldDesignator=R12 NewDesignator=R13
Change Component Designator: OldDesignator=R13 NewDesignator=R14
Change Component Designator: OldDesignator=R14 NewDesignator=R15
Change Component Designator: OldDesignator=R15 NewDesignator=R16
Change Component Designator: OldDesignator=R16 NewDesignator=R17
Change Component Designator: OldDesignator=R? NewDesignator=R9
Change Component Designator: OldDesignator=U3 NewDesignator=U4
Change Component Designator: OldDesignator=U4 NewDesignator=U5
Change Component Designator: OldDesignator=U5 NewDesignator=U6
Change Component Designator: OldDesignator=U6 NewDesignator=U7
Change Component Designator: OldDesignator=U7 NewDesignator=U8
Added Component: Designator=U3(SOT-23-6M)
Added Pin To Net: NetName=USB_N Pin=U3-1
Added Pin To Net: NetName=DGND Pin=U3-2
Added Pin To Net: NetName=5V Pin=U3-5
Added Pin To Net: NetName=USB_P Pin=U3-6
Change Net Name : Old Net Name=Net2P_1 New Net Name=Net1_1
Change Net Name : Old Net Name=Net2P_2 New Net Name=Net1_2
Change Net Name : Old Net Name=Net2P_3 New Net Name=Net1_3
Change Net Name : Old Net Name=Net2P_4 New Net Name=Net1_4
Change Net Name : Old Net Name=Net2P_5 New Net Name=Net1_5
Change Net Name : Old Net Name=Net2P_6 New Net Name=Net1_6
Change Net Name : Old Net Name=Net2P_7 New Net Name=Net1_7
Change Net Name : Old Net Name=Net2P_8 New Net Name=Net1_8
Change Net Name : Old Net Name=Net2P_9 New Net Name=Net1_9
Change Net Name : Old Net Name=Net2P_10 New Net Name=Net1_10
Change Net Name : Old Net Name=Net2P_11 New Net Name=Net1_11
Change Net Name : Old Net Name=Net2P_12 New Net Name=Net1_12
Change Net Name : Old Net Name=Net2P_13 New Net Name=Net1_13
Change Net Name : Old Net Name=Net2P_14 New Net Name=Net1_14
Change Net Name : Old Net Name=Net2P_15 New Net Name=Net1_15
Change Net Name : Old Net Name=Net2P_16 New Net Name=Net1_16
Change Net Name : Old Net Name=Net2P_17 New Net Name=Net1_17
Change Net Name : Old Net Name=Net2P_18 New Net Name=Net1_18
Change Net Name : Old Net Name=Net2P_19 New Net Name=Net1_19
Change Net Name : Old Net Name=Net2P_20 New Net Name=Net1_20
Change Net Name : Old Net Name=Net2P_23 New Net Name=Net1_23
Change Net Name : Old Net Name=Net2P_24 New Net Name=Net1_24
Change Net Name : Old Net Name=Net2P_25 New Net Name=Net1_25
Change Net Name : Old Net Name=Net2P_26 New Net Name=Net1_26
Change Net Name : Old Net Name=Net2P_27 New Net Name=Net1_27
Change Net Name : Old Net Name=Net2P_28 New Net Name=Net1_28
Change Net Name : Old Net Name=Net2P_29 New Net Name=Net1_29
Change Net Name : Old Net Name=Net2P_30 New Net Name=Net1_30
Change Net Name : Old Net Name=Net2P_31 New Net Name=Net1_31
Change Net Name : Old Net Name=Net2P_32 New Net Name=Net1_32
Change Net Name : Old Net Name=NetC16_1 New Net Name=NetC17_1
Change Net Name : Old Net Name=NetC20_1 New Net Name=NetC21_1
Change Net Name : Old Net Name=NetC21_1 New Net Name=NetC22_1
Change Net Name : Old Net Name=NetC22_1 New Net Name=NetC23_1
Change Net Name : Old Net Name=NetC24_1 New Net Name=NetC25_1
Change Net Name : Old Net Name=NetR1_2 New Net Name=NetR2_2
Added Member To Class: ClassName=DIGITAL_PART Member=Component R17 10K
Added Member To Class: ClassName=DIGITAL_PART Member=Component U5 SP6201-3.3
