Removed Pin From Net: NetName=5V Pin=C11-1
Removed Pin From Net: NetName=DGND Pin=C11-2
Removed Pin From Net: NetName=3V3 Pin=C12-1
Removed Pin From Net: NetName=DGND Pin=C12-2
Removed Pin From Net: NetName=DGND Pin=Q3-2
Removed Pin From Net: NetName=DGND Pin=R15-1
Removed Pin From Net: NetName=5V Pin=U5-1
Removed Pin From Net: NetName=DGND Pin=U5-2
Removed Pin From Net: NetName=5V Pin=U5-3
Removed Pin From Net: NetName=3V3 Pin=U5-5
Added Component: Designator=C11(CD A(3216))
Add component (AddParameter): Name = "BOM名称"; Value = "贴片钽电容"; VariantName = "[No Variations]"
Add component (AddParameter): Name = "学习资源"; Value = "www.ooocke.com"; VariantName = "[No Variations]"
Add component (AddParameter): Name = "版权归属"; Value = "源创客"; VariantName = "[No Variations]"
Added Component: Designator=C12(CD A(3216))
Add component (AddParameter): Name = "BOM名称"; Value = "贴片钽电容"; VariantName = "[No Variations]"
Add component (AddParameter): Name = "学习资源"; Value = "www.ooocke.com"; VariantName = "[No Variations]"
Add component (AddParameter): Name = "版权归属"; Value = "源创客"; VariantName = "[No Variations]"
Added Component: Designator=C26(C 0603_L)
Add component (AddParameter): Name = "BOM名称"; Value = "无极性贴片电容"; VariantName = "[No Variations]"
Add component (AddParameter): Name = "学习资源"; Value = "www.ooocke.com"; VariantName = "[No Variations]"
Add component (AddParameter): Name = "版权归属"; Value = "源创客"; VariantName = "[No Variations]"
Added Component: Designator=C27(C 0603_L)
Add component (AddParameter): Name = "BOM名称"; Value = "无极性贴片电容"; VariantName = "[No Variations]"
Add component (AddParameter): Name = "学习资源"; Value = "www.ooocke.com"; VariantName = "[No Variations]"
Add component (AddParameter): Name = "版权归属"; Value = "源创客"; VariantName = "[No Variations]"
Added Component: Designator=U5(SOT-223)
Added Pin To Net: NetName=5V Pin=C11-1
Added Pin To Net: NetName=DGND Pin=C11-2
Added Pin To Net: NetName=3V3 Pin=C12-1
Added Pin To Net: NetName=DGND Pin=C12-2
Added Pin To Net: NetName=DGND Pin=C26-1
Added Pin To Net: NetName=5V Pin=C26-2
Added Pin To Net: NetName=DGND Pin=C27-1
Added Pin To Net: NetName=3V3 Pin=C27-2
Added Pin To Net: NetName=DGND Pin=U5-1
Added Pin To Net: NetName=3V3 Pin=U5-2
Added Pin To Net: NetName=3V3 Pin=U5-2
Added Pin To Net: NetName=5V Pin=U5-3
Added Pin To Net: NetName=Net2P_2 Pin=2P-2
Added Pin To Net: NetName=Net2P_2 Pin=2P-6
Added Pin To Net: NetName=Net2P_2 Pin=U2-37
Added Net: Name=Net2P_2
Added Pin To Net: NetName=Net2P_3 Pin=2P-3
Added Pin To Net: NetName=Net2P_3 Pin=U2-40
Added Net: Name=Net2P_3
Added Pin To Net: NetName=Net2P_4 Pin=2P-4
Added Pin To Net: NetName=Net2P_4 Pin=U2-39
Added Net: Name=Net2P_4
Added Pin To Net: NetName=Net2P_5 Pin=2P-5
Added Pin To Net: NetName=Net2P_5 Pin=U2-38
Added Net: Name=Net2P_5
Added Pin To Net: NetName=NetQ3_2 Pin=Q3-2
Added Pin To Net: NetName=NetQ3_2 Pin=R15-1
Added Net: Name=NetQ3_2
Added Member To Class: ClassName=DIGITAL_PART Member=Component C26 100nF
Added Member To Class: ClassName=DIGITAL_PART Member=Component C27 100nF
