Change Component Comment : Designator=C10 Old Comment=1uF New Comment=0.1uF
Added Component: Designator=2P(FPC1.25A-LI-36P)
Add component (AddParameter): Name = "BOM名称"; Value = "FPC连接器"; VariantName = "[No Variations]"
Add component (AddParameter): Name = "学习资源"; Value = "www.ooocke.com"; VariantName = "[No Variations]"
Add component (AddParameter): Name = "版权归属"; Value = "源创客"; VariantName = "[No Variations]"
Added Pin To Net: NetName=SCK Pin=2P-21
Added Pin To Net: NetName=SDA Pin=2P-22
Added Pin To Net: NetName=5V Pin=2P-33
Added Pin To Net: NetName=5V Pin=2P-34
Added Pin To Net: NetName=DGND Pin=2P-35
Added Pin To Net: NetName=DGND Pin=2P-36
Change Net Name : Old Net Name=Net1_6 New Net Name=NetU2_62
Added Pin To Net: NetName=Net2P_1 Pin=2P-1
Added Pin To Net: NetName=Net2P_1 Pin=U2-37
Added Net: Name=Net2P_1
Added Pin To Net: NetName=Net2P_2 Pin=2P-2
Added Pin To Net: NetName=Net2P_2 Pin=U2-53
Added Net: Name=Net2P_2
Added Pin To Net: NetName=Net2P_3 Pin=2P-3
Added Pin To Net: NetName=Net2P_3 Pin=U2-54
Added Net: Name=Net2P_3
Added Pin To Net: NetName=Net2P_4 Pin=2P-4
Added Pin To Net: NetName=Net2P_4 Pin=U2-58
Added Net: Name=Net2P_4
Added Pin To Net: NetName=Net2P_5 Pin=2P-5
Added Pin To Net: NetName=Net2P_5 Pin=U2-61
Added Net: Name=Net2P_5
Added Pin To Net: NetName=Net2P_6 Pin=2P-6
Added Net: Name=Net2P_6
Added Pin To Net: NetName=Net2P_7 Pin=2P-7
Added Pin To Net: NetName=Net2P_7 Pin=U2-67
Added Net: Name=Net2P_7
Added Pin To Net: NetName=Net2P_8 Pin=2P-8
Added Pin To Net: NetName=Net2P_8 Pin=U2-65
Added Net: Name=Net2P_8
Added Pin To Net: NetName=Net2P_9 Pin=2P-9
Added Pin To Net: NetName=Net2P_9 Pin=U2-66
Added Net: Name=Net2P_9
Added Pin To Net: NetName=Net2P_10 Pin=2P-10
Added Pin To Net: NetName=Net2P_10 Pin=U2-68
Added Net: Name=Net2P_10
Added Pin To Net: NetName=Net2P_11 Pin=2P-11
Added Pin To Net: NetName=Net2P_11 Pin=U2-69
Added Net: Name=Net2P_11
Added Pin To Net: NetName=Net2P_12 Pin=2P-12
Added Pin To Net: NetName=Net2P_12 Pin=U2-78
Added Net: Name=Net2P_12
Added Pin To Net: NetName=Net2P_13 Pin=2P-13
Added Pin To Net: NetName=Net2P_13 Pin=U2-79
Added Net: Name=Net2P_13
Added Pin To Net: NetName=Net2P_14 Pin=2P-14
Added Pin To Net: NetName=Net2P_14 Pin=U2-80
Added Net: Name=Net2P_14
Added Pin To Net: NetName=Net2P_15 Pin=2P-15
Added Pin To Net: NetName=Net2P_15 Pin=U2-81
Added Net: Name=Net2P_15
Added Pin To Net: NetName=Net2P_16 Pin=2P-16
Added Pin To Net: NetName=Net2P_16 Pin=U2-82
Added Net: Name=Net2P_16
Added Pin To Net: NetName=Net2P_17 Pin=2P-17
Added Pin To Net: NetName=Net2P_17 Pin=U2-83
Added Net: Name=Net2P_17
Added Pin To Net: NetName=Net2P_18 Pin=2P-18
Added Pin To Net: NetName=Net2P_18 Pin=U2-85
Added Net: Name=Net2P_18
Added Pin To Net: NetName=Net2P_19 Pin=2P-19
Added Pin To Net: NetName=Net2P_19 Pin=U2-86
Added Net: Name=Net2P_19
Added Pin To Net: NetName=Net2P_20 Pin=2P-20
Added Pin To Net: NetName=Net2P_20 Pin=U2-88
Added Net: Name=Net2P_20
Added Pin To Net: NetName=Net2P_23 Pin=2P-23
Added Pin To Net: NetName=Net2P_23 Pin=U2-98
Added Net: Name=Net2P_23
Added Pin To Net: NetName=Net2P_24 Pin=2P-24
Added Pin To Net: NetName=Net2P_24 Pin=U2-97
Added Net: Name=Net2P_24
Added Pin To Net: NetName=Net2P_25 Pin=2P-25
Added Pin To Net: NetName=Net2P_25 Pin=U2-1
Added Net: Name=Net2P_25
Added Pin To Net: NetName=Net2P_26 Pin=2P-26
Added Pin To Net: NetName=Net2P_26 Pin=U2-2
Added Net: Name=Net2P_26
Added Pin To Net: NetName=Net2P_27 Pin=2P-27
Added Pin To Net: NetName=Net2P_27 Pin=U2-3
Added Net: Name=Net2P_27
Added Pin To Net: NetName=Net2P_28 Pin=2P-28
Added Pin To Net: NetName=Net2P_28 Pin=U2-4
Added Net: Name=Net2P_28
Added Pin To Net: NetName=Net2P_29 Pin=2P-29
Added Pin To Net: NetName=Net2P_29 Pin=U2-5
Added Net: Name=Net2P_29
Added Pin To Net: NetName=Net2P_30 Pin=2P-30
Added Pin To Net: NetName=Net2P_30 Pin=U2-7
Added Net: Name=Net2P_30
Added Pin To Net: NetName=Net2P_31 Pin=2P-31
Added Pin To Net: NetName=Net2P_31 Pin=U2-8
Added Net: Name=Net2P_31
Added Pin To Net: NetName=Net2P_32 Pin=2P-32
Added Pin To Net: NetName=Net2P_32 Pin=U2-9
Added Net: Name=Net2P_32
Added Member To Class: ClassName=DIGITAL_PART Member=Component 2P FPC1.0-36P
Added Member To Class: ClassName=DIGITAL_PART Member=Component C11 10uF
Added Member To Class: ClassName=DIGITAL_PART Member=Component C14 100nF
Added Member To Class: ClassName=DIGITAL_PART Member=Component R9 10K
Added Member To Class: ClassName=DIGITAL_PART Member=Component R12 5K
Added Member To Class: ClassName=DIGITAL_PART Member=Component R14 20K
Added Member To Class: ClassName=DIGITAL_PART Member=Component R16 10K
