Removed Member From Class: ClassName=DIGITAL_PART Member=C26
Change Component Footprint: Designator=D1 Old Footprint=SMA New Footprint=SOD-323
Change Component Comment : Designator=D1 Old Comment=SS34 New Comment=B5919WS
Change Component Designator: OldDesignator=2P NewDesignator=1
Change Component Designator: OldDesignator=C9 NewDesignator=C10
Change Component Designator: OldDesignator=C10 NewDesignator=C9
Change Component Designator: OldDesignator=C13 NewDesignator=C14
Change Component Designator: OldDesignator=C14 NewDesignator=C15
Change Component Designator: OldDesignator=C15 NewDesignator=C16
Change Component Designator: OldDesignator=C16 NewDesignator=C17
Change Component Designator: OldDesignator=C17 NewDesignator=C18
Change Component Designator: OldDesignator=C18 NewDesignator=C19
Change Component Designator: OldDesignator=C19 NewDesignator=C20
Change Component Designator: OldDesignator=C20 NewDesignator=C21
Change Component Designator: OldDesignator=C21 NewDesignator=C22
Change Component Designator: OldDesignator=C22 NewDesignator=C23
Change Component Designator: OldDesignator=C23 NewDesignator=C24
Change Component Designator: OldDesignator=C24 NewDesignator=C25
Change Component Designator: OldDesignator=C25 NewDesignator=C26
Change Component Designator: OldDesignator=C26 NewDesignator=C13
Change Component Designator: OldDesignator=R1 NewDesignator=R2
Change Component Designator: OldDesignator=R2 NewDesignator=R1
Change Net Name : Old Net Name=Net2P_2 New Net Name=Net1_2
Change Net Name : Old Net Name=Net2P_3 New Net Name=Net1_3
Change Net Name : Old Net Name=Net2P_4 New Net Name=Net1_4
Change Net Name : Old Net Name=Net2P_5 New Net Name=Net1_5
Change Net Name : Old Net Name=Net2P_7 New Net Name=Net1_7
Change Net Name : Old Net Name=Net2P_8 New Net Name=Net1_8
Change Net Name : Old Net Name=Net2P_9 New Net Name=Net1_9
Change Net Name : Old Net Name=Net2P_10 New Net Name=Net1_10
Change Net Name : Old Net Name=Net2P_11 New Net Name=Net1_11
Change Net Name : Old Net Name=Net2P_12 New Net Name=Net1_12
Change Net Name : Old Net Name=Net2P_13 New Net Name=Net1_13
Change Net Name : Old Net Name=Net2P_14 New Net Name=Net1_14
Change Net Name : Old Net Name=Net2P_15 New Net Name=Net1_15
Change Net Name : Old Net Name=Net2P_16 New Net Name=Net1_16
Change Net Name : Old Net Name=Net2P_17 New Net Name=Net1_17
Change Net Name : Old Net Name=Net2P_18 New Net Name=Net1_18
Change Net Name : Old Net Name=Net2P_19 New Net Name=Net1_19
Change Net Name : Old Net Name=Net2P_20 New Net Name=Net1_20
Change Net Name : Old Net Name=Net2P_21 New Net Name=Net1_21
Change Net Name : Old Net Name=Net2P_22 New Net Name=Net1_22
Change Net Name : Old Net Name=Net2P_23 New Net Name=Net1_23
Change Net Name : Old Net Name=Net2P_24 New Net Name=Net1_24
Change Net Name : Old Net Name=Net2P_27 New Net Name=Net1_27
Change Net Name : Old Net Name=Net2P_28 New Net Name=Net1_28
Change Net Name : Old Net Name=Net2P_29 New Net Name=Net1_29
Change Net Name : Old Net Name=Net2P_30 New Net Name=Net1_30
Change Net Name : Old Net Name=Net2P_31 New Net Name=Net1_31
Change Net Name : Old Net Name=Net2P_32 New Net Name=Net1_32
Change Net Name : Old Net Name=Net2P_33 New Net Name=Net1_33
Change Net Name : Old Net Name=Net2P_34 New Net Name=Net1_34
Change Net Name : Old Net Name=Net2P_35 New Net Name=Net1_35
Change Net Name : Old Net Name=Net2P_36 New Net Name=Net1_36
Change Net Name : Old Net Name=NetC9_2 New Net Name=NetC10_2
Change Net Name : Old Net Name=NetC10_2 New Net Name=NetC9_2
Change Net Name : Old Net Name=NetC17_1 New Net Name=NetC18_1
Change Net Name : Old Net Name=NetC21_1 New Net Name=NetC22_1
Change Net Name : Old Net Name=NetC22_1 New Net Name=NetC23_1
Change Net Name : Old Net Name=NetC23_1 New Net Name=NetC24_1
Change Net Name : Old Net Name=NetC25_1 New Net Name=NetC26_1
Change Net Name : Old Net Name=NetR2_2 New Net Name=NetR1_2
Added Member To Class: ClassName=DIGITAL_PART Member=Component C17 100nF
